2020-03-05T05:58:23+00:00 CRITICAL Uncaught Error: Using $this when not in object context in C:\xampp\htdocs\newnordichome\wp-content\themes\shop-isle\inc\admin\get_mapping_status.php:16
Stack trace:
#0 C:\xampp\htdocs\newnordichome\wp-content\themes\shop-isle\inc\admin\milcom_mapping.php(29): getMappingDropdownValues('externalDocNo')
#1 C:\xampp\htdocs\newnordichome\wp-content\themes\shop-isle\functions.php(135): require_once('C:\\xampp\\htdocs...')
#2 C:\xampp\htdocs\newnordichome\wp-includes\class-wp-hook.php(288): registration_callback('')
#3 C:\xampp\htdocs\newnordichome\wp-includes\class-wp-hook.php(312): WP_Hook->apply_filters('', Array)
#4 C:\xampp\htdocs\newnordichome\wp-includes\plugin.php(478): WP_Hook->do_action(Array)
#5 C:\xampp\htdocs\newnordichome\wp-admin\admin.php(254): do_action('toplevel_page_s...')
#6 {main}
  thrown i C:\xampp\htdocs\newnordichome\wp-content\themes\shop-isle\inc\admin\get_mapping_status.php på linje 16

2020-03-05T07:09:35+00:00 CRITICAL Uncaught SoapFault exception: [WSDL] SOAP-ERROR: Parsing WSDL: Couldn't load from 'http://83.91.84.146:7049/DynamicsNAV/WS/7000%20New%20Nordic%20Home/Codeunit/NewNordicHome' : Document is empty
 in C:\xampp\htdocs\newnordichome\ntlm2.php:186
Stack trace:
#0 C:\xampp\htdocs\newnordichome\ntlm2.php(186): SoapClient->SoapClient('http://83.91.84...')
#1 C:\xampp\htdocs\newnordichome\wp-content\themes\shop-isle\inc\admin\milcom_order_api.php(2): require_once('C:\\xampp\\htdocs...')
#2 C:\xampp\htdocs\newnordichome\wp-content\themes\shop-isle\functions.php(71): require_once('C:\\xampp\\htdocs...')
#3 C:\xampp\htdocs\newnordichome\wp-includes\class-wp-hook.php(288): custom_orders_list_column_content('order_number', 13993)
#4 C:\xampp\htdocs\newnordichome\wp-includes\class-wp-hook.php(312): WP_Hook->apply_filters(NULL, Array)
#5 C:\xampp\htdocs\newnordichome\wp-includes\plugin.php(478): WP_Hook->do_action(Array)
#6 C:\xampp\htdocs\newnordichome\wp-admin\includes\class-wp-posts-list-table.php(1265): do_action('manage_ i C:\xampp\htdocs\newnordichome\ntlm2.php på linje 186

2020-03-05T07:11:49+00:00 CRITICAL Uncaught SoapFault exception: [WSDL] SOAP-ERROR: Parsing WSDL: Couldn't load from 'http://83.91.84.146:7049/DynamicsNAV/WS/7000%20New%20Nordic%20Home/Codeunit/NewNordicHome' : Document is empty
 in C:\xampp\htdocs\newnordichome\ntlm2.php:186
Stack trace:
#0 C:\xampp\htdocs\newnordichome\ntlm2.php(186): SoapClient->SoapClient('http://83.91.84...')
#1 C:\xampp\htdocs\newnordichome\wp-content\themes\shop-isle\inc\admin\milcom_order_api.php(19): require_once('C:\\xampp\\htdocs...')
#2 C:\xampp\htdocs\newnordichome\wp-content\themes\shop-isle\functions.php(84): Milcom_Order_Table->getMilcomeOrderStatus(13993)
#3 C:\xampp\htdocs\newnordichome\wp-includes\class-wp-hook.php(288): custom_orders_list_column_content('my-column1', 13993)
#4 C:\xampp\htdocs\newnordichome\wp-includes\class-wp-hook.php(312): WP_Hook->apply_filters(NULL, Array)
#5 C:\xampp\htdocs\newnordichome\wp-includes\plugin.php(478): WP_Hook->do_action(Array)
#6 C:\xampp\htdocs\newnordichome\wp-admin\includes\class-wp-posts-list-table.php(1265): do_acti i C:\xampp\htdocs\newnordichome\ntlm2.php på linje 186

2020-03-05T07:23:00+00:00 CRITICAL Uncaught Error: Call to a member function get_results() on null in C:\xampp\htdocs\newnordichome\wp-content\themes\shop-isle\inc\admin\milcom_order_api.php:49
Stack trace:
#0 C:\xampp\htdocs\newnordichome\wp-content\themes\shop-isle\functions.php(84): Milcom_Order_Table->getMilcomeOrderStatus(13993)
#1 C:\xampp\htdocs\newnordichome\wp-includes\class-wp-hook.php(288): custom_orders_list_column_content('my-column1', 13993)
#2 C:\xampp\htdocs\newnordichome\wp-includes\class-wp-hook.php(312): WP_Hook->apply_filters(NULL, Array)
#3 C:\xampp\htdocs\newnordichome\wp-includes\plugin.php(478): WP_Hook->do_action(Array)
#4 C:\xampp\htdocs\newnordichome\wp-admin\includes\class-wp-posts-list-table.php(1265): do_action('manage_shop_ord...', 'my-column1', 13993)
#5 C:\xampp\htdocs\newnordichome\wp-admin\includes\class-wp-list-table.php(1361): WP_Posts_List_Table->column_default(Object(WP_Post), 'my-column1')
#6 C:\xampp\htdocs\newnordichome\wp-admin\includes\class-wp-posts-list-table.php(1298): WP_List_Table->single_row_co i C:\xampp\htdocs\newnordichome\wp-content\themes\shop-isle\inc\admin\milcom_order_api.php på linje 49

2020-03-05T07:34:46+00:00 CRITICAL Uncaught Error: Call to a member function get_data() on boolean in C:\xampp\htdocs\newnordichome\wp-content\themes\shop-isle\functions.php:74
Stack trace:
#0 C:\xampp\htdocs\newnordichome\wp-includes\class-wp-hook.php(288): custom_orders_list_column_content('order_number', 13993)
#1 C:\xampp\htdocs\newnordichome\wp-includes\class-wp-hook.php(312): WP_Hook->apply_filters(NULL, Array)
#2 C:\xampp\htdocs\newnordichome\wp-includes\plugin.php(478): WP_Hook->do_action(Array)
#3 C:\xampp\htdocs\newnordichome\wp-admin\includes\class-wp-posts-list-table.php(1265): do_action('manage_shop_ord...', 'order_number', 13993)
#4 C:\xampp\htdocs\newnordichome\wp-admin\includes\class-wp-list-table.php(1361): WP_Posts_List_Table->column_default(Object(WP_Post), 'order_number')
#5 C:\xampp\htdocs\newnordichome\wp-admin\includes\class-wp-posts-list-table.php(1298): WP_List_Table->single_row_columns(Object(WP_Post))
#6 C:\xampp\htdocs\newnordichome\wp-admin\includes\class-wp-posts-list-table.php(741): WP_Posts_List_Table->single_ro i C:\xampp\htdocs\newnordichome\wp-content\themes\shop-isle\functions.php på linje 74

2020-03-05T07:35:25+00:00 CRITICAL Uncaught Error: Call to a member function __soapCall() on null in C:\xampp\htdocs\newnordichome\wp-content\themes\shop-isle\functions.php:81
Stack trace:
#0 C:\xampp\htdocs\newnordichome\wp-includes\class-wp-hook.php(288): custom_orders_list_column_content('order_date', 13993)
#1 C:\xampp\htdocs\newnordichome\wp-includes\class-wp-hook.php(312): WP_Hook->apply_filters(NULL, Array)
#2 C:\xampp\htdocs\newnordichome\wp-includes\plugin.php(478): WP_Hook->do_action(Array)
#3 C:\xampp\htdocs\newnordichome\wp-admin\includes\class-wp-posts-list-table.php(1265): do_action('manage_shop_ord...', 'order_date', 13993)
#4 C:\xampp\htdocs\newnordichome\wp-admin\includes\class-wp-list-table.php(1361): WP_Posts_List_Table->column_default(Object(WP_Post), 'order_date')
#5 C:\xampp\htdocs\newnordichome\wp-admin\includes\class-wp-posts-list-table.php(1298): WP_List_Table->single_row_columns(Object(WP_Post))
#6 C:\xampp\htdocs\newnordichome\wp-admin\includes\class-wp-posts-list-table.php(741): WP_Posts_List_Table->single_row(Objec i C:\xampp\htdocs\newnordichome\wp-content\themes\shop-isle\functions.php på linje 81

2020-03-05T07:41:14+00:00 CRITICAL Uncaught Error: Call to a member function __soapCall() on null in C:\xampp\htdocs\newnordichome\wp-content\themes\shop-isle\functions.php:82
Stack trace:
#0 C:\xampp\htdocs\newnordichome\wp-includes\class-wp-hook.php(288): custom_orders_list_column_content('order_date', 13993)
#1 C:\xampp\htdocs\newnordichome\wp-includes\class-wp-hook.php(312): WP_Hook->apply_filters(NULL, Array)
#2 C:\xampp\htdocs\newnordichome\wp-includes\plugin.php(478): WP_Hook->do_action(Array)
#3 C:\xampp\htdocs\newnordichome\wp-admin\includes\class-wp-posts-list-table.php(1265): do_action('manage_shop_ord...', 'order_date', 13993)
#4 C:\xampp\htdocs\newnordichome\wp-admin\includes\class-wp-list-table.php(1361): WP_Posts_List_Table->column_default(Object(WP_Post), 'order_date')
#5 C:\xampp\htdocs\newnordichome\wp-admin\includes\class-wp-posts-list-table.php(1298): WP_List_Table->single_row_columns(Object(WP_Post))
#6 C:\xampp\htdocs\newnordichome\wp-admin\includes\class-wp-posts-list-table.php(741): WP_Posts_List_Table->single_row(Objec i C:\xampp\htdocs\newnordichome\wp-content\themes\shop-isle\functions.php på linje 82

2020-03-05T08:24:35+00:00 CRITICAL Uncaught Error: Call to undefined function test() in C:\xampp\htdocs\newnordichome\wp-content\themes\shop-isle\functions.php:74
Stack trace:
#0 C:\xampp\htdocs\newnordichome\wp-includes\class-wp-hook.php(288): custom_orders_list_column_content('order_number', 13993)
#1 C:\xampp\htdocs\newnordichome\wp-includes\class-wp-hook.php(312): WP_Hook->apply_filters(NULL, Array)
#2 C:\xampp\htdocs\newnordichome\wp-includes\plugin.php(478): WP_Hook->do_action(Array)
#3 C:\xampp\htdocs\newnordichome\wp-admin\includes\class-wp-posts-list-table.php(1265): do_action('manage_shop_ord...', 'order_number', 13993)
#4 C:\xampp\htdocs\newnordichome\wp-admin\includes\class-wp-list-table.php(1361): WP_Posts_List_Table->column_default(Object(WP_Post), 'order_number')
#5 C:\xampp\htdocs\newnordichome\wp-admin\includes\class-wp-posts-list-table.php(1298): WP_List_Table->single_row_columns(Object(WP_Post))
#6 C:\xampp\htdocs\newnordichome\wp-admin\includes\class-wp-posts-list-table.php(741): WP_Posts_List_Table->single_row(Object(WP_Po i C:\xampp\htdocs\newnordichome\wp-content\themes\shop-isle\functions.php på linje 74

2020-03-05T08:33:19+00:00 CRITICAL Uncaught Error: Call to a member function __soapCall() on null in C:\xampp\htdocs\newnordichome\wp-content\themes\shop-isle\functions.php:85
Stack trace:
#0 C:\xampp\htdocs\newnordichome\wp-includes\class-wp-hook.php(288): custom_orders_list_column_content('order_date', 13993)
#1 C:\xampp\htdocs\newnordichome\wp-includes\class-wp-hook.php(312): WP_Hook->apply_filters(NULL, Array)
#2 C:\xampp\htdocs\newnordichome\wp-includes\plugin.php(478): WP_Hook->do_action(Array)
#3 C:\xampp\htdocs\newnordichome\wp-admin\includes\class-wp-posts-list-table.php(1265): do_action('manage_shop_ord...', 'order_date', 13993)
#4 C:\xampp\htdocs\newnordichome\wp-admin\includes\class-wp-list-table.php(1361): WP_Posts_List_Table->column_default(Object(WP_Post), 'order_date')
#5 C:\xampp\htdocs\newnordichome\wp-admin\includes\class-wp-posts-list-table.php(1298): WP_List_Table->single_row_columns(Object(WP_Post))
#6 C:\xampp\htdocs\newnordichome\wp-admin\includes\class-wp-posts-list-table.php(741): WP_Posts_List_Table->single_row(Objec i C:\xampp\htdocs\newnordichome\wp-content\themes\shop-isle\functions.php på linje 85

2020-03-05T08:40:12+00:00 CRITICAL Uncaught ArgumentCountError: Too few arguments to function isMilcomItem(), 1 passed in C:\xampp\htdocs\newnordichome\wp-content\themes\shop-isle\functions.php on line 84 and exactly 2 expected in C:\xampp\htdocs\newnordichome\wp-content\themes\shop-isle\inc\admin\get-milcom-item-info.php:203
Stack trace:
#0 C:\xampp\htdocs\newnordichome\wp-content\themes\shop-isle\functions.php(84): isMilcomItem('MKDA031/3078700...')
#1 C:\xampp\htdocs\newnordichome\wp-includes\class-wp-hook.php(288): custom_orders_list_column_content('order_number', 13993)
#2 C:\xampp\htdocs\newnordichome\wp-includes\class-wp-hook.php(312): WP_Hook->apply_filters(NULL, Array)
#3 C:\xampp\htdocs\newnordichome\wp-includes\plugin.php(478): WP_Hook->do_action(Array)
#4 C:\xampp\htdocs\newnordichome\wp-admin\includes\class-wp-posts-list-table.php(1265): do_action('manage_shop_ord...', 'order_number', 13993)
#5 C:\xampp\htdocs\newnordichome\wp-admin\includes\class-wp-list-table.php(1361): WP_Posts_List_Table->column_default(Object(WP_Post), 'order i C:\xampp\htdocs\newnordichome\wp-content\themes\shop-isle\inc\admin\get-milcom-item-info.php på linje 203

2020-03-05T08:53:03+00:00 CRITICAL Uncaught SoapFault exception: [WSDL] SOAP-ERROR: Parsing WSDL: Couldn't load from 'http://83.91.84.146:7049/DynamicsNAV/WS/7000%20New%20Nordic%20Home/Codeunit/NewNordicHome' : failed to load external entity "http://83.91.84.146:7049/DynamicsNAV/WS/7000%20New%20Nordic%20Home/Codeunit/NewNordicHome"
 in C:\xampp\htdocs\newnordichome\wp-content\themes\shop-isle\functions.php:76
Stack trace:
#0 C:\xampp\htdocs\newnordichome\wp-content\themes\shop-isle\functions.php(76): SoapClient->SoapClient('http://83.91.84...')
#1 C:\xampp\htdocs\newnordichome\wp-includes\class-wp-hook.php(288): custom_orders_list_column_content('order_number', 13993)
#2 C:\xampp\htdocs\newnordichome\wp-includes\class-wp-hook.php(312): WP_Hook->apply_filters(NULL, Array)
#3 C:\xampp\htdocs\newnordichome\wp-includes\plugin.php(478): WP_Hook->do_action(Array)
#4 C:\xampp\htdocs\newnordichome\wp-admin\includes\class-wp-posts-list-table.php(1265): do_action('manage_shop_ord...', 'order_number', 13993)
#5 C:\xampp\htdocs\newnordichome\wp-admin\incl i C:\xampp\htdocs\newnordichome\wp-content\themes\shop-isle\functions.php på linje 76

2020-03-05T08:54:35+00:00 CRITICAL Uncaught SoapFault exception: [WSDL] SOAP-ERROR: Parsing WSDL: Couldn't load from 'http://83.91.84.146:7049/DynamicsNAV/WS/7000%20New%20Nordic%20Home/Codeunit/NewNordicHome' : failed to load external entity "http://83.91.84.146:7049/DynamicsNAV/WS/7000%20New%20Nordic%20Home/Codeunit/NewNordicHome"
 in C:\xampp\htdocs\newnordichome\wp-content\themes\shop-isle\functions.php:76
Stack trace:
#0 C:\xampp\htdocs\newnordichome\wp-content\themes\shop-isle\functions.php(76): SoapClient->SoapClient('http://83.91.84...')
#1 C:\xampp\htdocs\newnordichome\wp-includes\class-wp-hook.php(288): custom_orders_list_column_content('order_number', 13993)
#2 C:\xampp\htdocs\newnordichome\wp-includes\class-wp-hook.php(312): WP_Hook->apply_filters(NULL, Array)
#3 C:\xampp\htdocs\newnordichome\wp-includes\plugin.php(478): WP_Hook->do_action(Array)
#4 C:\xampp\htdocs\newnordichome\wp-admin\includes\class-wp-posts-list-table.php(1265): do_action('manage_shop_ord...', 'order_number', 13993)
#5 C:\xampp\htdocs\newnordichome\wp-admin\incl i C:\xampp\htdocs\newnordichome\wp-content\themes\shop-isle\functions.php på linje 76

2020-03-05T09:01:20+00:00 CRITICAL Uncaught SoapFault exception: [WSDL] SOAP-ERROR: Parsing WSDL: Couldn't load from 'http://83.91.84.146:7049/DynamicsNAV/WS/7000%20New%20Nordic%20Home/Codeunit/NewNordicHome' : failed to load external entity "http://83.91.84.146:7049/DynamicsNAV/WS/7000%20New%20Nordic%20Home/Codeunit/NewNordicHome"
 in C:\xampp\htdocs\newnordichome\wp-content\themes\shop-isle\functions.php:76
Stack trace:
#0 C:\xampp\htdocs\newnordichome\wp-content\themes\shop-isle\functions.php(76): SoapClient->SoapClient('http://83.91.84...')
#1 C:\xampp\htdocs\newnordichome\wp-includes\class-wp-hook.php(288): custom_orders_list_column_content('order_number', 13993)
#2 C:\xampp\htdocs\newnordichome\wp-includes\class-wp-hook.php(312): WP_Hook->apply_filters(NULL, Array)
#3 C:\xampp\htdocs\newnordichome\wp-includes\plugin.php(478): WP_Hook->do_action(Array)
#4 C:\xampp\htdocs\newnordichome\wp-admin\includes\class-wp-posts-list-table.php(1265): do_action('manage_shop_ord...', 'order_number', 13993)
#5 C:\xampp\htdocs\newnordichome\wp-admin\incl i C:\xampp\htdocs\newnordichome\wp-content\themes\shop-isle\functions.php på linje 76

2020-03-05T09:08:52+00:00 CRITICAL Uncaught Error: Call to a member function __soapCall() on null in C:\xampp\htdocs\newnordichome\get-milcom-item-info.php:209
Stack trace:
#0 C:\xampp\htdocs\newnordichome\wp-content\themes\shop-isle\functions.php(84): isMilcomItem('MKDA031/3078700...')
#1 C:\xampp\htdocs\newnordichome\wp-includes\class-wp-hook.php(288): custom_orders_list_column_content('order_number', 13993)
#2 C:\xampp\htdocs\newnordichome\wp-includes\class-wp-hook.php(312): WP_Hook->apply_filters(NULL, Array)
#3 C:\xampp\htdocs\newnordichome\wp-includes\plugin.php(478): WP_Hook->do_action(Array)
#4 C:\xampp\htdocs\newnordichome\wp-admin\includes\class-wp-posts-list-table.php(1265): do_action('manage_shop_ord...', 'order_number', 13993)
#5 C:\xampp\htdocs\newnordichome\wp-admin\includes\class-wp-list-table.php(1361): WP_Posts_List_Table->column_default(Object(WP_Post), 'order_number')
#6 C:\xampp\htdocs\newnordichome\wp-admin\includes\class-wp-posts-list-table.php(1298): WP_List_Table->single_row_columns(Object(WP_Post))
#7 C:\xampp\htdocs\ i C:\xampp\htdocs\newnordichome\get-milcom-item-info.php på linje 209

2020-03-05T09:18:06+00:00 CRITICAL Uncaught ArgumentCountError: Too few arguments to function isMilcomItem(), 0 passed in C:\xampp\htdocs\newnordichome\wp-content\themes\shop-isle\functions.php on line 75 and exactly 1 expected in C:\xampp\htdocs\newnordichome\get-milcom-item-info.php:207
Stack trace:
#0 C:\xampp\htdocs\newnordichome\wp-content\themes\shop-isle\functions.php(75): isMilcomItem()
#1 C:\xampp\htdocs\newnordichome\wp-includes\class-wp-hook.php(288): custom_orders_list_column_content('order_number', 13993)
#2 C:\xampp\htdocs\newnordichome\wp-includes\class-wp-hook.php(312): WP_Hook->apply_filters(NULL, Array)
#3 C:\xampp\htdocs\newnordichome\wp-includes\plugin.php(478): WP_Hook->do_action(Array)
#4 C:\xampp\htdocs\newnordichome\wp-admin\includes\class-wp-posts-list-table.php(1265): do_action('manage_shop_ord...', 'order_number', 13993)
#5 C:\xampp\htdocs\newnordichome\wp-admin\includes\class-wp-list-table.php(1361): WP_Posts_List_Table->column_default(Object(WP_Post), 'order_number')
#6 C:\xampp\htdocs\newnordichome\wp-admin\includ i C:\xampp\htdocs\newnordichome\get-milcom-item-info.php på linje 207

2020-03-05T09:18:51+00:00 CRITICAL Uncaught Error: Call to a member function __soapCall() on null in C:\xampp\htdocs\newnordichome\get-milcom-item-info.php:209
Stack trace:
#0 C:\xampp\htdocs\newnordichome\wp-content\themes\shop-isle\functions.php(75): isMilcomItem()
#1 C:\xampp\htdocs\newnordichome\wp-includes\class-wp-hook.php(288): custom_orders_list_column_content('order_number', 13993)
#2 C:\xampp\htdocs\newnordichome\wp-includes\class-wp-hook.php(312): WP_Hook->apply_filters(NULL, Array)
#3 C:\xampp\htdocs\newnordichome\wp-includes\plugin.php(478): WP_Hook->do_action(Array)
#4 C:\xampp\htdocs\newnordichome\wp-admin\includes\class-wp-posts-list-table.php(1265): do_action('manage_shop_ord...', 'order_number', 13993)
#5 C:\xampp\htdocs\newnordichome\wp-admin\includes\class-wp-list-table.php(1361): WP_Posts_List_Table->column_default(Object(WP_Post), 'order_number')
#6 C:\xampp\htdocs\newnordichome\wp-admin\includes\class-wp-posts-list-table.php(1298): WP_List_Table->single_row_columns(Object(WP_Post))
#7 C:\xampp\htdocs\newnordichome\wp-adm i C:\xampp\htdocs\newnordichome\get-milcom-item-info.php på linje 209

2020-03-05T09:19:58+00:00 CRITICAL Uncaught Error: Call to undefined function isMilcomItem() in C:\xampp\htdocs\newnordichome\wp-content\themes\shop-isle\functions.php:75
Stack trace:
#0 C:\xampp\htdocs\newnordichome\wp-includes\class-wp-hook.php(288): custom_orders_list_column_content('order_number', 13993)
#1 C:\xampp\htdocs\newnordichome\wp-includes\class-wp-hook.php(312): WP_Hook->apply_filters(NULL, Array)
#2 C:\xampp\htdocs\newnordichome\wp-includes\plugin.php(478): WP_Hook->do_action(Array)
#3 C:\xampp\htdocs\newnordichome\wp-admin\includes\class-wp-posts-list-table.php(1265): do_action('manage_shop_ord...', 'order_number', 13993)
#4 C:\xampp\htdocs\newnordichome\wp-admin\includes\class-wp-list-table.php(1361): WP_Posts_List_Table->column_default(Object(WP_Post), 'order_number')
#5 C:\xampp\htdocs\newnordichome\wp-admin\includes\class-wp-posts-list-table.php(1298): WP_List_Table->single_row_columns(Object(WP_Post))
#6 C:\xampp\htdocs\newnordichome\wp-admin\includes\class-wp-posts-list-table.php(741): WP_Posts_List_Table->single_row(Obje i C:\xampp\htdocs\newnordichome\wp-content\themes\shop-isle\functions.php på linje 75

2020-03-05T09:55:57+00:00 CRITICAL Cannot declare class NTLMSoapClient, because the name is already in use i C:\xampp\htdocs\newnordichome\get-milcom-item-info.php på linje 178

2020-03-05T09:59:28+00:00 CRITICAL Uncaught Error: Using $this when not in object context in C:\xampp\htdocs\newnordichome\wp-content\themes\shop-isle\functions.php:37
Stack trace:
#0 C:\xampp\htdocs\newnordichome\wp-settings.php(497): include()
#1 C:\xampp\htdocs\newnordichome\wp-config.php(85): require_once('C:\\xampp\\htdocs...')
#2 C:\xampp\htdocs\newnordichome\wp-load.php(37): require_once('C:\\xampp\\htdocs...')
#3 C:\xampp\htdocs\newnordichome\wp-cron.php(44): require_once('C:\\xampp\\htdocs...')
#4 {main}
  thrown i C:\xampp\htdocs\newnordichome\wp-content\themes\shop-isle\functions.php på linje 37

2020-03-05T09:59:31+00:00 CRITICAL Uncaught Error: Using $this when not in object context in C:\xampp\htdocs\newnordichome\wp-content\themes\shop-isle\functions.php:37
Stack trace:
#0 C:\xampp\htdocs\newnordichome\wp-settings.php(497): include()
#1 C:\xampp\htdocs\newnordichome\wp-config.php(85): require_once('C:\\xampp\\htdocs...')
#2 C:\xampp\htdocs\newnordichome\wp-load.php(37): require_once('C:\\xampp\\htdocs...')
#3 C:\xampp\htdocs\newnordichome\wp-blog-header.php(13): require_once('C:\\xampp\\htdocs...')
#4 C:\xampp\htdocs\newnordichome\index.php(17): require('C:\\xampp\\htdocs...')
#5 {main}
  thrown i C:\xampp\htdocs\newnordichome\wp-content\themes\shop-isle\functions.php på linje 37

2020-03-05T09:59:31+00:00 CRITICAL Uncaught Error: Using $this when not in object context in C:\xampp\htdocs\newnordichome\wp-content\themes\shop-isle\functions.php:37
Stack trace:
#0 C:\xampp\htdocs\newnordichome\wp-settings.php(497): include()
#1 C:\xampp\htdocs\newnordichome\wp-config.php(85): require_once('C:\\xampp\\htdocs...')
#2 C:\xampp\htdocs\newnordichome\wp-load.php(37): require_once('C:\\xampp\\htdocs...')
#3 C:\xampp\htdocs\newnordichome\wp-blog-header.php(13): require_once('C:\\xampp\\htdocs...')
#4 C:\xampp\htdocs\newnordichome\index.php(17): require('C:\\xampp\\htdocs...')
#5 {main}
  thrown i C:\xampp\htdocs\newnordichome\wp-content\themes\shop-isle\functions.php på linje 37

2020-03-05T09:59:37+00:00 CRITICAL Uncaught Error: Using $this when not in object context in C:\xampp\htdocs\newnordichome\wp-content\themes\shop-isle\functions.php:37
Stack trace:
#0 C:\xampp\htdocs\newnordichome\wp-settings.php(497): include()
#1 C:\xampp\htdocs\newnordichome\wp-config.php(85): require_once('C:\\xampp\\htdocs...')
#2 C:\xampp\htdocs\newnordichome\wp-load.php(37): require_once('C:\\xampp\\htdocs...')
#3 C:\xampp\htdocs\newnordichome\wp-blog-header.php(13): require_once('C:\\xampp\\htdocs...')
#4 C:\xampp\htdocs\newnordichome\index.php(17): require('C:\\xampp\\htdocs...')
#5 {main}
  thrown i C:\xampp\htdocs\newnordichome\wp-content\themes\shop-isle\functions.php på linje 37

2020-03-05T09:59:37+00:00 CRITICAL Uncaught Error: Using $this when not in object context in C:\xampp\htdocs\newnordichome\wp-content\themes\shop-isle\functions.php:37
Stack trace:
#0 C:\xampp\htdocs\newnordichome\wp-settings.php(497): include()
#1 C:\xampp\htdocs\newnordichome\wp-config.php(85): require_once('C:\\xampp\\htdocs...')
#2 C:\xampp\htdocs\newnordichome\wp-load.php(37): require_once('C:\\xampp\\htdocs...')
#3 C:\xampp\htdocs\newnordichome\wp-blog-header.php(13): require_once('C:\\xampp\\htdocs...')
#4 C:\xampp\htdocs\newnordichome\index.php(17): require('C:\\xampp\\htdocs...')
#5 {main}
  thrown i C:\xampp\htdocs\newnordichome\wp-content\themes\shop-isle\functions.php på linje 37

2020-03-05T09:59:39+00:00 CRITICAL Uncaught Error: Using $this when not in object context in C:\xampp\htdocs\newnordichome\wp-content\themes\shop-isle\functions.php:37
Stack trace:
#0 C:\xampp\htdocs\newnordichome\wp-settings.php(497): include()
#1 C:\xampp\htdocs\newnordichome\wp-config.php(85): require_once('C:\\xampp\\htdocs...')
#2 C:\xampp\htdocs\newnordichome\wp-load.php(37): require_once('C:\\xampp\\htdocs...')
#3 C:\xampp\htdocs\newnordichome\wp-admin\admin.php(34): require_once('C:\\xampp\\htdocs...')
#4 C:\xampp\htdocs\newnordichome\wp-admin\edit.php(10): require_once('C:\\xampp\\htdocs...')
#5 {main}
  thrown i C:\xampp\htdocs\newnordichome\wp-content\themes\shop-isle\functions.php på linje 37

2020-03-05T10:01:18+00:00 CRITICAL Uncaught Error: Using $this when not in object context in C:\xampp\htdocs\newnordichome\wp-content\themes\shop-isle\functions.php:99
Stack trace:
#0 C:\xampp\htdocs\newnordichome\wp-includes\class-wp-hook.php(288): custom_orders_list_column_content('my-column1', 13993)
#1 C:\xampp\htdocs\newnordichome\wp-includes\class-wp-hook.php(312): WP_Hook->apply_filters(NULL, Array)
#2 C:\xampp\htdocs\newnordichome\wp-includes\plugin.php(478): WP_Hook->do_action(Array)
#3 C:\xampp\htdocs\newnordichome\wp-admin\includes\class-wp-posts-list-table.php(1265): do_action('manage_shop_ord...', 'my-column1', 13993)
#4 C:\xampp\htdocs\newnordichome\wp-admin\includes\class-wp-list-table.php(1361): WP_Posts_List_Table->column_default(Object(WP_Post), 'my-column1')
#5 C:\xampp\htdocs\newnordichome\wp-admin\includes\class-wp-posts-list-table.php(1298): WP_List_Table->single_row_columns(Object(WP_Post))
#6 C:\xampp\htdocs\newnordichome\wp-admin\includes\class-wp-posts-list-table.php(741): WP_Posts_List_Table->single_row(Object(WP_Pos i C:\xampp\htdocs\newnordichome\wp-content\themes\shop-isle\functions.php på linje 99

2020-03-05T10:14:43+00:00 CRITICAL Cannot declare class NTLMSoapClient, because the name is already in use i C:\xampp\htdocs\newnordichome\ntlm2.php på linje 177

2020-03-05T10:19:51+00:00 CRITICAL Cannot declare class NTLMSoapClient, because the name is already in use i C:\xampp\htdocs\newnordichome\ntlm2.php på linje 177

2020-03-05T10:20:33+00:00 CRITICAL Cannot declare class NTLMSoapClient, because the name is already in use i C:\xampp\htdocs\newnordichome\ntlm2.php på linje 177

2020-03-05T10:21:12+00:00 CRITICAL Cannot declare class NTLMSoapClient, because the name is already in use i C:\xampp\htdocs\newnordichome\ntlm2.php på linje 177

2020-03-05T10:22:44+00:00 CRITICAL Cannot declare class NTLMSoapClient, because the name is already in use i C:\xampp\htdocs\newnordichome\ntlm2.php på linje 177

2020-03-05T10:29:50+00:00 CRITICAL Cannot declare class NTLMSoapClient, because the name is already in use i C:\xampp\htdocs\newnordichome\ntlm2.php på linje 177

2020-03-05T10:30:18+00:00 CRITICAL Cannot declare class NTLMSoapClient, because the name is already in use i C:\xampp\htdocs\newnordichome\ntlm2.php på linje 177

2020-03-05T10:31:00+00:00 CRITICAL Cannot declare class NTLMSoapClient, because the name is already in use i C:\xampp\htdocs\newnordichome\ntlm2.php på linje 177

2020-03-05T10:31:44+00:00 CRITICAL Cannot declare class NTLMSoapClient, because the name is already in use i C:\xampp\htdocs\newnordichome\ntlm2.php på linje 176

2020-03-05T10:32:43+00:00 CRITICAL Cannot declare class NTLMStream, because the name is already in use i C:\xampp\htdocs\newnordichome\ntlm2.php på linje 4

2020-03-05T10:34:26+00:00 CRITICAL Cannot declare class NTLMSoapClient, because the name is already in use i C:\xampp\htdocs\newnordichome\ntlm2.php på linje 176

2020-03-05T10:48:11+00:00 CRITICAL Uncaught Error: Call to a member function __soapCall() on null in C:\xampp\htdocs\newnordichome\wp-content\plugins\woocommerce\includes\admin\list-tables\class-wc-admin-list-table-orders.php:530
Stack trace:
#0 C:\xampp\htdocs\newnordichome\wp-content\plugins\woocommerce\includes\admin\list-tables\class-wc-admin-list-table-orders.php(682): WC_Admin_List_Table_Orders::get_order_preview_item_html(Object(Automattic\WooCommerce\Admin\Overrides\Order))
#1 C:\xampp\htdocs\newnordichome\wp-content\plugins\woocommerce\includes\class-wc-ajax.php(551): WC_Admin_List_Table_Orders::order_preview_get_order_details(Object(Automattic\WooCommerce\Admin\Overrides\Order))
#2 C:\xampp\htdocs\newnordichome\wp-includes\class-wp-hook.php(288): WC_AJAX::get_order_details('')
#3 C:\xampp\htdocs\newnordichome\wp-includes\class-wp-hook.php(312): WP_Hook->apply_filters('', Array)
#4 C:\xampp\htdocs\newnordichome\wp-includes\plugin.php(478): WP_Hook->do_action(Array)
#5 C:\xampp\htdocs\newnordichome\wp-admin\admin-ajax.php(175): do_acti i C:\xampp\htdocs\newnordichome\wp-content\plugins\woocommerce\includes\admin\list-tables\class-wc-admin-list-table-orders.php på linje 530

2020-03-05T10:49:19+00:00 CRITICAL Uncaught Error: Call to a member function __soapCall() on null in C:\xampp\htdocs\newnordichome\wp-content\plugins\woocommerce\includes\admin\list-tables\class-wc-admin-list-table-orders.php:530
Stack trace:
#0 C:\xampp\htdocs\newnordichome\wp-content\plugins\woocommerce\includes\admin\list-tables\class-wc-admin-list-table-orders.php(682): WC_Admin_List_Table_Orders::get_order_preview_item_html(Object(Automattic\WooCommerce\Admin\Overrides\Order))
#1 C:\xampp\htdocs\newnordichome\wp-content\plugins\woocommerce\includes\class-wc-ajax.php(551): WC_Admin_List_Table_Orders::order_preview_get_order_details(Object(Automattic\WooCommerce\Admin\Overrides\Order))
#2 C:\xampp\htdocs\newnordichome\wp-includes\class-wp-hook.php(288): WC_AJAX::get_order_details('')
#3 C:\xampp\htdocs\newnordichome\wp-includes\class-wp-hook.php(312): WP_Hook->apply_filters('', Array)
#4 C:\xampp\htdocs\newnordichome\wp-includes\plugin.php(478): WP_Hook->do_action(Array)
#5 C:\xampp\htdocs\newnordichome\wp-admin\admin-ajax.php(175): do_acti i C:\xampp\htdocs\newnordichome\wp-content\plugins\woocommerce\includes\admin\list-tables\class-wc-admin-list-table-orders.php på linje 530

2020-03-05T11:17:43+00:00 CRITICAL Cannot declare class NTLMSoapClient, because the name is already in use i C:\xampp\htdocs\newnordichome\get-milcom-item-info.php på linje 178

2020-03-05T11:19:01+00:00 CRITICAL Cannot declare class NTLMSoapClient, because the name is already in use i C:\xampp\htdocs\newnordichome\get-milcom-item-info.php på linje 178

