2020-03-18T08:48:36+00:00 CRITICAL Class 'WC_Admin_List_Table' not found i C:\xampp\htdocs\newnordichome\wp-content\themes\shop-isle\inc\admin\milcom\class-wc-admin-list-table-orders.php på linje 24

2020-03-18T08:52:02+00:00 CRITICAL Cannot declare class WC_Admin_List_Table_Orders, because the name is already in use i C:\xampp\htdocs\newnordichome\wp-content\plugins\woocommerce\includes\admin\list-tables\class-wc-admin-list-table-orders.php på linje 957

2020-03-18T08:52:38+00:00 CRITICAL Cannot declare class WC_Admin_List_Table_Orders, because the name is already in use i C:\xampp\htdocs\newnordichome\wp-content\plugins\woocommerce\includes\admin\list-tables\class-wc-admin-list-table-orders.php på linje 1040

2020-03-18T11:10:48+00:00 CRITICAL Cannot declare class WC_Admin_List_Table_Orders, because the name is already in use i C:\xampp\htdocs\newnordichome\wp-content\plugins\woocommerce\includes\admin\list-tables\class-wc-admin-list-table-orders.php på linje 1040

2020-03-18T11:18:29+00:00 CRITICAL Cannot declare class WC_Admin_List_Table_Orders, because the name is already in use i C:\xampp\htdocs\newnordichome\wp-content\plugins\woocommerce\includes\admin\list-tables\class-wc-admin-list-table-orders.php på linje 1040

2020-03-18T11:19:00+00:00 CRITICAL Cannot declare class WC_Admin_List_Table_Orders, because the name is already in use i C:\xampp\htdocs\newnordichome\wp-content\plugins\woocommerce\includes\admin\list-tables\class-wc-admin-list-table-orders.php på linje 1040

2020-03-18T11:19:17+00:00 CRITICAL Cannot declare class WC_Admin_List_Table_Orders, because the name is already in use i C:\xampp\htdocs\newnordichome\wp-content\plugins\woocommerce\includes\admin\list-tables\class-wc-admin-list-table-orders.php på linje 1040

2020-03-18T11:32:43+00:00 CRITICAL Uncaught ArgumentCountError: Too few arguments to function admin_order_preview_add_custom_meta_data(), 2 passed in C:\xampp\htdocs\newnordichome\wp-includes\class-wp-hook.php on line 288 and exactly 3 expected in C:\xampp\htdocs\newnordichome\wp-content\themes\shop-isle\functions.php:3
Stack trace:
#0 C:\xampp\htdocs\newnordichome\wp-includes\class-wp-hook.php(288): admin_order_preview_add_custom_meta_data(Array, Object(Automattic\WooCommerce\Admin\Overrides\Order))
#1 C:\xampp\htdocs\newnordichome\wp-includes\plugin.php(206): WP_Hook->apply_filters(Array, Array)
#2 C:\xampp\htdocs\newnordichome\wp-content\plugins\woocommerce\includes\admin\list-tables\class-wc-admin-list-table-orders.php(793): apply_filters('woocommerce_adm...', Array, Object(Automattic\WooCommerce\Admin\Overrides\Order))
#3 C:\xampp\htdocs\newnordichome\wp-content\plugins\woocommerce\includes\class-wc-ajax.php(551): WC_Admin_List_Table_Orders::order_preview_get_order_details(Object(Automattic\WooCommerce\Admin\Overrides\Order))
#4 C:\xampp\ i C:\xampp\htdocs\newnordichome\wp-content\themes\shop-isle\functions.php på linje 3

2020-03-18T11:34:16+00:00 CRITICAL Uncaught ArgumentCountError: Too few arguments to function admin_order_preview_add_custom_meta_data(), 2 passed in C:\xampp\htdocs\newnordichome\wp-includes\class-wp-hook.php on line 288 and exactly 3 expected in C:\xampp\htdocs\newnordichome\wp-content\themes\shop-isle\functions.php:3
Stack trace:
#0 C:\xampp\htdocs\newnordichome\wp-includes\class-wp-hook.php(288): admin_order_preview_add_custom_meta_data(Array, Object(Automattic\WooCommerce\Admin\Overrides\Order))
#1 C:\xampp\htdocs\newnordichome\wp-includes\plugin.php(206): WP_Hook->apply_filters(Array, Array)
#2 C:\xampp\htdocs\newnordichome\wp-content\plugins\woocommerce\includes\admin\list-tables\class-wc-admin-list-table-orders.php(793): apply_filters('woocommerce_adm...', Array, Object(Automattic\WooCommerce\Admin\Overrides\Order))
#3 C:\xampp\htdocs\newnordichome\wp-content\plugins\woocommerce\includes\class-wc-ajax.php(551): WC_Admin_List_Table_Orders::order_preview_get_order_details(Object(Automattic\WooCommerce\Admin\Overrides\Order))
#4 C:\xampp\ i C:\xampp\htdocs\newnordichome\wp-content\themes\shop-isle\functions.php på linje 3

2020-03-18T11:35:52+00:00 CRITICAL Uncaught ArgumentCountError: Too few arguments to function admin_order_preview_add_custom_meta_data(), 1 passed in C:\xampp\htdocs\newnordichome\wp-includes\class-wp-hook.php on line 290 and exactly 2 expected in C:\xampp\htdocs\newnordichome\wp-content\themes\shop-isle\functions.php:3
Stack trace:
#0 C:\xampp\htdocs\newnordichome\wp-includes\class-wp-hook.php(290): admin_order_preview_add_custom_meta_data(Array)
#1 C:\xampp\htdocs\newnordichome\wp-includes\plugin.php(206): WP_Hook->apply_filters(Array, Array)
#2 C:\xampp\htdocs\newnordichome\wp-content\plugins\woocommerce\includes\admin\list-tables\class-wc-admin-list-table-orders.php(793): apply_filters('woocommerce_adm...', Array, Object(Automattic\WooCommerce\Admin\Overrides\Order))
#3 C:\xampp\htdocs\newnordichome\wp-content\plugins\woocommerce\includes\class-wc-ajax.php(551): WC_Admin_List_Table_Orders::order_preview_get_order_details(Object(Automattic\WooCommerce\Admin\Overrides\Order))
#4 C:\xampp\htdocs\newnordichome\wp-includes\class-wp-hook.php(288 i C:\xampp\htdocs\newnordichome\wp-content\themes\shop-isle\functions.php på linje 3

2020-03-18T11:36:21+00:00 CRITICAL Uncaught ArgumentCountError: Too few arguments to function admin_order_preview_add_custom_meta_data(), 1 passed in C:\xampp\htdocs\newnordichome\wp-includes\class-wp-hook.php on line 290 and exactly 2 expected in C:\xampp\htdocs\newnordichome\wp-content\themes\shop-isle\functions.php:3
Stack trace:
#0 C:\xampp\htdocs\newnordichome\wp-includes\class-wp-hook.php(290): admin_order_preview_add_custom_meta_data(Array)
#1 C:\xampp\htdocs\newnordichome\wp-includes\plugin.php(206): WP_Hook->apply_filters(Array, Array)
#2 C:\xampp\htdocs\newnordichome\wp-content\plugins\woocommerce\includes\admin\list-tables\class-wc-admin-list-table-orders.php(793): apply_filters('woocommerce_adm...', Array, Object(Automattic\WooCommerce\Admin\Overrides\Order))
#3 C:\xampp\htdocs\newnordichome\wp-content\plugins\woocommerce\includes\class-wc-ajax.php(551): WC_Admin_List_Table_Orders::order_preview_get_order_details(Object(Automattic\WooCommerce\Admin\Overrides\Order))
#4 C:\xampp\htdocs\newnordichome\wp-includes\class-wp-hook.php(288 i C:\xampp\htdocs\newnordichome\wp-content\themes\shop-isle\functions.php på linje 3

2020-03-18T12:13:06+00:00 CRITICAL Uncaught Error: Call to a member function __soapCall() on null in C:\xampp\htdocs\newnordichome\wp-content\themes\shop-isle\functions.php:121
Stack trace:
#0 C:\xampp\htdocs\newnordichome\wp-content\themes\shop-isle\functions.php(4): get_order_preview_item_html(Object(Automattic\WooCommerce\Admin\Overrides\Order))
#1 C:\xampp\htdocs\newnordichome\wp-includes\class-wp-hook.php(288): admin_order_preview_add_custom_meta_data(Array, Object(Automattic\WooCommerce\Admin\Overrides\Order))
#2 C:\xampp\htdocs\newnordichome\wp-includes\plugin.php(206): WP_Hook->apply_filters(Array, Array)
#3 C:\xampp\htdocs\newnordichome\wp-content\plugins\woocommerce\includes\admin\list-tables\class-wc-admin-list-table-orders.php(793): apply_filters('woocommerce_adm...', Array, Object(Automattic\WooCommerce\Admin\Overrides\Order))
#4 C:\xampp\htdocs\newnordichome\wp-content\plugins\woocommerce\includes\class-wc-ajax.php(551): WC_Admin_List_Table_Orders::order_preview_get_order_details(Object(Automattic\WooCommerce\Admin\Overrides\Orde i C:\xampp\htdocs\newnordichome\wp-content\themes\shop-isle\functions.php på linje 121

2020-03-18T12:13:43+00:00 CRITICAL Uncaught Error: Call to a member function __soapCall() on null in C:\xampp\htdocs\newnordichome\wp-content\themes\shop-isle\functions.php:121
Stack trace:
#0 C:\xampp\htdocs\newnordichome\wp-content\themes\shop-isle\functions.php(4): get_order_preview_item_html(Object(Automattic\WooCommerce\Admin\Overrides\Order))
#1 C:\xampp\htdocs\newnordichome\wp-includes\class-wp-hook.php(288): admin_order_preview_add_custom_meta_data(Array, Object(Automattic\WooCommerce\Admin\Overrides\Order))
#2 C:\xampp\htdocs\newnordichome\wp-includes\plugin.php(206): WP_Hook->apply_filters(Array, Array)
#3 C:\xampp\htdocs\newnordichome\wp-content\plugins\woocommerce\includes\admin\list-tables\class-wc-admin-list-table-orders.php(793): apply_filters('woocommerce_adm...', Array, Object(Automattic\WooCommerce\Admin\Overrides\Order))
#4 C:\xampp\htdocs\newnordichome\wp-content\plugins\woocommerce\includes\class-wc-ajax.php(551): WC_Admin_List_Table_Orders::order_preview_get_order_details(Object(Automattic\WooCommerce\Admin\Overrides\Orde i C:\xampp\htdocs\newnordichome\wp-content\themes\shop-isle\functions.php på linje 121

2020-03-18T12:16:22+00:00 CRITICAL Cannot declare class NTLMSoapClient, because the name is already in use i C:\xampp\htdocs\newnordichome\wp-content\themes\shop-isle\inc\admin\milcom\soap-common-class.php på linje 177

2020-03-18T12:19:43+00:00 CRITICAL Uncaught Error: Call to a member function __soapCall() on null in C:\xampp\htdocs\newnordichome\wp-content\themes\shop-isle\functions.php:121
Stack trace:
#0 C:\xampp\htdocs\newnordichome\wp-content\themes\shop-isle\functions.php(4): get_order_preview_item_html(Object(Automattic\WooCommerce\Admin\Overrides\Order))
#1 C:\xampp\htdocs\newnordichome\wp-includes\class-wp-hook.php(288): admin_order_preview_add_custom_meta_data(Array, Object(Automattic\WooCommerce\Admin\Overrides\Order))
#2 C:\xampp\htdocs\newnordichome\wp-includes\plugin.php(206): WP_Hook->apply_filters(Array, Array)
#3 C:\xampp\htdocs\newnordichome\wp-content\plugins\woocommerce\includes\admin\list-tables\class-wc-admin-list-table-orders.php(793): apply_filters('woocommerce_adm...', Array, Object(Automattic\WooCommerce\Admin\Overrides\Order))
#4 C:\xampp\htdocs\newnordichome\wp-content\plugins\woocommerce\includes\class-wc-ajax.php(551): WC_Admin_List_Table_Orders::order_preview_get_order_details(Object(Automattic\WooCommerce\Admin\Overrides\Orde i C:\xampp\htdocs\newnordichome\wp-content\themes\shop-isle\functions.php på linje 121

2020-03-18T12:21:27+00:00 CRITICAL Uncaught Error: Call to a member function __soapCall() on null in C:\xampp\htdocs\newnordichome\wp-content\themes\shop-isle\functions.php:121
Stack trace:
#0 C:\xampp\htdocs\newnordichome\wp-content\themes\shop-isle\functions.php(4): get_order_preview_item_html(Object(Automattic\WooCommerce\Admin\Overrides\Order))
#1 C:\xampp\htdocs\newnordichome\wp-includes\class-wp-hook.php(288): admin_order_preview_add_custom_meta_data(Array, Object(Automattic\WooCommerce\Admin\Overrides\Order))
#2 C:\xampp\htdocs\newnordichome\wp-includes\plugin.php(206): WP_Hook->apply_filters(Array, Array)
#3 C:\xampp\htdocs\newnordichome\wp-content\plugins\woocommerce\includes\admin\list-tables\class-wc-admin-list-table-orders.php(793): apply_filters('woocommerce_adm...', Array, Object(Automattic\WooCommerce\Admin\Overrides\Order))
#4 C:\xampp\htdocs\newnordichome\wp-content\plugins\woocommerce\includes\class-wc-ajax.php(551): WC_Admin_List_Table_Orders::order_preview_get_order_details(Object(Automattic\WooCommerce\Admin\Overrides\Orde i C:\xampp\htdocs\newnordichome\wp-content\themes\shop-isle\functions.php på linje 121

2020-03-18T12:22:11+00:00 CRITICAL Uncaught Error: Call to a member function __soapCall() on null in C:\xampp\htdocs\newnordichome\wp-content\themes\shop-isle\functions.php:121
Stack trace:
#0 C:\xampp\htdocs\newnordichome\wp-content\themes\shop-isle\functions.php(4): get_order_preview_item_html(Object(Automattic\WooCommerce\Admin\Overrides\Order))
#1 C:\xampp\htdocs\newnordichome\wp-includes\class-wp-hook.php(288): admin_order_preview_add_custom_meta_data(Array, Object(Automattic\WooCommerce\Admin\Overrides\Order))
#2 C:\xampp\htdocs\newnordichome\wp-includes\plugin.php(206): WP_Hook->apply_filters(Array, Array)
#3 C:\xampp\htdocs\newnordichome\wp-content\plugins\woocommerce\includes\admin\list-tables\class-wc-admin-list-table-orders.php(793): apply_filters('woocommerce_adm...', Array, Object(Automattic\WooCommerce\Admin\Overrides\Order))
#4 C:\xampp\htdocs\newnordichome\wp-content\plugins\woocommerce\includes\class-wc-ajax.php(551): WC_Admin_List_Table_Orders::order_preview_get_order_details(Object(Automattic\WooCommerce\Admin\Overrides\Orde i C:\xampp\htdocs\newnordichome\wp-content\themes\shop-isle\functions.php på linje 121

2020-03-18T12:23:16+00:00 CRITICAL Uncaught Error: Call to a member function __soapCall() on null in C:\xampp\htdocs\newnordichome\wp-content\themes\shop-isle\functions.php:121
Stack trace:
#0 C:\xampp\htdocs\newnordichome\wp-content\themes\shop-isle\functions.php(4): get_order_preview_item_html(Object(Automattic\WooCommerce\Admin\Overrides\Order))
#1 C:\xampp\htdocs\newnordichome\wp-includes\class-wp-hook.php(288): admin_order_preview_add_custom_meta_data(Array, Object(Automattic\WooCommerce\Admin\Overrides\Order))
#2 C:\xampp\htdocs\newnordichome\wp-includes\plugin.php(206): WP_Hook->apply_filters(Array, Array)
#3 C:\xampp\htdocs\newnordichome\wp-content\plugins\woocommerce\includes\admin\list-tables\class-wc-admin-list-table-orders.php(793): apply_filters('woocommerce_adm...', Array, Object(Automattic\WooCommerce\Admin\Overrides\Order))
#4 C:\xampp\htdocs\newnordichome\wp-content\plugins\woocommerce\includes\class-wc-ajax.php(551): WC_Admin_List_Table_Orders::order_preview_get_order_details(Object(Automattic\WooCommerce\Admin\Overrides\Orde i C:\xampp\htdocs\newnordichome\wp-content\themes\shop-isle\functions.php på linje 121

2020-03-18T12:25:40+00:00 CRITICAL Uncaught Error: Call to a member function __soapCall() on null in C:\xampp\htdocs\newnordichome\wp-content\themes\shop-isle\functions.php:121
Stack trace:
#0 C:\xampp\htdocs\newnordichome\wp-content\themes\shop-isle\functions.php(4): get_order_preview_item_html(Object(Automattic\WooCommerce\Admin\Overrides\Order))
#1 C:\xampp\htdocs\newnordichome\wp-includes\class-wp-hook.php(288): admin_order_preview_add_custom_meta_data(Array, Object(Automattic\WooCommerce\Admin\Overrides\Order))
#2 C:\xampp\htdocs\newnordichome\wp-includes\plugin.php(206): WP_Hook->apply_filters(Array, Array)
#3 C:\xampp\htdocs\newnordichome\wp-content\plugins\woocommerce\includes\admin\list-tables\class-wc-admin-list-table-orders.php(793): apply_filters('woocommerce_adm...', Array, Object(Automattic\WooCommerce\Admin\Overrides\Order))
#4 C:\xampp\htdocs\newnordichome\wp-content\plugins\woocommerce\includes\class-wc-ajax.php(551): WC_Admin_List_Table_Orders::order_preview_get_order_details(Object(Automattic\WooCommerce\Admin\Overrides\Orde i C:\xampp\htdocs\newnordichome\wp-content\themes\shop-isle\functions.php på linje 121

2020-03-18T12:27:41+00:00 CRITICAL Uncaught Error: Call to a member function __soapCall() on null in C:\xampp\htdocs\newnordichome\wp-content\themes\shop-isle\functions.php:121
Stack trace:
#0 C:\xampp\htdocs\newnordichome\wp-content\themes\shop-isle\functions.php(4): get_order_preview_item_html(Object(Automattic\WooCommerce\Admin\Overrides\Order))
#1 C:\xampp\htdocs\newnordichome\wp-includes\class-wp-hook.php(288): admin_order_preview_add_custom_meta_data(Array, Object(Automattic\WooCommerce\Admin\Overrides\Order))
#2 C:\xampp\htdocs\newnordichome\wp-includes\plugin.php(206): WP_Hook->apply_filters(Array, Array)
#3 C:\xampp\htdocs\newnordichome\wp-content\plugins\woocommerce\includes\admin\list-tables\class-wc-admin-list-table-orders.php(793): apply_filters('woocommerce_adm...', Array, Object(Automattic\WooCommerce\Admin\Overrides\Order))
#4 C:\xampp\htdocs\newnordichome\wp-content\plugins\woocommerce\includes\class-wc-ajax.php(551): WC_Admin_List_Table_Orders::order_preview_get_order_details(Object(Automattic\WooCommerce\Admin\Overrides\Orde i C:\xampp\htdocs\newnordichome\wp-content\themes\shop-isle\functions.php på linje 121

2020-03-18T12:29:29+00:00 CRITICAL Uncaught Error: Call to a member function __soapCall() on null in C:\xampp\htdocs\newnordichome\wp-content\themes\shop-isle\functions.php:121
Stack trace:
#0 C:\xampp\htdocs\newnordichome\wp-content\themes\shop-isle\functions.php(4): get_order_preview_item_html(Object(Automattic\WooCommerce\Admin\Overrides\Order))
#1 C:\xampp\htdocs\newnordichome\wp-includes\class-wp-hook.php(288): admin_order_preview_add_custom_meta_data(Array, Object(Automattic\WooCommerce\Admin\Overrides\Order))
#2 C:\xampp\htdocs\newnordichome\wp-includes\plugin.php(206): WP_Hook->apply_filters(Array, Array)
#3 C:\xampp\htdocs\newnordichome\wp-content\plugins\woocommerce\includes\admin\list-tables\class-wc-admin-list-table-orders.php(793): apply_filters('woocommerce_adm...', Array, Object(Automattic\WooCommerce\Admin\Overrides\Order))
#4 C:\xampp\htdocs\newnordichome\wp-content\plugins\woocommerce\includes\class-wc-ajax.php(551): WC_Admin_List_Table_Orders::order_preview_get_order_details(Object(Automattic\WooCommerce\Admin\Overrides\Orde i C:\xampp\htdocs\newnordichome\wp-content\themes\shop-isle\functions.php på linje 121

2020-03-18T12:35:06+00:00 CRITICAL Uncaught Error: Call to a member function __soapCall() on null in C:\xampp\htdocs\newnordichome\wp-content\themes\shop-isle\functions.php:122
Stack trace:
#0 C:\xampp\htdocs\newnordichome\wp-content\themes\shop-isle\functions.php(4): get_order_preview_item_html(Object(Automattic\WooCommerce\Admin\Overrides\Order))
#1 C:\xampp\htdocs\newnordichome\wp-includes\class-wp-hook.php(288): admin_order_preview_add_custom_meta_data(Array, Object(Automattic\WooCommerce\Admin\Overrides\Order))
#2 C:\xampp\htdocs\newnordichome\wp-includes\plugin.php(206): WP_Hook->apply_filters(Array, Array)
#3 C:\xampp\htdocs\newnordichome\wp-content\plugins\woocommerce\includes\admin\list-tables\class-wc-admin-list-table-orders.php(793): apply_filters('woocommerce_adm...', Array, Object(Automattic\WooCommerce\Admin\Overrides\Order))
#4 C:\xampp\htdocs\newnordichome\wp-content\plugins\woocommerce\includes\class-wc-ajax.php(551): WC_Admin_List_Table_Orders::order_preview_get_order_details(Object(Automattic\WooCommerce\Admin\Overrides\Orde i C:\xampp\htdocs\newnordichome\wp-content\themes\shop-isle\functions.php på linje 122

2020-03-18T12:51:11+00:00 CRITICAL Uncaught SoapFault exception: [WSDL] SOAP-ERROR: Parsing WSDL: Couldn't load from 'http://83.91.84.146:7049/DynamicsNAV/WS/7000%20New%20Nordic%20Home/Codeunit/NewNordicHome' : failed to load external entity "http://83.91.84.146:7049/DynamicsNAV/WS/7000%20New%20Nordic%20Home/Codeunit/NewNordicHome"
 in C:\xampp\htdocs\newnordichome\wp-content\themes\shop-isle\inc\admin\milcom\soap-common-class.php:180
Stack trace:
#0 C:\xampp\htdocs\newnordichome\wp-content\themes\shop-isle\inc\admin\milcom\soap-common-class.php(180): SoapClient->SoapClient('http://83.91.84...')
#1 C:\xampp\htdocs\newnordichome\wp-content\themes\shop-isle\functions.php(282): require_once('C:\\xampp\\htdocs...')
#2 C:\xampp\htdocs\newnordichome\wp-includes\class-wp-hook.php(288): custom_orders_list_column_content('my-column1', 14123)
#3 C:\xampp\htdocs\newnordichome\wp-includes\class-wp-hook.php(312): WP_Hook->apply_filters(NULL, Array)
#4 C:\xampp\htdocs\newnordichome\wp-includes\plugin.php(478): WP_Hook->do_action(Array)
#5 C:\xampp\htdocs\ne i C:\xampp\htdocs\newnordichome\wp-content\themes\shop-isle\inc\admin\milcom\soap-common-class.php på linje 180

2020-03-18T13:09:07+00:00 CRITICAL require_once(): Failed opening required 'http://newnordichome.local:1234/wp-content/themes/shop-isle/inc/admin/milcom/soap-common-class.php' (include_path='C:\xampp\php\PEAR') i C:\xampp\htdocs\newnordichome\wp-content\themes\shop-isle\functions.php på linje 10

2020-03-18T13:10:08+00:00 CRITICAL require_once(): Failed opening required 'http://newnordichome.local:1234/wp-content/themes/shop-isle/inc/admin/milcom/soap-common-class.php' (include_path='C:\xampp\php\PEAR') i C:\xampp\htdocs\newnordichome\wp-content\themes\shop-isle\functions.php på linje 10

2020-03-18T13:12:06+00:00 CRITICAL require_once(): Failed opening required 'http://newnordichome.local:1234/wp-content/themes/shop-isle/inc/admin/milcom/soap-common-class.php' (include_path='C:\xampp\php\PEAR') i C:\xampp\htdocs\newnordichome\wp-content\themes\shop-isle\functions.php på linje 10

2020-03-18T13:14:08+00:00 CRITICAL require_once(): Failed opening required 'http://newnordichome.local:1234/wp-content/themes/shop-isle/inc/admin/milcom/soap-common-class.php' (include_path='C:\xampp\php\PEAR') i C:\xampp\htdocs\newnordichome\wp-content\themes\shop-isle\functions.php på linje 11

2020-03-18T13:15:19+00:00 CRITICAL require_once(): Failed opening required 'http://newnordichome.local:1234/wp-content/themes/shop-isle/inc/admin/milcom/soap-common-class.php' (include_path='C:\xampp\php\PEAR') i C:\xampp\htdocs\newnordichome\wp-content\themes\shop-isle\functions.php på linje 11

2020-03-18T13:16:10+00:00 CRITICAL require_once(): Failed opening required 'http://newnordichome.local:1234/wp-content/themes/shop-isle/inc/admin/milcom/soap-common-class.php' (include_path='C:\xampp\php\PEAR') i C:\xampp\htdocs\newnordichome\wp-content\themes\shop-isle\functions.php på linje 11

2020-03-18T13:20:02+00:00 CRITICAL require_once(): Failed opening required 'http://newnordichome.local:1234/wp-content/themes/shop-isle/inc/admin/milcom/soap-common-class.php' (include_path='C:\xampp\php\PEAR') i C:\xampp\htdocs\newnordichome\wp-content\themes\shop-isle\functions.php på linje 11

2020-03-18T13:20:40+00:00 CRITICAL require_once(): Failed opening required 'http://newnordichome.local:1234/wp-content/themes/shop-isle/inc/admin/milcom/soap-common-class.php' (include_path='C:\xampp\php\PEAR') i C:\xampp\htdocs\newnordichome\wp-content\themes\shop-isle\functions.php på linje 11

2020-03-18T13:25:40+00:00 CRITICAL Uncaught Error: Class 'NTLMSoapClient' not found in C:\xampp\htdocs\newnordichome\wp-content\themes\shop-isle\functions.php:17
Stack trace:
#0 C:\xampp\htdocs\newnordichome\wp-content\themes\shop-isle\functions.php(4): get_order_preview_item_html(Object(Automattic\WooCommerce\Admin\Overrides\Order))
#1 C:\xampp\htdocs\newnordichome\wp-includes\class-wp-hook.php(288): admin_order_preview_add_custom_meta_data(Array, Object(Automattic\WooCommerce\Admin\Overrides\Order))
#2 C:\xampp\htdocs\newnordichome\wp-includes\plugin.php(206): WP_Hook->apply_filters(Array, Array)
#3 C:\xampp\htdocs\newnordichome\wp-content\plugins\woocommerce\includes\admin\list-tables\class-wc-admin-list-table-orders.php(643): apply_filters('woocommerce_adm...', Array, Object(Automattic\WooCommerce\Admin\Overrides\Order))
#4 C:\xampp\htdocs\newnordichome\wp-content\plugins\woocommerce\includes\class-wc-ajax.php(551): WC_Admin_List_Table_Orders::order_preview_get_order_details(Object(Automattic\WooCommerce\Admin\Overrides\Order))
#5 C:\xampp i C:\xampp\htdocs\newnordichome\wp-content\themes\shop-isle\functions.php på linje 17

2020-03-18T13:26:20+00:00 CRITICAL Uncaught Error: Class 'NTLMSoapClient' not found in C:\xampp\htdocs\newnordichome\wp-content\themes\shop-isle\functions.php:17
Stack trace:
#0 C:\xampp\htdocs\newnordichome\wp-content\themes\shop-isle\functions.php(4): get_order_preview_item_html(Object(Automattic\WooCommerce\Admin\Overrides\Order))
#1 C:\xampp\htdocs\newnordichome\wp-includes\class-wp-hook.php(288): admin_order_preview_add_custom_meta_data(Array, Object(Automattic\WooCommerce\Admin\Overrides\Order))
#2 C:\xampp\htdocs\newnordichome\wp-includes\plugin.php(206): WP_Hook->apply_filters(Array, Array)
#3 C:\xampp\htdocs\newnordichome\wp-content\plugins\woocommerce\includes\admin\list-tables\class-wc-admin-list-table-orders.php(643): apply_filters('woocommerce_adm...', Array, Object(Automattic\WooCommerce\Admin\Overrides\Order))
#4 C:\xampp\htdocs\newnordichome\wp-content\plugins\woocommerce\includes\class-wc-ajax.php(551): WC_Admin_List_Table_Orders::order_preview_get_order_details(Object(Automattic\WooCommerce\Admin\Overrides\Order))
#5 C:\xampp i C:\xampp\htdocs\newnordichome\wp-content\themes\shop-isle\functions.php på linje 17

