2020-01-07T01:09:48+00:00 NOTICE action_scheduler.queue_job :: MailChimp_WooCommerce_Cart_Update starts in the next minute :: obj_id a97cbb3021172c4dd3d1544925082277
2020-01-07T01:10:38+00:00 NOTICE abandoned_cart.success :: email: bjarma2003@yahoo.com :: checkout_url: https://newnordichome.dk/kasse/?mc_cart_id=a97cbb3021172c4dd3d1544925082277
2020-01-07T01:11:41+00:00 NOTICE action_scheduler.queue_job :: MailChimp_WooCommerce_Cart_Update starts in the next minute :: obj_id a97cbb3021172c4dd3d1544925082277
2020-01-07T01:11:42+00:00 NOTICE action_scheduler.queue_job :: MailChimp_WooCommerce_Cart_Update starts in the next minute :: obj_id a97cbb3021172c4dd3d1544925082277
2020-01-07T01:12:22+00:00 NOTICE abandoned_cart.success :: email: bjarma2003@yahoo.com :: checkout_url: https://newnordichome.dk/kasse/?mc_cart_id=a97cbb3021172c4dd3d1544925082277
2020-01-07T01:12:23+00:00 NOTICE abandoned_cart.success :: email: bjarma2003@yahoo.com :: checkout_url: https://newnordichome.dk/kasse/?mc_cart_id=a97cbb3021172c4dd3d1544925082277
2020-01-07T08:36:38+00:00 NOTICE action_scheduler.queue_job :: MailChimp_WooCommerce_Cart_Update starts in the next minute :: obj_id ff5d61a2029aa5ce1880d47ca6603790
2020-01-07T08:37:19+00:00 NOTICE abandoned_cart.success :: email: biam1@hotmail.com :: checkout_url: https://newnordichome.dk/kasse/?mc_cart_id=ff5d61a2029aa5ce1880d47ca6603790
2020-01-07T08:38:40+00:00 NOTICE action_scheduler.queue_job :: MailChimp_WooCommerce_Single_Order starts in 90 seconds :: obj_id 12453
2020-01-07T08:40:29+00:00 NOTICE order_submit.success :: addStoreOrder :: #12453 :: email: biam1@hotmail.com :: abandoned cart deleted [ff5d61a2029aa5ce1880d47ca6603790]
2020-01-07T08:41:15+00:00 NOTICE action_scheduler.queue_job :: MailChimp_WooCommerce_Single_Order starts in 90 seconds :: obj_id 12453
2020-01-07T08:43:32+00:00 NOTICE order_submit.success :: updateStoreOrder :: #12453 :: email: biam1@hotmail.com
2020-01-07T13:33:23+00:00 NOTICE action_scheduler.queue_job :: MailChimp_WooCommerce_Cart_Update starts in the next minute :: obj_id fb0036d78002519456802d62ec0649fc
2020-01-07T13:34:21+00:00 NOTICE action_scheduler.queue_job :: MailChimp_WooCommerce_Single_Order starts in 90 seconds :: obj_id 12464
2020-01-07T13:34:26+00:00 NOTICE abandoned_cart.success :: email: mia@norrofficial.com :: checkout_url: https://newnordichome.dk/kasse/?mc_cart_id=fb0036d78002519456802d62ec0649fc
2020-01-07T13:37:00+00:00 NOTICE order_submit.success :: addStoreOrder :: #12464 :: email: mia@norrofficial.com :: abandoned cart deleted [fb0036d78002519456802d62ec0649fc]
2020-01-07T14:39:05+00:00 NOTICE action_scheduler.queue_job :: MailChimp_WooCommerce_Cart_Update starts in the next minute :: obj_id cdf2b91120a4aa3c7b469989652c339d
2020-01-07T14:39:24+00:00 NOTICE abandoned_cart.success :: email: helifreak@outlook.dk :: checkout_url: https://newnordichome.dk/kasse/?mc_cart_id=cdf2b91120a4aa3c7b469989652c339d
2020-01-07T14:40:18+00:00 NOTICE action_scheduler.queue_job :: MailChimp_WooCommerce_Cart_Update starts in the next minute :: obj_id cdf2b91120a4aa3c7b469989652c339d
2020-01-07T14:40:20+00:00 NOTICE action_scheduler.queue_job :: MailChimp_WooCommerce_Cart_Update starts in the next minute :: obj_id cdf2b91120a4aa3c7b469989652c339d
2020-01-07T14:40:23+00:00 NOTICE abandoned_cart.success :: email: helifreak@outlook.dk :: checkout_url: https://newnordichome.dk/kasse/?mc_cart_id=cdf2b91120a4aa3c7b469989652c339d
2020-01-07T14:40:25+00:00 NOTICE abandoned_cart.success :: email: helifreak@outlook.dk :: checkout_url: https://newnordichome.dk/kasse/?mc_cart_id=cdf2b91120a4aa3c7b469989652c339d
2020-01-07T14:49:11+00:00 NOTICE action_scheduler.queue_job :: MailChimp_WooCommerce_Cart_Update starts in the next minute :: obj_id cdf2b91120a4aa3c7b469989652c339d
2020-01-07T14:49:23+00:00 NOTICE abandoned_cart.success :: email: helifreak@outlook.dk :: checkout_url: https://newnordichome.dk/kasse/?mc_cart_id=cdf2b91120a4aa3c7b469989652c339d
2020-01-07T14:51:03+00:00 NOTICE action_scheduler.queue_job :: MailChimp_WooCommerce_Cart_Update starts in the next minute :: obj_id cdf2b91120a4aa3c7b469989652c339d
2020-01-07T14:51:21+00:00 NOTICE abandoned_cart.success :: email: helifreak@outlook.dk :: checkout_url: https://newnordichome.dk/kasse/?mc_cart_id=cdf2b91120a4aa3c7b469989652c339d
2020-01-07T14:51:21+00:00 NOTICE action_scheduler.queue_job :: MailChimp_WooCommerce_Cart_Update starts in the next minute :: obj_id cdf2b91120a4aa3c7b469989652c339d
2020-01-07T14:52:28+00:00 NOTICE abandoned_cart.success :: email: helifreak@outlook.dk :: checkout_url: https://newnordichome.dk/kasse/?mc_cart_id=cdf2b91120a4aa3c7b469989652c339d
2020-01-07T14:54:23+00:00 NOTICE action_scheduler.queue_job :: MailChimp_WooCommerce_Cart_Update starts in the next minute :: obj_id cdf2b91120a4aa3c7b469989652c339d
2020-01-07T14:55:21+00:00 NOTICE abandoned_cart.success :: email: helifreak@outlook.dk :: checkout_url: https://newnordichome.dk/kasse/?mc_cart_id=cdf2b91120a4aa3c7b469989652c339d
2020-01-07T19:57:38+00:00 NOTICE action_scheduler.queue_job :: MailChimp_WooCommerce_Single_Product starts in 5 seconds :: obj_id 12483
2020-01-07T19:59:22+00:00 NOTICE product_submit.success :: addStoreProduct :: #12483
2020-01-07T20:07:09+00:00 NOTICE product.deleted :: deleted product 929
2020-01-07T20:07:16+00:00 NOTICE product.deleted :: deleted product 924
2020-01-07T20:07:24+00:00 NOTICE product.deleted :: deleted product 918
2020-01-07T20:22:07+00:00 NOTICE action_scheduler.queue_job :: MailChimp_WooCommerce_Single_Product starts in 5 seconds :: obj_id 12493
2020-01-07T20:22:20+00:00 NOTICE product_submit.success :: addStoreProduct :: #12493
