2019-12-30T12:54:50+00:00 NOTICE action_scheduler.queue_job :: MailChimp_WooCommerce_Cart_Update starts in the next minute :: obj_id 5f9f4dca2c3291923efe16bd3db7f78d
2019-12-30T12:55:21+00:00 NOTICE abandoned_cart.success :: email: maria_haagensen89@hotmail.com :: checkout_url: https://newnordichome.dk/kasse/?mc_cart_id=5f9f4dca2c3291923efe16bd3db7f78d
2019-12-30T12:55:43+00:00 NOTICE action_scheduler.queue_job :: MailChimp_WooCommerce_Single_Order starts in 90 seconds :: obj_id 11866
2019-12-30T12:57:59+00:00 NOTICE order_submit.success :: addStoreOrder :: #11866 :: email: maria_haagensen89@hotmail.com :: abandoned cart deleted [5f9f4dca2c3291923efe16bd3db7f78d]
2019-12-30T13:08:40+00:00 NOTICE action_scheduler.queue_job :: MailChimp_WooCommerce_Cart_Update starts in the next minute :: obj_id 516c055fecba7a51c1737c4cf6b03fc3
2019-12-30T13:09:22+00:00 NOTICE abandoned_cart.success :: email: natasja_altofte@hotmail.com :: checkout_url: https://newnordichome.dk/kasse/?mc_cart_id=516c055fecba7a51c1737c4cf6b03fc3
2019-12-30T13:09:22+00:00 NOTICE action_scheduler.queue_job :: MailChimp_WooCommerce_Single_Order starts in 90 seconds :: obj_id 11870
2019-12-30T13:12:22+00:00 NOTICE order_submit.success :: addStoreOrder :: #11870 :: email: natasja_altofte@hotmail.com :: abandoned cart deleted [516c055fecba7a51c1737c4cf6b03fc3]
2019-12-30T16:07:27+00:00 NOTICE action_scheduler.queue_job :: MailChimp_WooCommerce_SingleCoupon starts in the next minute :: obj_id 11877
2019-12-30T16:08:20+00:00 NOTICE promo_code.update :: updated promo code mai30
2019-12-30T17:55:22+00:00 NOTICE action_scheduler.queue_job :: MailChimp_WooCommerce_Cart_Update starts in the next minute :: obj_id 374be8355c899221221a7a7e99c6b0cd
2019-12-30T17:55:44+00:00 NOTICE action_scheduler.queue_job :: MailChimp_WooCommerce_Single_Order starts in 90 seconds :: obj_id 11883
2019-12-30T17:56:23+00:00 NOTICE abandoned_cart.success :: email: monepige90@hotmail.com :: checkout_url: https://newnordichome.dk/kasse/?mc_cart_id=374be8355c899221221a7a7e99c6b0cd
2019-12-30T17:57:21+00:00 NOTICE order_submit.success :: addStoreOrder :: #11883 :: email: monepige90@hotmail.com :: abandoned cart deleted [374be8355c899221221a7a7e99c6b0cd]
2019-12-30T19:16:15+00:00 NOTICE action_scheduler.queue_job :: MailChimp_WooCommerce_Cart_Update starts in the next minute :: obj_id 374be8355c899221221a7a7e99c6b0cd
2019-12-30T19:16:19+00:00 NOTICE abandoned_cart.success :: email: monepige90@hotmail.com :: checkout_url: https://newnordichome.dk/kasse/?mc_cart_id=374be8355c899221221a7a7e99c6b0cd
2019-12-30T21:14:12+00:00 NOTICE action_scheduler.queue_job :: MailChimp_WooCommerce_Cart_Update starts in the next minute :: obj_id f7400de36bb8b70a2c824a55bc7c6f85
2019-12-30T21:14:19+00:00 NOTICE abandoned_cart.success :: email: nathalibarbo7115@gmail.com :: checkout_url: https://newnordichome.dk/kasse/?mc_cart_id=f7400de36bb8b70a2c824a55bc7c6f85
2019-12-30T21:14:58+00:00 NOTICE action_scheduler.queue_job :: MailChimp_WooCommerce_Single_Order starts in 90 seconds :: obj_id 11891
2019-12-30T21:17:25+00:00 NOTICE order_submit.success :: addStoreOrder :: #11891 :: email: nathalibarbo7115@gmail.com :: abandoned cart deleted [f7400de36bb8b70a2c824a55bc7c6f85]
