2020-01-16T08:52:03+00:00 NOTICE action_scheduler.queue_job :: MailChimp_WooCommerce_Cart_Update starts in the next minute :: obj_id 3c208c75a5e637e565efc03ec9f1f3b3
2020-01-16T08:52:28+00:00 NOTICE abandoned_cart.success :: email: catjafido@hotmail.com :: checkout_url: https://newnordichome.dk/kasse/?mc_cart_id=3c208c75a5e637e565efc03ec9f1f3b3
2020-01-16T08:53:29+00:00 NOTICE action_scheduler.queue_job :: MailChimp_WooCommerce_Single_Order starts in 90 seconds :: obj_id 13044
2020-01-16T08:55:42+00:00 NOTICE order_submit.success :: addStoreOrder :: #13044 :: email: catjafido@hotmail.com :: abandoned cart deleted [3c208c75a5e637e565efc03ec9f1f3b3]
2020-01-16T10:28:30+00:00 NOTICE action_scheduler.queue_job :: MailChimp_WooCommerce_Cart_Update starts in the next minute :: obj_id cf02127a66ffcfaf44cd57392fe13d4f
2020-01-16T10:28:51+00:00 NOTICE action_scheduler.queue_job :: MailChimp_WooCommerce_Single_Order starts in 90 seconds :: obj_id 13050
2020-01-16T10:29:21+00:00 NOTICE abandoned_cart.success :: email: kibj@frederikshavn.dk :: checkout_url: https://newnordichome.dk/kasse/?mc_cart_id=cf02127a66ffcfaf44cd57392fe13d4f
2020-01-16T10:30:24+00:00 NOTICE order_submit.success :: addStoreOrder :: #13050 :: email: kibj@frederikshavn.dk :: campaign id e00635218d :: abandoned cart deleted [cf02127a66ffcfaf44cd57392fe13d4f]
2020-01-16T10:43:53+00:00 NOTICE action_scheduler.queue_job :: MailChimp_WooCommerce_Cart_Update starts in the next minute :: obj_id 3c208c75a5e637e565efc03ec9f1f3b3
2020-01-16T10:44:20+00:00 NOTICE abandoned_cart.success :: email: catjafido@hotmail.com :: checkout_url: https://newnordichome.dk/kasse/?mc_cart_id=3c208c75a5e637e565efc03ec9f1f3b3
2020-01-16T10:44:20+00:00 NOTICE action_scheduler.queue_job :: MailChimp_WooCommerce_Single_Order starts in 90 seconds :: obj_id 13055
2020-01-16T10:46:25+00:00 NOTICE order_submit.success :: addStoreOrder :: #13055 :: email: catjafido@hotmail.com :: campaign id e00635218d :: abandoned cart deleted [3c208c75a5e637e565efc03ec9f1f3b3]
2020-01-16T11:23:36+00:00 NOTICE action_scheduler.queue_job :: MailChimp_WooCommerce_Cart_Update starts in the next minute :: obj_id 92e6f21555cf14b8ddb1b88de39c38f7
2020-01-16T11:23:52+00:00 NOTICE action_scheduler.queue_job :: MailChimp_WooCommerce_Single_Order starts in 90 seconds :: obj_id 13060
2020-01-16T11:24:21+00:00 NOTICE abandoned_cart.success :: email: barbara_thomsen@hotmail.com :: checkout_url: https://newnordichome.dk/kasse/?mc_cart_id=92e6f21555cf14b8ddb1b88de39c38f7
2020-01-16T11:27:01+00:00 NOTICE order_submit.success :: addStoreOrder :: #13060 :: email: barbara_thomsen@hotmail.com :: campaign id e00635218d :: abandoned cart deleted [92e6f21555cf14b8ddb1b88de39c38f7]
2020-01-16T12:16:34+00:00 NOTICE action_scheduler.queue_job :: MailChimp_WooCommerce_Cart_Update starts in the next minute :: obj_id 224cb0a539a09e1e793a0677c8a54427
2020-01-16T12:17:24+00:00 NOTICE abandoned_cart.success :: email: khedri22@hotmail.com :: checkout_url: https://newnordichome.dk/kasse/?mc_cart_id=224cb0a539a09e1e793a0677c8a54427
2020-01-16T12:19:34+00:00 NOTICE action_scheduler.queue_job :: MailChimp_WooCommerce_Cart_Update starts in the next minute :: obj_id 224cb0a539a09e1e793a0677c8a54427
2020-01-16T12:20:25+00:00 NOTICE abandoned_cart.success :: email: khedri22@hotmail.com :: checkout_url: https://newnordichome.dk/kasse/?mc_cart_id=224cb0a539a09e1e793a0677c8a54427
2020-01-16T12:21:40+00:00 NOTICE action_scheduler.queue_job :: MailChimp_WooCommerce_Cart_Update starts in the next minute :: obj_id 224cb0a539a09e1e793a0677c8a54427
2020-01-16T12:22:34+00:00 NOTICE abandoned_cart.success :: email: khedri22@hotmail.com :: checkout_url: https://newnordichome.dk/kasse/?mc_cart_id=224cb0a539a09e1e793a0677c8a54427
2020-01-16T14:21:03+00:00 NOTICE action_scheduler.queue_job :: MailChimp_WooCommerce_Cart_Update starts in the next minute :: obj_id 224cb0a539a09e1e793a0677c8a54427
2020-01-16T14:21:47+00:00 NOTICE abandoned_cart.success :: email: khedri22@hotmail.com :: checkout_url: https://newnordichome.dk/kasse/?mc_cart_id=224cb0a539a09e1e793a0677c8a54427
2020-01-16T14:22:24+00:00 NOTICE action_scheduler.queue_job :: MailChimp_WooCommerce_Cart_Update starts in the next minute :: obj_id 224cb0a539a09e1e793a0677c8a54427
2020-01-16T14:23:22+00:00 NOTICE abandoned_cart.success :: email: khedri22@hotmail.com :: checkout_url: https://newnordichome.dk/kasse/?mc_cart_id=224cb0a539a09e1e793a0677c8a54427
2020-01-16T14:25:43+00:00 NOTICE action_scheduler.queue_job :: MailChimp_WooCommerce_Cart_Update starts in the next minute :: obj_id 224cb0a539a09e1e793a0677c8a54427
2020-01-16T14:26:52+00:00 NOTICE abandoned_cart.success :: email: khedri22@hotmail.com :: checkout_url: https://newnordichome.dk/kasse/?mc_cart_id=224cb0a539a09e1e793a0677c8a54427
2020-01-16T17:18:31+00:00 NOTICE action_scheduler.queue_job :: MailChimp_WooCommerce_Cart_Update starts in the next minute :: obj_id 7dec034c6840c65ebecbfc4996f106e2
2020-01-16T17:19:36+00:00 NOTICE abandoned_cart.success :: email: resham_92@hotmail.com :: checkout_url: https://newnordichome.dk/kasse/?mc_cart_id=7dec034c6840c65ebecbfc4996f106e2
2020-01-16T17:39:54+00:00 NOTICE action_scheduler.queue_job :: MailChimp_WooCommerce_Cart_Update starts in the next minute :: obj_id 7dec034c6840c65ebecbfc4996f106e2
2020-01-16T17:40:29+00:00 NOTICE abandoned_cart.success :: email: resham_92@hotmail.com :: checkout_url: https://newnordichome.dk/kasse/?mc_cart_id=7dec034c6840c65ebecbfc4996f106e2
2020-01-16T17:41:02+00:00 NOTICE action_scheduler.queue_job :: MailChimp_WooCommerce_Single_Order starts in 90 seconds :: obj_id 13082
2020-01-16T17:44:05+00:00 NOTICE order_submit.success :: addStoreOrder :: #13082 :: email: resham_92@hotmail.com :: abandoned cart deleted [7dec034c6840c65ebecbfc4996f106e2]
2020-01-16T17:54:11+00:00 NOTICE action_scheduler.queue_job :: MailChimp_WooCommerce_Single_Product starts in 5 seconds :: obj_id 54
2020-01-16T17:54:20+00:00 NOTICE product_submit.success :: updateStoreProduct :: #54
2020-01-16T17:54:33+00:00 NOTICE action_scheduler.queue_job :: MailChimp_WooCommerce_Single_Product starts in 5 seconds :: obj_id 111
2020-01-16T17:55:24+00:00 NOTICE product_submit.success :: updateStoreProduct :: #111
2020-01-16T17:55:45+00:00 NOTICE action_scheduler.queue_job :: MailChimp_WooCommerce_Single_Product starts in 5 seconds :: obj_id 112
2020-01-16T17:55:59+00:00 NOTICE action_scheduler.queue_job :: MailChimp_WooCommerce_Single_Product starts in 5 seconds :: obj_id 103
2020-01-16T17:56:09+00:00 NOTICE action_scheduler.queue_job :: MailChimp_WooCommerce_Single_Product starts in 5 seconds :: obj_id 54
2020-01-16T17:56:19+00:00 NOTICE product_submit.success :: updateStoreProduct :: #112
2020-01-16T17:56:20+00:00 NOTICE action_scheduler.queue_job :: MailChimp_WooCommerce_Single_Product starts in 5 seconds :: obj_id 103
2020-01-16T17:56:20+00:00 NOTICE product_submit.success :: updateStoreProduct :: #103
2020-01-16T17:56:21+00:00 NOTICE product_submit.success :: updateStoreProduct :: #54
2020-01-16T17:56:34+00:00 NOTICE action_scheduler.queue_job :: MailChimp_WooCommerce_Single_Product starts in 5 seconds :: obj_id 114
2020-01-16T17:57:21+00:00 NOTICE product_submit.success :: updateStoreProduct :: #103
2020-01-16T17:57:22+00:00 NOTICE product_submit.success :: updateStoreProduct :: #114
2020-01-16T17:57:42+00:00 NOTICE action_scheduler.queue_job :: MailChimp_WooCommerce_Single_Product starts in 5 seconds :: obj_id 115
2020-01-16T17:58:20+00:00 NOTICE product_submit.success :: updateStoreProduct :: #115
2020-01-16T17:58:40+00:00 NOTICE action_scheduler.queue_job :: MailChimp_WooCommerce_Single_Product starts in 5 seconds :: obj_id 128
2020-01-16T17:59:01+00:00 NOTICE action_scheduler.queue_job :: MailChimp_WooCommerce_Single_Product starts in 5 seconds :: obj_id 130
2020-01-16T17:59:18+00:00 NOTICE product_submit.success :: updateStoreProduct :: #128
2020-01-16T17:59:19+00:00 NOTICE product_submit.success :: updateStoreProduct :: #130
2020-01-16T17:59:26+00:00 NOTICE action_scheduler.queue_job :: MailChimp_WooCommerce_Single_Product starts in 5 seconds :: obj_id 155
2020-01-16T17:59:40+00:00 NOTICE action_scheduler.queue_job :: MailChimp_WooCommerce_Single_Product starts in 5 seconds :: obj_id 160
2020-01-16T18:00:09+00:00 NOTICE action_scheduler.queue_job :: MailChimp_WooCommerce_Single_Product starts in 5 seconds :: obj_id 163
2020-01-16T18:00:20+00:00 NOTICE product_submit.success :: updateStoreProduct :: #155
2020-01-16T18:00:20+00:00 NOTICE action_scheduler.queue_job :: MailChimp_WooCommerce_Single_Product starts in 5 seconds :: obj_id 167
2020-01-16T18:00:20+00:00 NOTICE product_submit.success :: updateStoreProduct :: #160
2020-01-16T18:00:21+00:00 NOTICE product_submit.success :: updateStoreProduct :: #163
2020-01-16T18:00:43+00:00 NOTICE action_scheduler.queue_job :: MailChimp_WooCommerce_Single_Product starts in 5 seconds :: obj_id 169
2020-01-16T18:00:58+00:00 NOTICE action_scheduler.queue_job :: MailChimp_WooCommerce_Single_Product starts in 5 seconds :: obj_id 173
2020-01-16T18:01:10+00:00 NOTICE action_scheduler.queue_job :: MailChimp_WooCommerce_Single_Product starts in 5 seconds :: obj_id 177
2020-01-16T18:01:20+00:00 NOTICE product_submit.success :: updateStoreProduct :: #167
2020-01-16T18:01:21+00:00 NOTICE product_submit.success :: updateStoreProduct :: #169
2020-01-16T18:01:22+00:00 NOTICE product_submit.success :: updateStoreProduct :: #173
2020-01-16T18:01:22+00:00 NOTICE product_submit.success :: updateStoreProduct :: #177
2020-01-16T18:01:41+00:00 NOTICE action_scheduler.queue_job :: MailChimp_WooCommerce_Single_Product starts in 5 seconds :: obj_id 179
2020-01-16T18:02:00+00:00 NOTICE action_scheduler.queue_job :: MailChimp_WooCommerce_Single_Product starts in 5 seconds :: obj_id 181
2020-01-16T18:02:20+00:00 NOTICE product_submit.success :: updateStoreProduct :: #179
2020-01-16T18:02:21+00:00 NOTICE product_submit.success :: updateStoreProduct :: #181
2020-01-16T18:02:49+00:00 NOTICE action_scheduler.queue_job :: MailChimp_WooCommerce_Single_Product starts in 5 seconds :: obj_id 183
2020-01-16T18:02:59+00:00 NOTICE action_scheduler.queue_job :: MailChimp_WooCommerce_Cart_Update starts in the next minute :: obj_id b01e757c2abec57ab17156ffa0646a37
2020-01-16T18:03:17+00:00 NOTICE action_scheduler.queue_job :: MailChimp_WooCommerce_Single_Order starts in 90 seconds :: obj_id 13111
2020-01-16T18:03:26+00:00 NOTICE product_submit.success :: updateStoreProduct :: #183
2020-01-16T18:03:27+00:00 NOTICE action_scheduler.queue_job :: MailChimp_WooCommerce_Single_Product starts in 5 seconds :: obj_id 387
2020-01-16T18:03:27+00:00 ERROR abandoned_cart.error :: email: d.dreioe@hotmail.con :: attempting product update :: Customer could not be imported to the list associated with this store.
2020-01-16T18:03:28+00:00 ERROR abandoned_cart.error :: Error Code 400 :: Customer could not be imported to the list associated with this store. on 1692 in /var/www/newnordichome.dk/public_html/wp-content/plugins/mailchimp-for-woocommerce/includes/api/class-mailchimp-api.php
2020-01-16T18:03:40+00:00 NOTICE action_scheduler.queue_job :: MailChimp_WooCommerce_Single_Product starts in 5 seconds :: obj_id 386
2020-01-16T18:03:53+00:00 NOTICE action_scheduler.queue_job :: MailChimp_WooCommerce_Single_Product starts in 5 seconds :: obj_id 380
2020-01-16T18:04:12+00:00 NOTICE action_scheduler.queue_job :: MailChimp_WooCommerce_Single_Product starts in 5 seconds :: obj_id 366
2020-01-16T18:04:21+00:00 NOTICE product_submit.success :: updateStoreProduct :: #387
2020-01-16T18:04:21+00:00 NOTICE product_submit.success :: updateStoreProduct :: #386
2020-01-16T18:04:22+00:00 NOTICE product_submit.success :: updateStoreProduct :: #380
2020-01-16T18:04:23+00:00 NOTICE product_submit.success :: updateStoreProduct :: #366
2020-01-16T18:04:43+00:00 NOTICE action_scheduler.queue_job :: MailChimp_WooCommerce_Single_Product starts in 5 seconds :: obj_id 388
2020-01-16T18:05:27+00:00 NOTICE action_scheduler.queue_job :: MailChimp_WooCommerce_Single_Product starts in 5 seconds :: obj_id 406
2020-01-16T18:05:28+00:00 NOTICE product_submit.success :: updateStoreProduct :: #388
2020-01-16T18:05:30+00:00 ERROR order_submit.tracing_error :: Error Code 400 :: Customer could not be imported to the list associated with this store. on 1692 in /var/www/newnordichome.dk/public_html/wp-content/plugins/mailchimp-for-woocommerce/includes/api/class-mailchimp-api.php
2020-01-16T18:05:41+00:00 NOTICE action_scheduler.queue_job :: MailChimp_WooCommerce_Single_Product starts in 5 seconds :: obj_id 417
2020-01-16T18:05:55+00:00 NOTICE action_scheduler.queue_job :: MailChimp_WooCommerce_Single_Product starts in 5 seconds :: obj_id 418
2020-01-16T18:06:11+00:00 NOTICE action_scheduler.queue_job :: MailChimp_WooCommerce_Single_Product starts in 5 seconds :: obj_id 420
2020-01-16T18:06:19+00:00 NOTICE product_submit.success :: updateStoreProduct :: #406
2020-01-16T18:06:19+00:00 NOTICE product_submit.success :: updateStoreProduct :: #417
2020-01-16T18:06:20+00:00 NOTICE product_submit.success :: updateStoreProduct :: #418
2020-01-16T18:06:21+00:00 NOTICE product_submit.success :: updateStoreProduct :: #420
2020-01-16T18:06:40+00:00 NOTICE action_scheduler.queue_job :: MailChimp_WooCommerce_Single_Product starts in 5 seconds :: obj_id 495
2020-01-16T18:07:24+00:00 NOTICE product_submit.success :: updateStoreProduct :: #495
2020-01-16T18:07:38+00:00 NOTICE action_scheduler.queue_job :: MailChimp_WooCommerce_Single_Product starts in 5 seconds :: obj_id 486
2020-01-16T18:08:19+00:00 NOTICE product_submit.success :: updateStoreProduct :: #486
2020-01-16T18:09:04+00:00 NOTICE action_scheduler.queue_job :: MailChimp_WooCommerce_Single_Product starts in 5 seconds :: obj_id 499
2020-01-16T18:09:21+00:00 NOTICE product_submit.success :: updateStoreProduct :: #499
2020-01-16T18:09:38+00:00 NOTICE action_scheduler.queue_job :: MailChimp_WooCommerce_Single_Product starts in 5 seconds :: obj_id 505
2020-01-16T18:09:58+00:00 NOTICE action_scheduler.queue_job :: MailChimp_WooCommerce_Single_Product starts in 5 seconds :: obj_id 506
2020-01-16T18:10:19+00:00 NOTICE action_scheduler.queue_job :: MailChimp_WooCommerce_Single_Product starts in 5 seconds :: obj_id 523
2020-01-16T18:10:20+00:00 NOTICE product_submit.success :: updateStoreProduct :: #505
2020-01-16T18:10:20+00:00 NOTICE product_submit.success :: updateStoreProduct :: #506
2020-01-16T18:11:28+00:00 NOTICE product_submit.success :: updateStoreProduct :: #523
2020-01-16T18:12:22+00:00 NOTICE action_scheduler.queue_job :: MailChimp_WooCommerce_Single_Product starts in 5 seconds :: obj_id 448
2020-01-16T18:12:59+00:00 NOTICE action_scheduler.queue_job :: MailChimp_WooCommerce_Single_Product starts in 5 seconds :: obj_id 457
2020-01-16T18:13:26+00:00 NOTICE product_submit.success :: updateStoreProduct :: #448
2020-01-16T18:13:27+00:00 NOTICE product_submit.success :: updateStoreProduct :: #457
2020-01-16T18:13:31+00:00 NOTICE action_scheduler.queue_job :: MailChimp_WooCommerce_Single_Product starts in 5 seconds :: obj_id 402
2020-01-16T18:13:53+00:00 NOTICE action_scheduler.queue_job :: MailChimp_WooCommerce_Single_Product starts in 5 seconds :: obj_id 398
2020-01-16T18:14:21+00:00 NOTICE product_submit.success :: updateStoreProduct :: #402
2020-01-16T18:14:22+00:00 NOTICE product_submit.success :: updateStoreProduct :: #398
2020-01-16T18:14:41+00:00 NOTICE action_scheduler.queue_job :: MailChimp_WooCommerce_Single_Product starts in 5 seconds :: obj_id 462
2020-01-16T18:15:21+00:00 NOTICE product_submit.success :: updateStoreProduct :: #462
2020-01-16T18:15:43+00:00 NOTICE action_scheduler.queue_job :: MailChimp_WooCommerce_Single_Product starts in 5 seconds :: obj_id 466
2020-01-16T18:16:13+00:00 NOTICE action_scheduler.queue_job :: MailChimp_WooCommerce_Single_Product starts in 5 seconds :: obj_id 482
2020-01-16T18:16:20+00:00 NOTICE product_submit.success :: updateStoreProduct :: #466
2020-01-16T18:16:20+00:00 NOTICE product_submit.success :: updateStoreProduct :: #482
2020-01-16T18:16:44+00:00 NOTICE action_scheduler.queue_job :: MailChimp_WooCommerce_Single_Product starts in 5 seconds :: obj_id 364
2020-01-16T18:16:53+00:00 NOTICE action_scheduler.queue_job :: MailChimp_WooCommerce_Single_Product starts in 5 seconds :: obj_id 361
2020-01-16T18:17:22+00:00 NOTICE product_submit.success :: updateStoreProduct :: #364
2020-01-16T18:17:23+00:00 NOTICE product_submit.success :: updateStoreProduct :: #361
2020-01-16T18:17:37+00:00 NOTICE action_scheduler.queue_job :: MailChimp_WooCommerce_Single_Product starts in 5 seconds :: obj_id 358
2020-01-16T18:17:48+00:00 NOTICE action_scheduler.queue_job :: MailChimp_WooCommerce_Single_Product starts in 5 seconds :: obj_id 355
2020-01-16T18:18:26+00:00 NOTICE product_submit.success :: updateStoreProduct :: #358
2020-01-16T18:18:27+00:00 NOTICE product_submit.success :: updateStoreProduct :: #355
2020-01-16T18:18:32+00:00 NOTICE action_scheduler.queue_job :: MailChimp_WooCommerce_Single_Product starts in 5 seconds :: obj_id 353
2020-01-16T18:18:51+00:00 NOTICE action_scheduler.queue_job :: MailChimp_WooCommerce_Single_Product starts in 5 seconds :: obj_id 323
2020-01-16T18:19:25+00:00 NOTICE product_submit.success :: updateStoreProduct :: #353
2020-01-16T18:19:26+00:00 NOTICE action_scheduler.queue_job :: MailChimp_WooCommerce_Single_Product starts in 5 seconds :: obj_id 327
2020-01-16T18:19:26+00:00 NOTICE product_submit.success :: updateStoreProduct :: #323
2020-01-16T18:20:04+00:00 NOTICE action_scheduler.queue_job :: MailChimp_WooCommerce_Single_Product starts in 5 seconds :: obj_id 325
2020-01-16T18:20:20+00:00 NOTICE product_submit.success :: updateStoreProduct :: #327
2020-01-16T18:20:20+00:00 NOTICE product_submit.success :: updateStoreProduct :: #325
2020-01-16T18:21:38+00:00 NOTICE action_scheduler.queue_job :: MailChimp_WooCommerce_Single_Product starts in 5 seconds :: obj_id 302
2020-01-16T18:22:21+00:00 NOTICE product_submit.success :: updateStoreProduct :: #302
2020-01-16T18:22:21+00:00 NOTICE action_scheduler.queue_job :: MailChimp_WooCommerce_Single_Product starts in 5 seconds :: obj_id 298
2020-01-16T18:22:55+00:00 NOTICE action_scheduler.queue_job :: MailChimp_WooCommerce_Single_Product starts in 5 seconds :: obj_id 296
2020-01-16T18:23:23+00:00 NOTICE product_submit.success :: updateStoreProduct :: #298
2020-01-16T18:23:23+00:00 NOTICE product_submit.success :: updateStoreProduct :: #296
2020-01-16T18:23:27+00:00 NOTICE action_scheduler.queue_job :: MailChimp_WooCommerce_Single_Product starts in 5 seconds :: obj_id 291
2020-01-16T18:24:27+00:00 NOTICE product_submit.success :: updateStoreProduct :: #291
2020-01-16T18:24:28+00:00 NOTICE action_scheduler.queue_job :: MailChimp_WooCommerce_Single_Product starts in 5 seconds :: obj_id 696
2020-01-16T18:24:48+00:00 NOTICE action_scheduler.queue_job :: MailChimp_WooCommerce_Single_Product starts in 5 seconds :: obj_id 694
2020-01-16T18:25:19+00:00 NOTICE product_submit.success :: updateStoreProduct :: #696
2020-01-16T18:25:20+00:00 NOTICE product_submit.success :: updateStoreProduct :: #694
2020-01-16T18:25:35+00:00 NOTICE action_scheduler.queue_job :: MailChimp_WooCommerce_Single_Product starts in 5 seconds :: obj_id 659
2020-01-16T18:26:24+00:00 NOTICE product_submit.success :: updateStoreProduct :: #659
2020-01-16T18:26:34+00:00 NOTICE action_scheduler.queue_job :: MailChimp_WooCommerce_Single_Product starts in 5 seconds :: obj_id 648
2020-01-16T18:26:59+00:00 NOTICE action_scheduler.queue_job :: MailChimp_WooCommerce_Single_Product starts in 5 seconds :: obj_id 645
2020-01-16T18:27:20+00:00 NOTICE product_submit.success :: updateStoreProduct :: #648
2020-01-16T18:27:20+00:00 NOTICE product_submit.success :: updateStoreProduct :: #645
2020-01-16T18:27:33+00:00 NOTICE action_scheduler.queue_job :: MailChimp_WooCommerce_Single_Product starts in 5 seconds :: obj_id 638
2020-01-16T18:27:44+00:00 NOTICE action_scheduler.queue_job :: MailChimp_WooCommerce_Single_Product starts in 5 seconds :: obj_id 642
2020-01-16T18:28:10+00:00 NOTICE action_scheduler.queue_job :: MailChimp_WooCommerce_Single_Product starts in 5 seconds :: obj_id 631
2020-01-16T18:28:28+00:00 NOTICE product_submit.success :: updateStoreProduct :: #638
2020-01-16T18:28:29+00:00 NOTICE product_submit.success :: updateStoreProduct :: #642
2020-01-16T18:28:29+00:00 NOTICE product_submit.success :: updateStoreProduct :: #631
2020-01-16T18:28:31+00:00 NOTICE action_scheduler.queue_job :: MailChimp_WooCommerce_Single_Product starts in 5 seconds :: obj_id 631
2020-01-16T18:29:14+00:00 NOTICE action_scheduler.queue_job :: MailChimp_WooCommerce_Single_Product starts in 5 seconds :: obj_id 627
2020-01-16T18:29:28+00:00 NOTICE product_submit.success :: updateStoreProduct :: #631
2020-01-16T18:29:29+00:00 NOTICE product_submit.success :: updateStoreProduct :: #627
2020-01-16T18:30:06+00:00 NOTICE action_scheduler.queue_job :: MailChimp_WooCommerce_Single_Product starts in 5 seconds :: obj_id 577
2020-01-16T18:30:29+00:00 NOTICE product_submit.success :: updateStoreProduct :: #577
2020-01-16T18:30:42+00:00 NOTICE action_scheduler.queue_job :: MailChimp_WooCommerce_Single_Product starts in 5 seconds :: obj_id 575
2020-01-16T18:31:04+00:00 NOTICE product.deleted :: deleted product 573
2020-01-16T18:31:19+00:00 NOTICE product_submit.success :: updateStoreProduct :: #575
2020-01-16T18:31:34+00:00 NOTICE action_scheduler.queue_job :: MailChimp_WooCommerce_Single_Product starts in 5 seconds :: obj_id 558
2020-01-16T18:32:14+00:00 NOTICE action_scheduler.queue_job :: MailChimp_WooCommerce_Single_Product starts in 5 seconds :: obj_id 545
2020-01-16T18:32:27+00:00 NOTICE product_submit.success :: updateStoreProduct :: #558
2020-01-16T18:32:28+00:00 NOTICE product_submit.success :: updateStoreProduct :: #545
2020-01-16T18:32:55+00:00 NOTICE action_scheduler.queue_job :: MailChimp_WooCommerce_Single_Product starts in 5 seconds :: obj_id 543
2020-01-16T18:33:25+00:00 NOTICE product_submit.success :: updateStoreProduct :: #543
2020-01-16T18:33:26+00:00 NOTICE action_scheduler.queue_job :: MailChimp_WooCommerce_Single_Product starts in 5 seconds :: obj_id 541
2020-01-16T18:33:36+00:00 NOTICE product.deleted :: deleted product 538
2020-01-16T18:33:59+00:00 NOTICE action_scheduler.queue_job :: MailChimp_WooCommerce_Single_Product starts in 5 seconds :: obj_id 528
2020-01-16T18:34:12+00:00 NOTICE action_scheduler.queue_job :: MailChimp_WooCommerce_Single_Product starts in 5 seconds :: obj_id 525
2020-01-16T18:34:20+00:00 NOTICE product_submit.success :: updateStoreProduct :: #541
2020-01-16T18:34:21+00:00 NOTICE product_submit.success :: updateStoreProduct :: #528
2020-01-16T18:34:22+00:00 NOTICE product_submit.success :: updateStoreProduct :: #525
2020-01-16T18:34:52+00:00 NOTICE action_scheduler.queue_job :: MailChimp_WooCommerce_Single_Product starts in 5 seconds :: obj_id 767
2020-01-16T18:35:06+00:00 NOTICE action_scheduler.queue_job :: MailChimp_WooCommerce_Single_Product starts in 5 seconds :: obj_id 765
2020-01-16T18:35:19+00:00 NOTICE product_submit.success :: updateStoreProduct :: #767
2020-01-16T18:35:20+00:00 NOTICE product_submit.success :: updateStoreProduct :: #765
2020-01-16T18:35:26+00:00 NOTICE action_scheduler.queue_job :: MailChimp_WooCommerce_Single_Product starts in 5 seconds :: obj_id 762
2020-01-16T18:36:55+00:00 NOTICE product_submit.success :: updateStoreProduct :: #762
2020-01-16T20:29:42+00:00 NOTICE action_scheduler.queue_job :: MailChimp_WooCommerce_Single_Product starts in 5 seconds :: obj_id 760
2020-01-16T20:29:54+00:00 NOTICE action_scheduler.queue_job :: MailChimp_WooCommerce_Single_Product starts in 5 seconds :: obj_id 758
2020-01-16T20:30:12+00:00 NOTICE action_scheduler.queue_job :: MailChimp_WooCommerce_Single_Product starts in 5 seconds :: obj_id 754
2020-01-16T20:30:23+00:00 NOTICE product_submit.success :: updateStoreProduct :: #760
2020-01-16T20:30:24+00:00 NOTICE product_submit.success :: updateStoreProduct :: #758
2020-01-16T20:30:25+00:00 NOTICE product_submit.success :: updateStoreProduct :: #754
2020-01-16T20:30:32+00:00 NOTICE action_scheduler.queue_job :: MailChimp_WooCommerce_Single_Product starts in 5 seconds :: obj_id 752
2020-01-16T20:30:51+00:00 NOTICE action_scheduler.queue_job :: MailChimp_WooCommerce_Single_Product starts in 5 seconds :: obj_id 749
2020-01-16T20:31:14+00:00 NOTICE action_scheduler.queue_job :: MailChimp_WooCommerce_Single_Product starts in 5 seconds :: obj_id 744
2020-01-16T20:31:21+00:00 NOTICE product_submit.success :: updateStoreProduct :: #752
2020-01-16T20:31:22+00:00 NOTICE product_submit.success :: updateStoreProduct :: #749
2020-01-16T20:31:23+00:00 NOTICE product_submit.success :: updateStoreProduct :: #744
2020-01-16T20:34:19+00:00 NOTICE action_scheduler.queue_job :: MailChimp_WooCommerce_Single_Product starts in 5 seconds :: obj_id 746
2020-01-16T20:34:54+00:00 NOTICE action_scheduler.queue_job :: MailChimp_WooCommerce_Single_Product starts in 5 seconds :: obj_id 726
2020-01-16T20:35:25+00:00 NOTICE product_submit.success :: updateStoreProduct :: #746
2020-01-16T20:35:25+00:00 NOTICE action_scheduler.queue_job :: MailChimp_WooCommerce_Single_Product starts in 5 seconds :: obj_id 723
2020-01-16T20:35:26+00:00 NOTICE product_submit.success :: updateStoreProduct :: #726
2020-01-16T20:35:38+00:00 NOTICE action_scheduler.queue_job :: MailChimp_WooCommerce_Single_Product starts in 5 seconds :: obj_id 722
2020-01-16T20:36:19+00:00 NOTICE product_submit.success :: updateStoreProduct :: #722
2020-01-16T20:36:20+00:00 NOTICE product_submit.success :: updateStoreProduct :: #723
2020-01-16T20:36:24+00:00 NOTICE action_scheduler.queue_job :: MailChimp_WooCommerce_Single_Product starts in 5 seconds :: obj_id 716
2020-01-16T20:36:38+00:00 NOTICE action_scheduler.queue_job :: MailChimp_WooCommerce_Single_Product starts in 5 seconds :: obj_id 721
2020-01-16T20:37:19+00:00 NOTICE product_submit.success :: updateStoreProduct :: #716
2020-01-16T20:37:20+00:00 NOTICE product_submit.success :: updateStoreProduct :: #721
2020-01-16T21:32:20+00:00 NOTICE action_scheduler.queue_job :: MailChimp_WooCommerce_Single_Product starts in 5 seconds :: obj_id 13017
2020-01-16T21:32:35+00:00 NOTICE action_scheduler.queue_job :: MailChimp_WooCommerce_Single_Product starts in 5 seconds :: obj_id 13010
2020-01-16T21:32:56+00:00 NOTICE action_scheduler.queue_job :: MailChimp_WooCommerce_Single_Product starts in 5 seconds :: obj_id 13002
2020-01-16T21:33:09+00:00 NOTICE action_scheduler.queue_job :: MailChimp_WooCommerce_Single_Product starts in 5 seconds :: obj_id 13007
2020-01-16T21:33:24+00:00 NOTICE product_submit.success :: updateStoreProduct :: #13017
2020-01-16T21:33:24+00:00 NOTICE product_submit.success :: updateStoreProduct :: #13010
2020-01-16T21:33:25+00:00 NOTICE product_submit.success :: updateStoreProduct :: #13002
2020-01-16T21:33:26+00:00 NOTICE product_submit.success :: updateStoreProduct :: #13007
2020-01-16T21:33:36+00:00 NOTICE action_scheduler.queue_job :: MailChimp_WooCommerce_Single_Product starts in 5 seconds :: obj_id 12688
2020-01-16T21:33:48+00:00 NOTICE action_scheduler.queue_job :: MailChimp_WooCommerce_Single_Product starts in 5 seconds :: obj_id 12691
2020-01-16T21:34:01+00:00 NOTICE action_scheduler.queue_job :: MailChimp_WooCommerce_Single_Product starts in 5 seconds :: obj_id 12674
2020-01-16T21:34:15+00:00 NOTICE action_scheduler.queue_job :: MailChimp_WooCommerce_Single_Product starts in 5 seconds :: obj_id 12685
2020-01-16T21:34:23+00:00 NOTICE product_submit.success :: updateStoreProduct :: #12688
2020-01-16T21:34:24+00:00 NOTICE product_submit.success :: updateStoreProduct :: #12691
2020-01-16T21:34:25+00:00 NOTICE product_submit.success :: updateStoreProduct :: #12674
2020-01-16T21:34:25+00:00 NOTICE product_submit.success :: updateStoreProduct :: #12685
2020-01-16T21:42:10+00:00 NOTICE action_scheduler.queue_job :: MailChimp_WooCommerce_Single_Product starts in 5 seconds :: obj_id 13216
2020-01-16T21:42:20+00:00 NOTICE product_submit.success :: addStoreProduct :: #13216
2020-01-16T21:43:40+00:00 NOTICE action_scheduler.queue_job :: MailChimp_WooCommerce_Single_Product starts in 5 seconds :: obj_id 13220
2020-01-16T21:44:19+00:00 NOTICE product_submit.success :: addStoreProduct :: #13220
2020-01-16T21:45:04+00:00 NOTICE action_scheduler.queue_job :: MailChimp_WooCommerce_Single_Product starts in 5 seconds :: obj_id 13224
2020-01-16T21:45:20+00:00 NOTICE product_submit.success :: addStoreProduct :: #13224
2020-01-16T21:46:16+00:00 NOTICE action_scheduler.queue_job :: MailChimp_WooCommerce_Single_Product starts in 5 seconds :: obj_id 13228
2020-01-16T21:47:19+00:00 NOTICE product_submit.success :: addStoreProduct :: #13228
2020-01-16T21:50:02+00:00 NOTICE action_scheduler.queue_job :: MailChimp_WooCommerce_Single_Product starts in 5 seconds :: obj_id 13232
2020-01-16T21:50:40+00:00 NOTICE product_submit.success :: addStoreProduct :: #13232
