2020-01-23T10:06:58+00:00 NOTICE action_scheduler.queue_job :: MailChimp_WooCommerce_Cart_Update starts in the next minute :: obj_id 389e14f53551e224c4dcfc5d3454c123
2020-01-23T10:07:22+00:00 NOTICE abandoned_cart.success :: email: pstausboell@hotmail.com :: checkout_url: https://newnordichome.dk/kasse/?mc_cart_id=389e14f53551e224c4dcfc5d3454c123
2020-01-23T10:07:35+00:00 NOTICE action_scheduler.queue_job :: MailChimp_WooCommerce_Single_Order starts in 90 seconds :: obj_id 13660
2020-01-23T10:10:21+00:00 NOTICE order_submit.success :: addStoreOrder :: #13660 :: email: pstausboell@hotmail.com :: abandoned cart deleted [389e14f53551e224c4dcfc5d3454c123]
2020-01-23T10:36:27+00:00 NOTICE action_scheduler.queue_job :: MailChimp_WooCommerce_Cart_Update starts in the next minute :: obj_id 92eb873ca76635c8ba970b1f4778346e
2020-01-23T10:37:39+00:00 NOTICE abandoned_cart.success :: email: chv@realdaniabyogbyg.dk :: checkout_url: https://newnordichome.dk/kasse/?mc_cart_id=92eb873ca76635c8ba970b1f4778346e
2020-01-23T10:37:42+00:00 NOTICE action_scheduler.queue_job :: MailChimp_WooCommerce_Single_Order starts in 90 seconds :: obj_id 13666
2020-01-23T10:40:50+00:00 NOTICE order_submit.success :: addStoreOrder :: #13666 :: email: chv@realdaniabyogbyg.dk :: abandoned cart deleted [92eb873ca76635c8ba970b1f4778346e]
2020-01-23T18:50:02+00:00 NOTICE action_scheduler.queue_job :: MailChimp_WooCommerce_Single_Product starts in 5 seconds :: obj_id 642
2020-01-23T18:50:24+00:00 NOTICE product_submit.success :: updateStoreProduct :: #642
2020-01-23T21:00:24+00:00 NOTICE action_scheduler.queue_job :: MailChimp_WooCommerce_Single_Product starts in 5 seconds :: obj_id 1417
2020-01-23T21:01:20+00:00 NOTICE product_submit.success :: updateStoreProduct :: #1417
2020-01-23T21:01:42+00:00 NOTICE action_scheduler.queue_job :: MailChimp_WooCommerce_Single_Product starts in 5 seconds :: obj_id 1498
2020-01-23T21:02:19+00:00 NOTICE product_submit.success :: updateStoreProduct :: #1498
2020-01-23T21:02:59+00:00 NOTICE action_scheduler.queue_job :: MailChimp_WooCommerce_Single_Product starts in 5 seconds :: obj_id 1480
2020-01-23T21:03:20+00:00 NOTICE product_submit.success :: updateStoreProduct :: #1480
2020-01-23T21:28:47+00:00 NOTICE action_scheduler.queue_job :: MailChimp_WooCommerce_Single_Product starts in 5 seconds :: obj_id 13688
2020-01-23T21:29:27+00:00 NOTICE product_submit.success :: addStoreProduct :: #13688
2020-01-23T22:00:37+00:00 NOTICE action_scheduler.queue_job :: MailChimp_WooCommerce_SingleCoupon starts in the next minute :: obj_id 13693
2020-01-23T22:01:32+00:00 NOTICE promo_code.update :: updated promo code lagersalg20
