2020-01-19T07:52:42+00:00 NOTICE action_scheduler.queue_job :: MailChimp_WooCommerce_Cart_Update starts in the next minute :: obj_id db85f1d59b4f80a96a3c72f58c8f39e4
2020-01-19T07:53:22+00:00 NOTICE abandoned_cart.success :: email: horsboel@hotmail.com :: checkout_url: https://newnordichome.dk/kasse/?mc_cart_id=db85f1d59b4f80a96a3c72f58c8f39e4
2020-01-19T07:53:57+00:00 NOTICE action_scheduler.queue_job :: MailChimp_WooCommerce_Single_Order starts in 90 seconds :: obj_id 13345
2020-01-19T07:56:10+00:00 NOTICE action_scheduler.queue_job :: MailChimp_WooCommerce_Single_Order starts in 90 seconds :: obj_id 13345
2020-01-19T07:58:22+00:00 NOTICE order_submit.success :: addStoreOrder :: #13345 :: email: horsboel@hotmail.com
2020-01-19T10:05:50+00:00 NOTICE action_scheduler.queue_job :: MailChimp_WooCommerce_Single_Product starts in 5 seconds :: obj_id 7466
2020-01-19T10:06:30+00:00 NOTICE product_submit.success :: updateStoreProduct :: #7466
2020-01-19T11:23:12+00:00 NOTICE action_scheduler.queue_job :: MailChimp_WooCommerce_Single_Order starts in 90 seconds :: obj_id 13345
2020-01-19T11:25:29+00:00 NOTICE order_submit.success :: updateStoreOrder :: #13345 :: email: horsboel@hotmail.com
2020-01-19T11:36:39+00:00 NOTICE action_scheduler.queue_job :: MailChimp_WooCommerce_Single_Product starts in 5 seconds :: obj_id 418
2020-01-19T11:36:57+00:00 NOTICE action_scheduler.queue_job :: MailChimp_WooCommerce_Single_Product starts in 5 seconds :: obj_id 417
2020-01-19T11:37:22+00:00 NOTICE product_submit.success :: updateStoreProduct :: #418
2020-01-19T11:37:22+00:00 NOTICE product_submit.success :: updateStoreProduct :: #417
2020-01-19T11:37:31+00:00 NOTICE action_scheduler.queue_job :: MailChimp_WooCommerce_Single_Product starts in 5 seconds :: obj_id 420
2020-01-19T11:38:03+00:00 NOTICE action_scheduler.queue_job :: MailChimp_WooCommerce_Single_Product starts in 5 seconds :: obj_id 111
2020-01-19T11:38:27+00:00 NOTICE product_submit.success :: updateStoreProduct :: #420
2020-01-19T11:38:27+00:00 NOTICE action_scheduler.queue_job :: MailChimp_WooCommerce_Single_Product starts in 5 seconds :: obj_id 114
2020-01-19T11:38:27+00:00 NOTICE product_submit.success :: updateStoreProduct :: #111
2020-01-19T11:38:45+00:00 NOTICE action_scheduler.queue_job :: MailChimp_WooCommerce_Single_Product starts in 5 seconds :: obj_id 112
2020-01-19T11:39:10+00:00 NOTICE action_scheduler.queue_job :: MailChimp_WooCommerce_Single_Product starts in 5 seconds :: obj_id 54
2020-01-19T11:39:23+00:00 NOTICE product_submit.success :: updateStoreProduct :: #114
2020-01-19T11:39:24+00:00 NOTICE product_submit.success :: updateStoreProduct :: #112
2020-01-19T11:39:25+00:00 NOTICE product_submit.success :: updateStoreProduct :: #54
2020-01-19T11:39:45+00:00 NOTICE action_scheduler.queue_job :: MailChimp_WooCommerce_Single_Product starts in 5 seconds :: obj_id 767
2020-01-19T11:40:13+00:00 NOTICE action_scheduler.queue_job :: MailChimp_WooCommerce_Single_Product starts in 5 seconds :: obj_id 765
2020-01-19T11:40:26+00:00 NOTICE product_submit.success :: updateStoreProduct :: #767
2020-01-19T11:40:27+00:00 NOTICE product_submit.success :: updateStoreProduct :: #765
2020-01-19T11:40:36+00:00 NOTICE action_scheduler.queue_job :: MailChimp_WooCommerce_Single_Product starts in 5 seconds :: obj_id 7733
2020-01-19T11:41:26+00:00 NOTICE product_submit.success :: updateStoreProduct :: #7733
2020-01-19T11:46:02+00:00 NOTICE action_scheduler.queue_job :: MailChimp_WooCommerce_Single_Product starts in 5 seconds :: obj_id 173
2020-01-19T11:46:14+00:00 NOTICE action_scheduler.queue_job :: MailChimp_WooCommerce_Single_Product starts in 5 seconds :: obj_id 169
2020-01-19T11:46:19+00:00 NOTICE product_submit.success :: updateStoreProduct :: #173
2020-01-19T11:46:20+00:00 NOTICE product_submit.success :: updateStoreProduct :: #169
2020-01-19T11:46:28+00:00 NOTICE action_scheduler.queue_job :: MailChimp_WooCommerce_Single_Product starts in 5 seconds :: obj_id 177
2020-01-19T11:47:20+00:00 NOTICE product_submit.success :: updateStoreProduct :: #177
2020-01-19T11:47:30+00:00 NOTICE action_scheduler.queue_job :: MailChimp_WooCommerce_Single_Product starts in 5 seconds :: obj_id 1758
2020-01-19T11:48:06+00:00 NOTICE action_scheduler.queue_job :: MailChimp_WooCommerce_Single_Product starts in 5 seconds :: obj_id 1756
2020-01-19T11:48:22+00:00 NOTICE product_submit.success :: updateStoreProduct :: #1758
2020-01-19T11:48:23+00:00 NOTICE product_submit.success :: updateStoreProduct :: #1756
2020-01-19T11:54:56+00:00 NOTICE action_scheduler.queue_job :: MailChimp_WooCommerce_Single_Product starts in 5 seconds :: obj_id 7725
2020-01-19T11:55:34+00:00 NOTICE product_submit.success :: updateStoreProduct :: #7725
2020-01-19T12:03:21+00:00 NOTICE action_scheduler.queue_job :: MailChimp_WooCommerce_Single_Product starts in 5 seconds :: obj_id 4037
2020-01-19T12:03:36+00:00 NOTICE action_scheduler.queue_job :: MailChimp_WooCommerce_Single_Product starts in 5 seconds :: obj_id 167
2020-01-19T12:03:47+00:00 NOTICE action_scheduler.queue_job :: MailChimp_WooCommerce_Single_Product starts in 5 seconds :: obj_id 163
2020-01-19T12:04:47+00:00 NOTICE product_submit.success :: updateStoreProduct :: #4037
2020-01-19T12:04:48+00:00 NOTICE product_submit.success :: updateStoreProduct :: #167
2020-01-19T12:04:48+00:00 NOTICE product_submit.success :: updateStoreProduct :: #163
2020-01-19T12:05:28+00:00 NOTICE action_scheduler.queue_job :: MailChimp_WooCommerce_Single_Product starts in 5 seconds :: obj_id 163
2020-01-19T12:06:31+00:00 NOTICE product_submit.success :: updateStoreProduct :: #163
2020-01-19T12:06:51+00:00 NOTICE action_scheduler.queue_job :: MailChimp_WooCommerce_Single_Product starts in 5 seconds :: obj_id 7540
2020-01-19T12:07:06+00:00 NOTICE action_scheduler.queue_job :: MailChimp_WooCommerce_Single_Product starts in 5 seconds :: obj_id 7543
2020-01-19T12:07:19+00:00 NOTICE product_submit.success :: updateStoreProduct :: #7540
2020-01-19T12:07:20+00:00 NOTICE product_submit.success :: updateStoreProduct :: #7543
2020-01-19T12:07:21+00:00 NOTICE action_scheduler.queue_job :: MailChimp_WooCommerce_Single_Product starts in 5 seconds :: obj_id 7536
2020-01-19T12:07:29+00:00 NOTICE action_scheduler.queue_job :: MailChimp_WooCommerce_Single_Product starts in 5 seconds :: obj_id 7533
2020-01-19T12:09:40+00:00 NOTICE product_submit.success :: updateStoreProduct :: #7536
2020-01-19T12:09:41+00:00 NOTICE product_submit.success :: updateStoreProduct :: #7533
2020-01-19T12:20:43+00:00 NOTICE action_scheduler.queue_job :: MailChimp_WooCommerce_Single_Product starts in 5 seconds :: obj_id 6690
2020-01-19T12:21:23+00:00 NOTICE product_submit.success :: updateStoreProduct :: #6690
2020-01-19T12:22:57+00:00 NOTICE action_scheduler.queue_job :: MailChimp_WooCommerce_Single_Product starts in 5 seconds :: obj_id 6677
2020-01-19T12:23:45+00:00 NOTICE product_submit.success :: updateStoreProduct :: #6677
2020-01-19T12:35:17+00:00 NOTICE action_scheduler.queue_job :: MailChimp_WooCommerce_Single_Product starts in 5 seconds :: obj_id 881
2020-01-19T12:35:43+00:00 NOTICE action_scheduler.queue_job :: MailChimp_WooCommerce_Single_Product starts in 5 seconds :: obj_id 528
2020-01-19T12:36:36+00:00 NOTICE product_submit.success :: updateStoreProduct :: #881
2020-01-19T12:36:36+00:00 NOTICE product_submit.success :: updateStoreProduct :: #528
2020-01-19T12:44:32+00:00 NOTICE action_scheduler.queue_job :: MailChimp_WooCommerce_Single_Product starts in 5 seconds :: obj_id 760
2020-01-19T12:45:08+00:00 NOTICE action_scheduler.queue_job :: MailChimp_WooCommerce_Single_Product starts in 5 seconds :: obj_id 1790
2020-01-19T12:45:24+00:00 NOTICE product_submit.success :: updateStoreProduct :: #760
2020-01-19T12:45:25+00:00 NOTICE product_submit.success :: updateStoreProduct :: #1790
2020-01-19T12:47:14+00:00 NOTICE action_scheduler.queue_job :: MailChimp_WooCommerce_Single_Product starts in 5 seconds :: obj_id 1204
2020-01-19T12:47:31+00:00 NOTICE product_submit.success :: updateStoreProduct :: #1204
2020-01-19T13:15:51+00:00 NOTICE action_scheduler.queue_job :: MailChimp_WooCommerce_Single_Product starts in 5 seconds :: obj_id 696
2020-01-19T13:16:09+00:00 NOTICE action_scheduler.queue_job :: MailChimp_WooCommerce_Single_Product starts in 5 seconds :: obj_id 694
2020-01-19T13:16:19+00:00 NOTICE product_submit.success :: updateStoreProduct :: #696
2020-01-19T13:16:20+00:00 NOTICE product_submit.success :: updateStoreProduct :: #694
2020-01-19T13:16:31+00:00 NOTICE action_scheduler.queue_job :: MailChimp_WooCommerce_Single_Product starts in 5 seconds :: obj_id 694
2020-01-19T13:16:52+00:00 NOTICE action_scheduler.queue_job :: MailChimp_WooCommerce_Single_Product starts in 5 seconds :: obj_id 296
2020-01-19T13:17:24+00:00 NOTICE product_submit.success :: updateStoreProduct :: #694
2020-01-19T13:17:24+00:00 NOTICE action_scheduler.queue_job :: MailChimp_WooCommerce_Single_Product starts in 5 seconds :: obj_id 296
2020-01-19T13:17:25+00:00 NOTICE product_submit.success :: updateStoreProduct :: #296
2020-01-19T13:18:27+00:00 NOTICE product_submit.success :: updateStoreProduct :: #296
2020-01-19T13:19:48+00:00 NOTICE action_scheduler.queue_job :: MailChimp_WooCommerce_Single_Product starts in 5 seconds :: obj_id 648
2020-01-19T13:20:50+00:00 NOTICE product_submit.success :: updateStoreProduct :: #648
2020-01-19T13:27:55+00:00 NOTICE action_scheduler.queue_job :: MailChimp_WooCommerce_Single_Product starts in 5 seconds :: obj_id 645
2020-01-19T13:28:19+00:00 NOTICE product_submit.success :: updateStoreProduct :: #645
2020-01-19T13:28:49+00:00 NOTICE action_scheduler.queue_job :: MailChimp_WooCommerce_Single_Product starts in 5 seconds :: obj_id 6884
2020-01-19T13:29:07+00:00 NOTICE action_scheduler.queue_job :: MailChimp_WooCommerce_Single_Product starts in 5 seconds :: obj_id 558
2020-01-19T13:29:20+00:00 NOTICE product_submit.success :: updateStoreProduct :: #6884
2020-01-19T13:29:20+00:00 NOTICE product_submit.success :: updateStoreProduct :: #558
2020-01-19T13:37:06+00:00 NOTICE action_scheduler.queue_job :: MailChimp_WooCommerce_Single_Product starts in 5 seconds :: obj_id 10380
2020-01-19T13:37:20+00:00 NOTICE product_submit.success :: updateStoreProduct :: #10380
2020-01-19T13:40:32+00:00 NOTICE action_scheduler.queue_job :: MailChimp_WooCommerce_Single_Product starts in 5 seconds :: obj_id 10386
2020-01-19T13:42:34+00:00 NOTICE product_submit.success :: updateStoreProduct :: #10386
2020-01-19T13:43:15+00:00 NOTICE action_scheduler.queue_job :: MailChimp_WooCommerce_Single_Product starts in 5 seconds :: obj_id 1066
2020-01-19T13:43:26+00:00 NOTICE product_submit.success :: updateStoreProduct :: #1066
2020-01-19T13:49:08+00:00 NOTICE action_scheduler.queue_job :: MailChimp_WooCommerce_Single_Product starts in 5 seconds :: obj_id 10386
2020-01-19T13:49:59+00:00 NOTICE product_submit.success :: updateStoreProduct :: #10386
2020-01-19T13:54:36+00:00 NOTICE action_scheduler.queue_job :: MailChimp_WooCommerce_Single_Product starts in 5 seconds :: obj_id 5679
2020-01-19T13:55:22+00:00 NOTICE product_submit.success :: updateStoreProduct :: #5679
2020-01-19T14:02:42+00:00 NOTICE action_scheduler.queue_job :: MailChimp_WooCommerce_Single_Product starts in 5 seconds :: obj_id 5684
2020-01-19T14:03:48+00:00 NOTICE product_submit.success :: updateStoreProduct :: #5684
2020-01-19T14:37:52+00:00 NOTICE action_scheduler.queue_job :: MailChimp_WooCommerce_Single_Order starts in 90 seconds :: obj_id 13055
2020-01-19T14:38:14+00:00 NOTICE action_scheduler.queue_job :: MailChimp_WooCommerce_Single_Order starts in 90 seconds :: obj_id 13050
2020-01-19T14:39:35+00:00 NOTICE order_submit.success :: updateStoreOrder :: #13055 :: email: catjafido@hotmail.com
2020-01-19T14:40:20+00:00 NOTICE order_submit.success :: updateStoreOrder :: #13050 :: email: kibj@frederikshavn.dk
2020-01-19T21:07:08+00:00 NOTICE action_scheduler.queue_job :: MailChimp_WooCommerce_Single_Product starts in 5 seconds :: obj_id 13328
2020-01-19T21:07:19+00:00 NOTICE product_submit.success :: updateStoreProduct :: #13328
2020-01-19T21:11:14+00:00 NOTICE action_scheduler.queue_job :: MailChimp_WooCommerce_Single_Product starts in 5 seconds :: obj_id 13421
2020-01-19T21:11:23+00:00 NOTICE product_submit.success :: addStoreProduct :: #13421
2020-01-19T21:12:20+00:00 NOTICE action_scheduler.queue_job :: MailChimp_WooCommerce_Single_Product starts in 5 seconds :: obj_id 13421
2020-01-19T21:13:37+00:00 NOTICE product_submit.success :: updateStoreProduct :: #13421
2020-01-19T23:36:31+00:00 NOTICE action_scheduler.queue_job :: MailChimp_WooCommerce_Cart_Update starts in the next minute :: obj_id 9a687cc795cb555561ee0a0f24a9df88
2020-01-19T23:37:22+00:00 NOTICE abandoned_cart.success :: email: jee-soo@hotmail.com :: checkout_url: https://newnordichome.dk/kasse/?mc_cart_id=9a687cc795cb555561ee0a0f24a9df88
2020-01-19T23:37:34+00:00 NOTICE action_scheduler.queue_job :: MailChimp_WooCommerce_Single_Order starts in 90 seconds :: obj_id 13433
2020-01-19T23:40:41+00:00 NOTICE order_submit.success :: addStoreOrder :: #13433 :: email: jee-soo@hotmail.com :: abandoned cart deleted [9a687cc795cb555561ee0a0f24a9df88]
