2020-01-15T10:27:11+00:00 NOTICE action_scheduler.queue_job :: MailChimp_WooCommerce_Cart_Update starts in the next minute :: obj_id abd2b582ce449fb0eb2f9a6f83254b41
2020-01-15T10:27:54+00:00 NOTICE abandoned_cart.success :: email: caroline@overgaarddesign.dk :: checkout_url: https://newnordichome.dk/kasse/?mc_cart_id=abd2b582ce449fb0eb2f9a6f83254b41
2020-01-15T10:30:35+00:00 NOTICE action_scheduler.queue_job :: MailChimp_WooCommerce_Single_Order starts in 90 seconds :: obj_id 12925
2020-01-15T10:32:25+00:00 NOTICE order_submit.success :: addStoreOrder :: #12925 :: email: caroline@overgaarddesign.dk :: abandoned cart deleted [abd2b582ce449fb0eb2f9a6f83254b41]
2020-01-15T16:45:26+00:00 NOTICE action_scheduler.queue_job :: MailChimp_WooCommerce_Single_Order starts in 90 seconds :: obj_id 12882
2020-01-15T16:46:32+00:00 NOTICE action_scheduler.queue_job :: MailChimp_WooCommerce_Single_Order starts in 90 seconds :: obj_id 12894
2020-01-15T16:46:47+00:00 NOTICE action_scheduler.queue_job :: MailChimp_WooCommerce_Single_Order starts in 90 seconds :: obj_id 12552
2020-01-15T16:47:21+00:00 NOTICE order_submit.success :: updateStoreOrder :: #12882 :: email: mbj84@hotmail.com
2020-01-15T16:48:27+00:00 NOTICE order_submit.success :: updateStoreOrder :: #12894 :: email: ejwi@mail.dk
2020-01-15T16:48:29+00:00 NOTICE order_submit.success :: updateStoreOrder :: #12552 :: email: helifreak@outlook.dk
2020-01-15T18:11:14+00:00 NOTICE action_scheduler.queue_job :: MailChimp_WooCommerce_Single_Product starts in 5 seconds :: obj_id 155
2020-01-15T18:11:20+00:00 NOTICE product_submit.success :: updateStoreProduct :: #155
2020-01-15T18:12:43+00:00 NOTICE action_scheduler.queue_job :: MailChimp_WooCommerce_SingleCoupon starts in the next minute :: obj_id 3372
2020-01-15T18:13:25+00:00 NOTICE promo_code.update :: updated promo code velkommen10
2020-01-15T18:14:05+00:00 NOTICE action_scheduler.queue_job :: MailChimp_WooCommerce_Single_Product starts in 5 seconds :: obj_id 323
2020-01-15T18:14:14+00:00 NOTICE product.deleted :: deleted product 317
2020-01-15T18:14:20+00:00 NOTICE product_submit.success :: updateStoreProduct :: #323
2020-01-15T18:14:37+00:00 NOTICE action_scheduler.queue_job :: MailChimp_WooCommerce_Single_Product starts in 5 seconds :: obj_id 353
2020-01-15T18:15:03+00:00 NOTICE action_scheduler.queue_job :: MailChimp_WooCommerce_Single_Product starts in 5 seconds :: obj_id 315
2020-01-15T18:15:19+00:00 NOTICE product_submit.success :: updateStoreProduct :: #353
2020-01-15T18:15:19+00:00 NOTICE product_submit.success :: updateStoreProduct :: #315
2020-01-15T18:15:25+00:00 NOTICE action_scheduler.queue_job :: MailChimp_WooCommerce_Single_Product starts in 5 seconds :: obj_id 313
2020-01-15T18:15:59+00:00 NOTICE action_scheduler.queue_job :: MailChimp_WooCommerce_Single_Product starts in 5 seconds :: obj_id 418
2020-01-15T18:16:25+00:00 NOTICE action_scheduler.queue_job :: MailChimp_WooCommerce_Single_Product starts in 5 seconds :: obj_id 417
2020-01-15T18:16:26+00:00 NOTICE product_submit.success :: updateStoreProduct :: #313
2020-01-15T18:16:28+00:00 NOTICE product_submit.success :: updateStoreProduct :: #418
2020-01-15T18:17:11+00:00 NOTICE action_scheduler.queue_job :: MailChimp_WooCommerce_Single_Product starts in 5 seconds :: obj_id 366
2020-01-15T18:17:20+00:00 NOTICE product_submit.success :: updateStoreProduct :: #417
2020-01-15T18:17:21+00:00 NOTICE product_submit.success :: updateStoreProduct :: #366
2020-01-15T18:18:05+00:00 NOTICE action_scheduler.queue_job :: MailChimp_WooCommerce_Single_Product starts in 5 seconds :: obj_id 726
2020-01-15T18:18:38+00:00 NOTICE product_submit.success :: updateStoreProduct :: #726
2020-01-15T18:25:03+00:00 NOTICE action_scheduler.queue_job :: MailChimp_WooCommerce_Single_Product starts in 5 seconds :: obj_id 760
2020-01-15T18:25:24+00:00 NOTICE product_submit.success :: updateStoreProduct :: #760
2020-01-15T18:25:25+00:00 NOTICE action_scheduler.queue_job :: MailChimp_WooCommerce_Single_Product starts in 5 seconds :: obj_id 758
2020-01-15T18:26:23+00:00 NOTICE product_submit.success :: updateStoreProduct :: #758
2020-01-15T18:27:13+00:00 NOTICE action_scheduler.queue_job :: MailChimp_WooCommerce_Single_Product starts in 5 seconds :: obj_id 964
2020-01-15T18:27:23+00:00 NOTICE product_submit.success :: updateStoreProduct :: #964
2020-01-15T18:27:46+00:00 NOTICE action_scheduler.queue_job :: MailChimp_WooCommerce_Single_Product starts in 5 seconds :: obj_id 883
2020-01-15T18:28:24+00:00 NOTICE product_submit.success :: updateStoreProduct :: #883
2020-01-15T18:28:52+00:00 NOTICE action_scheduler.queue_job :: MailChimp_WooCommerce_Single_Product starts in 5 seconds :: obj_id 1311
2020-01-15T18:29:20+00:00 NOTICE product_submit.success :: updateStoreProduct :: #1311
2020-01-15T18:30:27+00:00 NOTICE action_scheduler.queue_job :: MailChimp_WooCommerce_Single_Product starts in 5 seconds :: obj_id 1380
2020-01-15T18:31:21+00:00 NOTICE product_submit.success :: updateStoreProduct :: #1380
2020-01-15T18:31:39+00:00 NOTICE action_scheduler.queue_job :: MailChimp_WooCommerce_Single_Product starts in 5 seconds :: obj_id 1400
2020-01-15T18:32:20+00:00 NOTICE product_submit.success :: updateStoreProduct :: #1400
2020-01-15T18:32:52+00:00 NOTICE action_scheduler.queue_job :: MailChimp_WooCommerce_Single_Product starts in 5 seconds :: obj_id 1417
2020-01-15T18:33:31+00:00 NOTICE product_submit.success :: updateStoreProduct :: #1417
2020-01-15T18:33:37+00:00 NOTICE action_scheduler.queue_job :: MailChimp_WooCommerce_Single_Product starts in 5 seconds :: obj_id 3411
2020-01-15T18:34:10+00:00 NOTICE action_scheduler.queue_job :: MailChimp_WooCommerce_Single_Product starts in 5 seconds :: obj_id 3426
2020-01-15T18:34:22+00:00 NOTICE product_submit.success :: updateStoreProduct :: #3411
2020-01-15T18:34:24+00:00 NOTICE product_submit.success :: updateStoreProduct :: #3426
2020-01-15T18:36:29+00:00 NOTICE action_scheduler.queue_job :: MailChimp_WooCommerce_Single_Product starts in 5 seconds :: obj_id 12006
2020-01-15T18:37:00+00:00 NOTICE action_scheduler.queue_job :: MailChimp_WooCommerce_Single_Product starts in 5 seconds :: obj_id 10386
2020-01-15T18:37:17+00:00 NOTICE action_scheduler.queue_job :: MailChimp_WooCommerce_Single_Product starts in 5 seconds :: obj_id 10380
2020-01-15T18:37:39+00:00 NOTICE action_scheduler.queue_job :: MailChimp_WooCommerce_Single_Product starts in 5 seconds :: obj_id 10238
2020-01-15T18:37:57+00:00 NOTICE action_scheduler.queue_job :: MailChimp_WooCommerce_Single_Product starts in 5 seconds :: obj_id 10229
2020-01-15T18:38:30+00:00 NOTICE product_submit.error :: addStoreProduct :: #12006 :: Error Code 500 :: CURL error :: Operation timed out after 30000 milliseconds with 0 bytes received on 1634 in /var/www/newnordichome.dk/public_html/wp-content/plugins/mailchimp-for-woocommerce/includes/api/class-mailchimp-api.php
2020-01-15T18:38:50+00:00 NOTICE action_scheduler.queue_job :: MailChimp_WooCommerce_Single_Product starts in 5 seconds :: obj_id 8611
2020-01-15T18:39:22+00:00 NOTICE action_scheduler.queue_job :: MailChimp_WooCommerce_Single_Product starts in 5 seconds :: obj_id 8120
2020-01-15T18:39:30+00:00 ERROR product_submit.error :: addStoreProduct :: #10386 :: Error Code 0 ::  on 1665 in /var/www/newnordichome.dk/public_html/wp-content/plugins/mailchimp-for-woocommerce/includes/api/class-mailchimp-api.php
2020-01-15T18:39:30+00:00 ERROR product_submit.error :: addStoreProduct :: #10380 :: Error Code 0 ::  on 1665 in /var/www/newnordichome.dk/public_html/wp-content/plugins/mailchimp-for-woocommerce/includes/api/class-mailchimp-api.php
2020-01-15T18:39:31+00:00 ERROR product_submit.error :: addStoreProduct :: #8611 :: Error Code 0 ::  on 1665 in /var/www/newnordichome.dk/public_html/wp-content/plugins/mailchimp-for-woocommerce/includes/api/class-mailchimp-api.php
2020-01-15T18:39:32+00:00 ERROR product_submit.error :: addStoreProduct :: #8120 :: Error Code 0 ::  on 1665 in /var/www/newnordichome.dk/public_html/wp-content/plugins/mailchimp-for-woocommerce/includes/api/class-mailchimp-api.php
2020-01-15T18:39:36+00:00 NOTICE product_submit.error :: addStoreProduct :: #10238 :: Error Code 500 :: CURL error :: Operation timed out after 30000 milliseconds with 0 bytes received on 1634 in /var/www/newnordichome.dk/public_html/wp-content/plugins/mailchimp-for-woocommerce/includes/api/class-mailchimp-api.php
2020-01-15T18:39:56+00:00 NOTICE action_scheduler.queue_job :: MailChimp_WooCommerce_Single_Product starts in 5 seconds :: obj_id 7932
2020-01-15T18:40:39+00:00 NOTICE action_scheduler.queue_job :: MailChimp_WooCommerce_Single_Product starts in 5 seconds :: obj_id 7588
2020-01-15T18:41:00+00:00 NOTICE action_scheduler.queue_job :: MailChimp_WooCommerce_Single_Product starts in 5 seconds :: obj_id 7582
2020-01-15T18:41:20+00:00 ERROR product_submit.error :: addStoreProduct :: #10229 :: Error Code 0 ::  on 1665 in /var/www/newnordichome.dk/public_html/wp-content/plugins/mailchimp-for-woocommerce/includes/api/class-mailchimp-api.php
2020-01-15T18:41:25+00:00 ERROR product_submit.error :: addStoreProduct :: #7932 :: Error Code 0 ::  on 1665 in /var/www/newnordichome.dk/public_html/wp-content/plugins/mailchimp-for-woocommerce/includes/api/class-mailchimp-api.php
2020-01-15T18:41:26+00:00 ERROR product_submit.error :: addStoreProduct :: #7588 :: Error Code 0 ::  on 1665 in /var/www/newnordichome.dk/public_html/wp-content/plugins/mailchimp-for-woocommerce/includes/api/class-mailchimp-api.php
2020-01-15T18:41:27+00:00 ERROR product_submit.error :: addStoreProduct :: #7582 :: Error Code 0 ::  on 1665 in /var/www/newnordichome.dk/public_html/wp-content/plugins/mailchimp-for-woocommerce/includes/api/class-mailchimp-api.php
2020-01-15T18:42:14+00:00 NOTICE action_scheduler.queue_job :: MailChimp_WooCommerce_Single_Product starts in 5 seconds :: obj_id 7379
2020-01-15T18:42:50+00:00 ERROR product_submit.error :: addStoreProduct :: #7379 :: Error Code 0 ::  on 1665 in /var/www/newnordichome.dk/public_html/wp-content/plugins/mailchimp-for-woocommerce/includes/api/class-mailchimp-api.php
2020-01-15T18:43:08+00:00 NOTICE action_scheduler.queue_job :: MailChimp_WooCommerce_Single_Product starts in 5 seconds :: obj_id 6043
2020-01-15T18:43:19+00:00 NOTICE action_scheduler.queue_job :: MailChimp_WooCommerce_Single_Product starts in 5 seconds :: obj_id 6040
2020-01-15T18:43:49+00:00 ERROR product_submit.error :: addStoreProduct :: #6043 :: Error Code 0 ::  on 1665 in /var/www/newnordichome.dk/public_html/wp-content/plugins/mailchimp-for-woocommerce/includes/api/class-mailchimp-api.php
2020-01-15T18:44:28+00:00 NOTICE action_scheduler.queue_job :: MailChimp_WooCommerce_Single_Product starts in 5 seconds :: obj_id 5324
2020-01-15T18:44:44+00:00 NOTICE action_scheduler.queue_job :: MailChimp_WooCommerce_Single_Product starts in 5 seconds :: obj_id 5169
2020-01-15T18:45:09+00:00 NOTICE action_scheduler.queue_job :: MailChimp_WooCommerce_Single_Product starts in 5 seconds :: obj_id 5110
2020-01-15T18:45:20+00:00 ERROR product_submit.error :: addStoreProduct :: #6040 :: Error Code 0 ::  on 1665 in /var/www/newnordichome.dk/public_html/wp-content/plugins/mailchimp-for-woocommerce/includes/api/class-mailchimp-api.php
2020-01-15T18:45:21+00:00 ERROR product_submit.error :: addStoreProduct :: #5324 :: Error Code 0 ::  on 1665 in /var/www/newnordichome.dk/public_html/wp-content/plugins/mailchimp-for-woocommerce/includes/api/class-mailchimp-api.php
2020-01-15T18:45:22+00:00 ERROR product_submit.error :: addStoreProduct :: #5169 :: Error Code 0 ::  on 1665 in /var/www/newnordichome.dk/public_html/wp-content/plugins/mailchimp-for-woocommerce/includes/api/class-mailchimp-api.php
2020-01-15T18:45:23+00:00 ERROR product_submit.error :: addStoreProduct :: #5110 :: Error Code 0 ::  on 1665 in /var/www/newnordichome.dk/public_html/wp-content/plugins/mailchimp-for-woocommerce/includes/api/class-mailchimp-api.php
2020-01-15T18:45:59+00:00 NOTICE action_scheduler.queue_job :: MailChimp_WooCommerce_Single_Product starts in 5 seconds :: obj_id 4559
2020-01-15T18:46:27+00:00 ERROR product_submit.error :: addStoreProduct :: #4559 :: Error Code 0 ::  on 1665 in /var/www/newnordichome.dk/public_html/wp-content/plugins/mailchimp-for-woocommerce/includes/api/class-mailchimp-api.php
2020-01-15T18:46:27+00:00 NOTICE action_scheduler.queue_job :: MailChimp_WooCommerce_Single_Product starts in 5 seconds :: obj_id 4558
2020-01-15T18:46:49+00:00 NOTICE action_scheduler.queue_job :: MailChimp_WooCommerce_Single_Product starts in 5 seconds :: obj_id 4554
2020-01-15T18:47:20+00:00 ERROR product_submit.error :: addStoreProduct :: #4558 :: Error Code 0 ::  on 1665 in /var/www/newnordichome.dk/public_html/wp-content/plugins/mailchimp-for-woocommerce/includes/api/class-mailchimp-api.php
2020-01-15T18:47:20+00:00 ERROR product_submit.error :: addStoreProduct :: #4554 :: Error Code 0 ::  on 1665 in /var/www/newnordichome.dk/public_html/wp-content/plugins/mailchimp-for-woocommerce/includes/api/class-mailchimp-api.php
2020-01-15T18:50:05+00:00 NOTICE action_scheduler.queue_job :: MailChimp_WooCommerce_Single_Product starts in 5 seconds :: obj_id 1541
2020-01-15T18:50:30+00:00 NOTICE product_submit.success :: updateStoreProduct :: #1541
2020-01-15T18:51:58+00:00 NOTICE action_scheduler.queue_job :: MailChimp_WooCommerce_Single_Product starts in 5 seconds :: obj_id 7932
2020-01-15T18:52:19+00:00 NOTICE product_submit.success :: updateStoreProduct :: #7932
2020-01-15T18:52:46+00:00 NOTICE action_scheduler.queue_job :: MailChimp_WooCommerce_Single_Product starts in 5 seconds :: obj_id 7477
2020-01-15T18:53:19+00:00 NOTICE product_submit.success :: updateStoreProduct :: #7477
2020-01-15T21:58:31+00:00 NOTICE action_scheduler.queue_job :: MailChimp_WooCommerce_Single_Product starts in 5 seconds :: obj_id 13002
2020-01-15T21:59:32+00:00 NOTICE product_submit.success :: addStoreProduct :: #13002
2020-01-15T22:00:02+00:00 NOTICE action_scheduler.queue_job :: MailChimp_WooCommerce_Single_Product starts in 5 seconds :: obj_id 13007
2020-01-15T22:00:54+00:00 NOTICE product_submit.success :: addStoreProduct :: #13007
2020-01-15T22:04:34+00:00 NOTICE action_scheduler.queue_job :: MailChimp_WooCommerce_Single_Product starts in 5 seconds :: obj_id 13010
2020-01-15T22:05:59+00:00 NOTICE product_submit.success :: addStoreProduct :: #13010
2020-01-15T22:08:50+00:00 NOTICE action_scheduler.queue_job :: MailChimp_WooCommerce_Single_Product starts in 5 seconds :: obj_id 13010
2020-01-15T22:09:20+00:00 NOTICE product_submit.success :: updateStoreProduct :: #13010
2020-01-15T22:13:06+00:00 NOTICE action_scheduler.queue_job :: MailChimp_WooCommerce_Single_Product starts in 5 seconds :: obj_id 13017
2020-01-15T22:13:25+00:00 NOTICE product_submit.success :: addStoreProduct :: #13017
2020-01-15T22:16:07+00:00 NOTICE action_scheduler.queue_job :: MailChimp_WooCommerce_Single_Product starts in 5 seconds :: obj_id 13017
2020-01-15T22:16:21+00:00 NOTICE product_submit.success :: updateStoreProduct :: #13017
2020-01-15T22:16:34+00:00 NOTICE action_scheduler.queue_job :: MailChimp_WooCommerce_Single_Product starts in 5 seconds :: obj_id 13010
2020-01-15T22:17:24+00:00 NOTICE product_submit.success :: updateStoreProduct :: #13010
2020-01-15T22:20:38+00:00 NOTICE action_scheduler.queue_job :: MailChimp_WooCommerce_Single_Product starts in 5 seconds :: obj_id 783
2020-01-15T22:21:31+00:00 NOTICE product_submit.success :: updateStoreProduct :: #783
2020-01-15T22:21:31+00:00 NOTICE action_scheduler.queue_job :: MailChimp_WooCommerce_Single_Product starts in 5 seconds :: obj_id 785
2020-01-15T22:22:08+00:00 NOTICE action_scheduler.queue_job :: MailChimp_WooCommerce_Single_Product starts in 5 seconds :: obj_id 771
2020-01-15T22:22:28+00:00 NOTICE product_submit.success :: updateStoreProduct :: #785
2020-01-15T22:22:29+00:00 NOTICE product_submit.success :: updateStoreProduct :: #771
2020-01-15T22:22:30+00:00 NOTICE action_scheduler.queue_job :: MailChimp_WooCommerce_Single_Product starts in 5 seconds :: obj_id 771
2020-01-15T22:23:56+00:00 NOTICE product_submit.success :: updateStoreProduct :: #771
2020-01-15T22:37:19+00:00 NOTICE action_scheduler.queue_job :: MailChimp_WooCommerce_SingleCoupon starts in the next minute :: obj_id 13031
2020-01-15T22:37:22+00:00 NOTICE promo_code.update :: updated promo code extra10
