2020-01-12T08:48:50+00:00 NOTICE action_scheduler.queue_job :: MailChimp_WooCommerce_Cart_Update starts in the next minute :: obj_id 07530d3d25849b99698ed99d0710b1f3
2020-01-12T08:49:30+00:00 NOTICE abandoned_cart.success :: email: carlsbergdanmark@hotmail.com :: checkout_url: https://newnordichome.dk/kasse/?mc_cart_id=07530d3d25849b99698ed99d0710b1f3
2020-01-12T08:50:09+00:00 NOTICE action_scheduler.queue_job :: MailChimp_WooCommerce_Single_Order starts in 90 seconds :: obj_id 12746
2020-01-12T08:53:47+00:00 NOTICE action_scheduler.queue_job :: MailChimp_WooCommerce_Cart_Update starts in the next minute :: obj_id 07530d3d25849b99698ed99d0710b1f3
2020-01-12T08:54:20+00:00 NOTICE abandoned_cart.success :: email: carlsbergdanmark@hotmail.com :: checkout_url: https://newnordichome.dk/kasse/?mc_cart_id=07530d3d25849b99698ed99d0710b1f3
2020-01-12T08:55:08+00:00 NOTICE action_scheduler.queue_job :: MailChimp_WooCommerce_Cart_Update starts in the next minute :: obj_id 07530d3d25849b99698ed99d0710b1f3
2020-01-12T08:55:47+00:00 NOTICE abandoned_cart.success :: email: carlsbergdanmark@hotmail.com :: checkout_url: https://newnordichome.dk/kasse/?mc_cart_id=07530d3d25849b99698ed99d0710b1f3
2020-01-12T08:56:08+00:00 NOTICE action_scheduler.queue_job :: MailChimp_WooCommerce_Cart_Update starts in the next minute :: obj_id 07530d3d25849b99698ed99d0710b1f3
2020-01-12T08:56:44+00:00 NOTICE abandoned_cart.success :: email: carlsbergdanmark@hotmail.com :: checkout_url: https://newnordichome.dk/kasse/?mc_cart_id=07530d3d25849b99698ed99d0710b1f3
2020-01-12T10:34:50+00:00 NOTICE action_scheduler.queue_job :: MailChimp_WooCommerce_Cart_Update starts in the next minute :: obj_id 1116d2b46e262da2363f5d7e86b47e5e
2020-01-12T10:35:33+00:00 NOTICE abandoned_cart.success :: email: christoffer.elgaard@gmail.com :: checkout_url: https://newnordichome.dk/kasse/?mc_cart_id=1116d2b46e262da2363f5d7e86b47e5e
2020-01-12T10:36:03+00:00 NOTICE action_scheduler.queue_job :: MailChimp_WooCommerce_Single_Order starts in 90 seconds :: obj_id 12757
2020-01-12T10:39:06+00:00 NOTICE order_submit.success :: addStoreOrder :: #12757 :: email: christoffer.elgaard@gmail.com :: abandoned cart deleted [1116d2b46e262da2363f5d7e86b47e5e]
2020-01-12T15:56:42+00:00 NOTICE action_scheduler.queue_job :: MailChimp_WooCommerce_Single_Order starts in 90 seconds :: obj_id 12391
2020-01-12T15:58:21+00:00 NOTICE order_submit.success :: updateStoreOrder :: #12391 :: email: kirsten@diemer.dk
2020-01-12T16:24:01+00:00 NOTICE action_scheduler.queue_job :: MailChimp_WooCommerce_Single_Product starts in 5 seconds :: obj_id 12769
2020-01-12T16:24:22+00:00 NOTICE product_submit.success :: addStoreProduct :: #12769
2020-01-12T16:25:21+00:00 NOTICE product.delete_fail :: Unable to deleted product 12778
2020-01-12T16:26:53+00:00 NOTICE action_scheduler.queue_job :: MailChimp_WooCommerce_Single_Product starts in 5 seconds :: obj_id 12780
2020-01-12T16:27:20+00:00 NOTICE product_submit.success :: addStoreProduct :: #12780
2020-01-12T17:15:12+00:00 NOTICE action_scheduler.queue_job :: MailChimp_WooCommerce_Single_Order starts in 90 seconds :: obj_id 11870
2020-01-12T17:17:31+00:00 NOTICE order_submit.success :: updateStoreOrder :: #11870 :: email: natasja_altofte@hotmail.com
2020-01-12T17:21:36+00:00 NOTICE action_scheduler.queue_job :: MailChimp_WooCommerce_Single_Order starts in 90 seconds :: obj_id 12708
2020-01-12T17:23:32+00:00 NOTICE order_submit.success :: updateStoreOrder :: #12708 :: email: anja_faber@hotmail.com
2020-01-12T17:27:55+00:00 NOTICE action_scheduler.queue_job :: MailChimp_WooCommerce_Single_Order starts in 90 seconds :: obj_id 12729
2020-01-12T17:30:24+00:00 NOTICE order_submit.success :: updateStoreOrder :: #12729 :: email: kiran00@live.dk
2020-01-12T17:36:44+00:00 NOTICE action_scheduler.queue_job :: MailChimp_WooCommerce_Single_Order starts in 90 seconds :: obj_id 12757
2020-01-12T17:38:20+00:00 NOTICE order_submit.success :: updateStoreOrder :: #12757 :: email: christoffer.elgaard@gmail.com
2020-01-12T18:05:53+00:00 NOTICE action_scheduler.queue_job :: MailChimp_WooCommerce_Cart_Update starts in the next minute :: obj_id 4f61dde0d2185166304d857ecce795ea
2020-01-12T18:06:26+00:00 NOTICE abandoned_cart.success :: email: ulla.stegemuller@gmail.com :: checkout_url: https://newnordichome.dk/kasse/?mc_cart_id=4f61dde0d2185166304d857ecce795ea
2020-01-12T18:08:00+00:00 NOTICE action_scheduler.queue_job :: MailChimp_WooCommerce_Single_Order starts in 90 seconds :: obj_id 12797
2020-01-12T18:09:30+00:00 NOTICE action_scheduler.queue_job :: MailChimp_WooCommerce_Single_Order starts in 90 seconds :: obj_id 12797
2020-01-12T18:09:31+00:00 NOTICE order_submit.success :: addStoreOrder :: #12797 :: email: ulla.stegemuller@gmail.com :: abandoned cart deleted [4f61dde0d2185166304d857ecce795ea]
2020-01-12T18:10:38+00:00 NOTICE action_scheduler.queue_job :: MailChimp_WooCommerce_Cart_Update starts in the next minute :: obj_id 4f61dde0d2185166304d857ecce795ea
2020-01-12T18:11:29+00:00 NOTICE abandoned_cart.success :: email: ulla.stegemuller@gmail.com :: checkout_url: https://newnordichome.dk/kasse/?mc_cart_id=4f61dde0d2185166304d857ecce795ea
2020-01-12T18:11:30+00:00 NOTICE order_submit.success :: updateStoreOrder :: #12797 :: email: ulla.stegemuller@gmail.com :: abandoned cart deleted [4f61dde0d2185166304d857ecce795ea]
2020-01-12T18:11:48+00:00 NOTICE action_scheduler.queue_job :: MailChimp_WooCommerce_Cart_Update starts in the next minute :: obj_id 4f61dde0d2185166304d857ecce795ea
2020-01-12T18:12:29+00:00 NOTICE abandoned_cart.success :: email: ulla.stegemuller@gmail.com :: checkout_url: https://newnordichome.dk/kasse/?mc_cart_id=4f61dde0d2185166304d857ecce795ea
2020-01-12T18:12:30+00:00 NOTICE ac.cart_swap :: Deleted cart [ulla.stegemuller@gmail.com] :: ID [4f61dde0d2185166304d857ecce795ea]
2020-01-12T18:12:30+00:00 NOTICE action_scheduler.queue_job :: MailChimp_WooCommerce_Cart_Update starts in the next minute :: obj_id 36cd1acbf61f6b0ee7b9099ac5f4e587
2020-01-12T18:12:31+00:00 NOTICE action_scheduler.queue_job :: MailChimp_WooCommerce_Single_Order starts in 90 seconds :: obj_id 12807
2020-01-12T18:13:18+00:00 NOTICE action_scheduler.queue_job :: MailChimp_WooCommerce_Cart_Update starts in the next minute :: obj_id 4f61dde0d2185166304d857ecce795ea
2020-01-12T18:13:21+00:00 NOTICE abandoned_cart.success :: email: cornelia.jahedian@gmail.com :: checkout_url: https://newnordichome.dk/kasse/?mc_cart_id=36cd1acbf61f6b0ee7b9099ac5f4e587
2020-01-12T18:13:22+00:00 NOTICE abandoned_cart.success :: email: ulla.stegemuller@gmail.com :: checkout_url: https://newnordichome.dk/kasse/?mc_cart_id=4f61dde0d2185166304d857ecce795ea
2020-01-12T18:14:26+00:00 NOTICE order_submit.success :: addStoreOrder :: #12807 :: email: cornelia.jahedian@gmail.com :: abandoned cart deleted [36cd1acbf61f6b0ee7b9099ac5f4e587]
2020-01-12T18:14:56+00:00 NOTICE action_scheduler.queue_job :: MailChimp_WooCommerce_Cart_Update starts in the next minute :: obj_id 36cd1acbf61f6b0ee7b9099ac5f4e587
2020-01-12T18:15:29+00:00 NOTICE abandoned_cart.success :: email: cornelia.jahedian@gmail.com :: checkout_url: https://newnordichome.dk/kasse/?mc_cart_id=36cd1acbf61f6b0ee7b9099ac5f4e587
2020-01-12T18:15:29+00:00 NOTICE ac.cart_swap :: Deleted cart [cornelia.jahedian@gmail.com] :: ID [36cd1acbf61f6b0ee7b9099ac5f4e587]
2020-01-12T18:15:30+00:00 NOTICE action_scheduler.queue_job :: MailChimp_WooCommerce_Single_Order starts in 90 seconds :: obj_id 12813
2020-01-12T18:15:30+00:00 NOTICE action_scheduler.queue_job :: MailChimp_WooCommerce_Cart_Update starts in the next minute :: obj_id c4aea3bb94e8ed83e366685bbc6a20e0
2020-01-12T18:16:20+00:00 NOTICE abandoned_cart.success :: email: hbmolbek@gmail.com :: checkout_url: https://newnordichome.dk/kasse/?mc_cart_id=c4aea3bb94e8ed83e366685bbc6a20e0
2020-01-12T18:18:21+00:00 NOTICE order_submit.success :: addStoreOrder :: #12813 :: email: hbmolbek@gmail.com :: abandoned cart deleted [c4aea3bb94e8ed83e366685bbc6a20e0]
2020-01-12T18:36:43+00:00 NOTICE action_scheduler.queue_job :: MailChimp_WooCommerce_Single_Order starts in 90 seconds :: obj_id 12529
2020-01-12T18:38:23+00:00 NOTICE order_submit.success :: updateStoreOrder :: #12529 :: email: anita.nathalia@ymail.com
2020-01-12T18:44:45+00:00 NOTICE action_scheduler.queue_job :: MailChimp_WooCommerce_Single_Product starts in 5 seconds :: obj_id 325
2020-01-12T18:45:22+00:00 NOTICE product_submit.success :: updateStoreProduct :: #325
2020-01-12T21:05:28+00:00 NOTICE action_scheduler.queue_job :: MailChimp_WooCommerce_Single_Order starts in 90 seconds :: obj_id 11866
2020-01-12T21:07:27+00:00 NOTICE order_submit.success :: updateStoreOrder :: #11866 :: email: maria_haagensen89@hotmail.com
2020-01-12T22:03:09+00:00 NOTICE action_scheduler.queue_job :: MailChimp_WooCommerce_Cart_Update starts in the next minute :: obj_id 224cb0a539a09e1e793a0677c8a54427
2020-01-12T22:03:56+00:00 NOTICE abandoned_cart.success :: email: khedri22@hotmail.com :: checkout_url: https://newnordichome.dk/kasse/?mc_cart_id=224cb0a539a09e1e793a0677c8a54427
2020-01-12T22:15:03+00:00 NOTICE action_scheduler.queue_job :: MailChimp_WooCommerce_Cart_Update starts in the next minute :: obj_id 224cb0a539a09e1e793a0677c8a54427
2020-01-12T22:15:48+00:00 NOTICE abandoned_cart.success :: email: khedri22@hotmail.com :: checkout_url: https://newnordichome.dk/kasse/?mc_cart_id=224cb0a539a09e1e793a0677c8a54427
2020-01-12T22:16:40+00:00 NOTICE action_scheduler.queue_job :: MailChimp_WooCommerce_Single_Order starts in 90 seconds :: obj_id 12830
2020-01-12T22:18:29+00:00 NOTICE order_submit.success :: addStoreOrder :: #12830 :: email: khedri22@hotmail.com :: abandoned cart deleted [224cb0a539a09e1e793a0677c8a54427]
