2020-01-09T16:28:35+00:00 NOTICE action_scheduler.queue_job :: MailChimp_WooCommerce_Single_Order starts in 90 seconds :: obj_id 12563
2020-01-09T16:30:26+00:00 NOTICE order_submit.success :: updateStoreOrder :: #12563 :: email: christinehoppe@hotmail.dk
2020-01-09T17:26:15+00:00 NOTICE action_scheduler.queue_job :: MailChimp_WooCommerce_Single_Order starts in 90 seconds :: obj_id 12453
2020-01-09T17:28:27+00:00 NOTICE order_submit.success :: updateStoreOrder :: #12453 :: email: biam1@hotmail.com
2020-01-09T17:35:10+00:00 NOTICE action_scheduler.queue_job :: MailChimp_WooCommerce_Single_Order starts in 90 seconds :: obj_id 12285
2020-01-09T17:37:26+00:00 NOTICE order_submit.success :: updateStoreOrder :: #12285 :: email: miebrixx@gmail.com
2020-01-09T17:40:14+00:00 NOTICE action_scheduler.queue_job :: MailChimp_WooCommerce_Single_Order starts in 90 seconds :: obj_id 12008
2020-01-09T17:42:20+00:00 NOTICE order_submit.success :: updateStoreOrder :: #12008 :: email: cvthomsen85@gmail.com
2020-01-09T18:36:30+00:00 NOTICE action_scheduler.queue_job :: MailChimp_WooCommerce_Single_Order starts in 90 seconds :: obj_id 11812
2020-01-09T18:36:51+00:00 NOTICE action_scheduler.queue_job :: MailChimp_WooCommerce_Single_Order starts in 90 seconds :: obj_id 12559
2020-01-09T18:39:36+00:00 NOTICE order_submit.success :: updateStoreOrder :: #11812 :: email: lrutell@yahoo.dk
2020-01-09T18:39:38+00:00 NOTICE order_submit.success :: updateStoreOrder :: #12559 :: email: simonvesterg@gmail.com
2020-01-09T19:45:21+00:00 NOTICE action_scheduler.queue_job :: MailChimp_WooCommerce_Single_Product starts in 5 seconds :: obj_id 638
2020-01-09T19:46:11+00:00 NOTICE action_scheduler.queue_job :: MailChimp_WooCommerce_Single_Product starts in 5 seconds :: obj_id 642
2020-01-09T19:46:20+00:00 NOTICE product_submit.success :: updateStoreProduct :: #638
2020-01-09T19:46:22+00:00 NOTICE product_submit.success :: updateStoreProduct :: #642
2020-01-09T19:55:41+00:00 NOTICE action_scheduler.queue_job :: MailChimp_WooCommerce_Single_Order starts in 90 seconds :: obj_id 12509
2020-01-09T19:57:25+00:00 NOTICE order_submit.success :: updateStoreOrder :: #12509 :: email: rikke@sigdal.dk
2020-01-09T20:11:39+00:00 NOTICE action_scheduler.queue_job :: MailChimp_WooCommerce_Single_Order starts in 90 seconds :: obj_id 12067
2020-01-09T20:13:22+00:00 NOTICE order_submit.success :: updateStoreOrder :: #12067 :: email: mailundjakobsen@gmail.com
2020-01-09T20:56:02+00:00 NOTICE action_scheduler.queue_job :: MailChimp_WooCommerce_Single_Product starts in 5 seconds :: obj_id 4037
2020-01-09T20:56:23+00:00 NOTICE product_submit.success :: updateStoreProduct :: #4037
2020-01-09T20:57:24+00:00 NOTICE action_scheduler.queue_job :: MailChimp_WooCommerce_Single_Product starts in 5 seconds :: obj_id 7729
2020-01-09T20:57:52+00:00 NOTICE action_scheduler.queue_job :: MailChimp_WooCommerce_Single_Product starts in 5 seconds :: obj_id 1756
2020-01-09T20:58:19+00:00 NOTICE product_submit.success :: updateStoreProduct :: #7729
2020-01-09T20:58:19+00:00 NOTICE product_submit.success :: updateStoreProduct :: #1756
2020-01-09T20:58:49+00:00 NOTICE action_scheduler.queue_job :: MailChimp_WooCommerce_Single_Product starts in 5 seconds :: obj_id 169
2020-01-09T20:59:21+00:00 NOTICE product_submit.success :: updateStoreProduct :: #169
2020-01-09T21:01:00+00:00 NOTICE action_scheduler.queue_job :: MailChimp_WooCommerce_Single_Product starts in 5 seconds :: obj_id 177
2020-01-09T21:01:30+00:00 NOTICE product_submit.success :: updateStoreProduct :: #177
2020-01-09T21:01:31+00:00 NOTICE action_scheduler.queue_job :: MailChimp_WooCommerce_Single_Product starts in 5 seconds :: obj_id 873
2020-01-09T21:01:52+00:00 NOTICE action_scheduler.queue_job :: MailChimp_WooCommerce_Single_Product starts in 5 seconds :: obj_id 7740
2020-01-09T21:02:11+00:00 NOTICE action_scheduler.queue_job :: MailChimp_WooCommerce_Single_Product starts in 5 seconds :: obj_id 7540
2020-01-09T21:02:25+00:00 NOTICE product_submit.success :: updateStoreProduct :: #873
2020-01-09T21:02:25+00:00 NOTICE action_scheduler.queue_job :: MailChimp_WooCommerce_Single_Product starts in 5 seconds :: obj_id 762
2020-01-09T21:02:25+00:00 NOTICE product_submit.success :: updateStoreProduct :: #7740
2020-01-09T21:02:26+00:00 NOTICE product_submit.success :: updateStoreProduct :: #7540
2020-01-09T21:03:30+00:00 NOTICE product_submit.success :: updateStoreProduct :: #762
2020-01-09T21:04:10+00:00 NOTICE action_scheduler.queue_job :: MailChimp_WooCommerce_Single_Product starts in 5 seconds :: obj_id 7721
2020-01-09T21:04:20+00:00 NOTICE product_submit.success :: updateStoreProduct :: #7721
2020-01-09T21:05:17+00:00 NOTICE action_scheduler.queue_job :: MailChimp_WooCommerce_Single_Product starts in 5 seconds :: obj_id 103
2020-01-09T21:05:29+00:00 NOTICE action_scheduler.queue_job :: MailChimp_WooCommerce_Single_Product starts in 5 seconds :: obj_id 111
2020-01-09T21:06:04+00:00 NOTICE action_scheduler.queue_job :: MailChimp_WooCommerce_Single_Product starts in 5 seconds :: obj_id 7721
2020-01-09T21:06:25+00:00 NOTICE product_submit.success :: updateStoreProduct :: #103
2020-01-09T21:06:26+00:00 NOTICE product_submit.success :: updateStoreProduct :: #111
2020-01-09T21:06:27+00:00 NOTICE product_submit.success :: updateStoreProduct :: #7721
2020-01-09T21:06:48+00:00 NOTICE action_scheduler.queue_job :: MailChimp_WooCommerce_Single_Product starts in 5 seconds :: obj_id 1758
2020-01-09T21:07:02+00:00 NOTICE action_scheduler.queue_job :: MailChimp_WooCommerce_Single_Product starts in 5 seconds :: obj_id 1756
2020-01-09T21:07:20+00:00 NOTICE product_submit.success :: updateStoreProduct :: #1758
2020-01-09T21:07:20+00:00 NOTICE product_submit.success :: updateStoreProduct :: #1756
2020-01-09T21:07:29+00:00 NOTICE action_scheduler.queue_job :: MailChimp_WooCommerce_Single_Product starts in 5 seconds :: obj_id 767
2020-01-09T21:07:39+00:00 NOTICE action_scheduler.queue_job :: MailChimp_WooCommerce_Single_Product starts in 5 seconds :: obj_id 7533
2020-01-09T21:08:50+00:00 NOTICE product_submit.success :: updateStoreProduct :: #767
2020-01-09T21:08:51+00:00 NOTICE product_submit.success :: updateStoreProduct :: #7533
2020-01-09T21:12:01+00:00 NOTICE action_scheduler.queue_job :: MailChimp_WooCommerce_Single_Product starts in 5 seconds :: obj_id 2615
2020-01-09T21:12:20+00:00 NOTICE product_submit.success :: updateStoreProduct :: #2615
2020-01-09T21:12:54+00:00 NOTICE action_scheduler.queue_job :: MailChimp_WooCommerce_Single_Product starts in 5 seconds :: obj_id 1145
2020-01-09T21:13:19+00:00 NOTICE product_submit.success :: updateStoreProduct :: #1145
2020-01-09T21:13:50+00:00 NOTICE action_scheduler.queue_job :: MailChimp_WooCommerce_Single_Product starts in 5 seconds :: obj_id 1145
2020-01-09T21:15:04+00:00 NOTICE product_submit.success :: updateStoreProduct :: #1145
