2020-01-27T07:09:56+00:00 NOTICE action_scheduler.queue_job :: MailChimp_WooCommerce_Cart_Update starts in the next minute :: obj_id c0c37407b4168761077da67b8c2312f4
2020-01-27T07:10:51+00:00 NOTICE abandoned_cart.success :: email: mettefuh@gmail.com :: checkout_url: https://newnordichome.dk/kasse/?mc_cart_id=c0c37407b4168761077da67b8c2312f4
2020-01-27T07:11:19+00:00 NOTICE action_scheduler.queue_job :: MailChimp_WooCommerce_Single_Order starts in 90 seconds :: obj_id 13853
2020-01-27T07:13:20+00:00 NOTICE action_scheduler.queue_job :: MailChimp_WooCommerce_Single_Order starts in 90 seconds :: obj_id 13853
2020-01-27T07:17:13+00:00 NOTICE order_submit.success :: addStoreOrder :: #13853 :: email: mettefuh@gmail.com
2020-01-27T11:24:56+00:00 NOTICE action_scheduler.queue_job :: MailChimp_WooCommerce_Cart_Update starts in the next minute :: obj_id d10422afd27fd1d6c7838c6f25051d00
2020-01-27T11:25:21+00:00 NOTICE abandoned_cart.success :: email: janni.rusz@compasshrg.com :: checkout_url: https://newnordichome.dk/kasse/?mc_cart_id=d10422afd27fd1d6c7838c6f25051d00
2020-01-27T11:25:34+00:00 NOTICE action_scheduler.queue_job :: MailChimp_WooCommerce_Single_Order starts in 90 seconds :: obj_id 13863
2020-01-27T11:27:35+00:00 NOTICE order_submit.success :: addStoreOrder :: #13863 :: email: janni.rusz@compasshrg.com :: abandoned cart deleted [d10422afd27fd1d6c7838c6f25051d00]
2020-01-27T13:50:38+00:00 NOTICE action_scheduler.queue_job :: MailChimp_WooCommerce_SingleCoupon starts in the next minute :: obj_id 13031
2020-01-27T13:51:24+00:00 NOTICE promo_code.update :: updated promo code extra10
2020-01-27T16:04:17+00:00 NOTICE action_scheduler.queue_job :: MailChimp_WooCommerce_Cart_Update starts in the next minute :: obj_id 3843e086dab848d77984f0782249e97a
2020-01-27T16:04:24+00:00 NOTICE abandoned_cart.success :: email: heidi.rasmussen@post.tdcadsl.dk :: checkout_url: https://newnordichome.dk/kasse/?mc_cart_id=3843e086dab848d77984f0782249e97a
2020-01-27T16:04:40+00:00 NOTICE action_scheduler.queue_job :: MailChimp_WooCommerce_Single_Order starts in 90 seconds :: obj_id 13873
2020-01-27T16:06:21+00:00 NOTICE system.debug :: order 13873 is in on-hold status, and is being skipped for now.
2020-01-27T18:10:34+00:00 NOTICE action_scheduler.queue_job :: MailChimp_WooCommerce_Single_Order starts in 90 seconds :: obj_id 13610
2020-01-27T18:12:47+00:00 NOTICE order_submit.success :: updateStoreOrder :: #13610 :: email: julie_wismann@hotmail.com
2020-01-27T18:15:20+00:00 NOTICE action_scheduler.queue_job :: MailChimp_WooCommerce_Single_Order starts in 90 seconds :: obj_id 13853
2020-01-27T18:17:22+00:00 NOTICE order_submit.success :: updateStoreOrder :: #13853 :: email: mettefuh@gmail.com
2020-01-27T18:25:34+00:00 NOTICE action_scheduler.queue_job :: MailChimp_WooCommerce_Single_Product starts in 5 seconds :: obj_id 13882
2020-01-27T18:26:23+00:00 NOTICE product_submit.success :: addStoreProduct :: #13882
2020-01-27T18:28:11+00:00 NOTICE action_scheduler.queue_job :: MailChimp_WooCommerce_Single_Product starts in 5 seconds :: obj_id 13891
2020-01-27T18:28:29+00:00 NOTICE product_submit.success :: addStoreProduct :: #13891
2020-01-27T18:29:44+00:00 NOTICE action_scheduler.queue_job :: MailChimp_WooCommerce_Single_Product starts in 5 seconds :: obj_id 13891
2020-01-27T18:30:21+00:00 NOTICE product_submit.success :: updateStoreProduct :: #13891
2020-01-27T18:31:00+00:00 NOTICE action_scheduler.queue_job :: MailChimp_WooCommerce_Single_Product starts in 5 seconds :: obj_id 13895
2020-01-27T18:31:29+00:00 NOTICE product_submit.success :: addStoreProduct :: #13895
2020-01-27T18:32:51+00:00 NOTICE action_scheduler.queue_job :: MailChimp_WooCommerce_Single_Product starts in 5 seconds :: obj_id 13898
2020-01-27T18:33:45+00:00 NOTICE product_submit.success :: addStoreProduct :: #13898
2020-01-27T18:33:55+00:00 NOTICE action_scheduler.queue_job :: MailChimp_WooCommerce_Single_Product starts in 5 seconds :: obj_id 13895
2020-01-27T18:34:07+00:00 NOTICE action_scheduler.queue_job :: MailChimp_WooCommerce_Single_Product starts in 5 seconds :: obj_id 13891
2020-01-27T18:34:22+00:00 NOTICE product_submit.success :: updateStoreProduct :: #13895
2020-01-27T18:34:22+00:00 NOTICE action_scheduler.queue_job :: MailChimp_WooCommerce_Single_Product starts in 5 seconds :: obj_id 13882
2020-01-27T18:34:23+00:00 NOTICE product_submit.success :: updateStoreProduct :: #13891
2020-01-27T18:35:25+00:00 NOTICE product_submit.success :: updateStoreProduct :: #13882
2020-01-27T18:41:26+00:00 NOTICE action_scheduler.queue_job :: MailChimp_WooCommerce_Single_Product starts in 5 seconds :: obj_id 13905
2020-01-27T18:41:34+00:00 NOTICE product_submit.success :: addStoreProduct :: #13905
2020-01-27T18:41:51+00:00 NOTICE action_scheduler.queue_job :: MailChimp_WooCommerce_Single_Product starts in 5 seconds :: obj_id 13905
2020-01-27T18:42:22+00:00 NOTICE product_submit.success :: updateStoreProduct :: #13905
2020-01-27T19:48:58+00:00 NOTICE action_scheduler.queue_job :: MailChimp_WooCommerce_Single_Product starts in 5 seconds :: obj_id 13911
2020-01-27T19:50:30+00:00 NOTICE product_submit.success :: addStoreProduct :: #13911
2020-01-27T19:50:42+00:00 NOTICE action_scheduler.queue_job :: MailChimp_WooCommerce_Single_Product starts in 5 seconds :: obj_id 13921
2020-01-27T19:51:26+00:00 NOTICE product_submit.success :: addStoreProduct :: #13921
2020-01-27T19:52:11+00:00 NOTICE action_scheduler.queue_job :: MailChimp_WooCommerce_Single_Product starts in 5 seconds :: obj_id 13926
2020-01-27T19:52:33+00:00 NOTICE product_submit.success :: addStoreProduct :: #13926
2020-01-27T19:52:33+00:00 NOTICE action_scheduler.queue_job :: MailChimp_WooCommerce_Single_Product starts in 5 seconds :: obj_id 13926
2020-01-27T19:53:36+00:00 NOTICE product_submit.success :: updateStoreProduct :: #13926
2020-01-27T19:54:11+00:00 NOTICE action_scheduler.queue_job :: MailChimp_WooCommerce_Single_Product starts in 5 seconds :: obj_id 13930
2020-01-27T19:54:20+00:00 NOTICE product_submit.success :: addStoreProduct :: #13930
2020-01-27T19:55:43+00:00 NOTICE action_scheduler.queue_job :: MailChimp_WooCommerce_Single_Product starts in 5 seconds :: obj_id 13933
2020-01-27T19:56:37+00:00 NOTICE product_submit.success :: addStoreProduct :: #13933
2020-01-27T19:57:22+00:00 NOTICE action_scheduler.queue_job :: MailChimp_WooCommerce_Single_Product starts in 5 seconds :: obj_id 13937
2020-01-27T19:58:25+00:00 NOTICE product_submit.success :: addStoreProduct :: #13937
2020-01-27T21:13:08+00:00 NOTICE action_scheduler.queue_job :: MailChimp_WooCommerce_Single_Product starts in 5 seconds :: obj_id 13937
2020-01-27T21:13:29+00:00 NOTICE product_submit.success :: updateStoreProduct :: #13937
2020-01-27T21:18:22+00:00 NOTICE action_scheduler.queue_job :: MailChimp_WooCommerce_Single_Product starts in 5 seconds :: obj_id 13937
2020-01-27T21:19:26+00:00 NOTICE product_submit.success :: updateStoreProduct :: #13937
2020-01-27T21:19:36+00:00 NOTICE action_scheduler.queue_job :: MailChimp_WooCommerce_Single_Product starts in 5 seconds :: obj_id 13933
2020-01-27T21:20:24+00:00 NOTICE product_submit.success :: updateStoreProduct :: #13933
2020-01-27T21:24:11+00:00 NOTICE action_scheduler.queue_job :: MailChimp_WooCommerce_Single_Product starts in 5 seconds :: obj_id 13930
2020-01-27T21:24:20+00:00 NOTICE product_submit.success :: updateStoreProduct :: #13930
2020-01-27T21:50:18+00:00 NOTICE action_scheduler.queue_job :: MailChimp_WooCommerce_Single_Product starts in 5 seconds :: obj_id 13926
2020-01-27T21:51:13+00:00 NOTICE action_scheduler.queue_job :: MailChimp_WooCommerce_Single_Product starts in 5 seconds :: obj_id 13921
2020-01-27T21:51:21+00:00 NOTICE product_submit.success :: updateStoreProduct :: #13926
2020-01-27T21:51:22+00:00 NOTICE product_submit.success :: updateStoreProduct :: #13921
2020-01-27T21:52:21+00:00 NOTICE action_scheduler.queue_job :: MailChimp_WooCommerce_Single_Product starts in 5 seconds :: obj_id 13911
2020-01-27T21:53:28+00:00 NOTICE product_submit.success :: updateStoreProduct :: #13911
2020-01-27T21:54:57+00:00 NOTICE action_scheduler.queue_job :: MailChimp_WooCommerce_Single_Product starts in 5 seconds :: obj_id 13905
2020-01-27T21:55:33+00:00 NOTICE product_submit.success :: updateStoreProduct :: #13905
2020-01-27T21:59:24+00:00 NOTICE action_scheduler.queue_job :: MailChimp_WooCommerce_Single_Product starts in 5 seconds :: obj_id 13964
2020-01-27T22:00:21+00:00 NOTICE product_submit.success :: addStoreProduct :: #13964
