2020-01-22T08:46:18+00:00 NOTICE action_scheduler.queue_job :: MailChimp_WooCommerce_SingleCoupon starts in the next minute :: obj_id 13607
2020-01-22T08:46:21+00:00 NOTICE promo_code.update :: updated promo code julie100
2020-01-22T08:48:56+00:00 NOTICE action_scheduler.queue_job :: MailChimp_WooCommerce_Cart_Update starts in the next minute :: obj_id 27f7bbddb737f01539a93a654c1c1d1b
2020-01-22T08:49:24+00:00 NOTICE abandoned_cart.success :: email: julie_wismann@hotmail.com :: checkout_url: https://newnordichome.dk/kasse/?mc_cart_id=27f7bbddb737f01539a93a654c1c1d1b
2020-01-22T08:49:52+00:00 NOTICE action_scheduler.queue_job :: MailChimp_WooCommerce_Single_Order starts in 90 seconds :: obj_id 13610
2020-01-22T08:56:15+00:00 NOTICE order_submit.success :: addStoreOrder :: #13610 :: email: julie_wismann@hotmail.com :: abandoned cart deleted [27f7bbddb737f01539a93a654c1c1d1b]
2020-01-22T14:22:06+00:00 NOTICE action_scheduler.queue_job :: MailChimp_WooCommerce_Single_Order starts in 90 seconds :: obj_id 13590
2020-01-22T14:23:21+00:00 NOTICE action_scheduler.queue_job :: MailChimp_WooCommerce_Single_Order starts in 90 seconds :: obj_id 13539
2020-01-22T14:24:00+00:00 NOTICE action_scheduler.queue_job :: MailChimp_WooCommerce_Single_Order starts in 90 seconds :: obj_id 13478
2020-01-22T14:24:21+00:00 NOTICE order_submit.success :: updateStoreOrder :: #13590 :: email: kstina@live.dk
2020-01-22T14:24:58+00:00 NOTICE action_scheduler.queue_job :: MailChimp_WooCommerce_Single_Order starts in 90 seconds :: obj_id 13082
2020-01-22T14:25:26+00:00 NOTICE order_submit.success :: updateStoreOrder :: #13539 :: email: sabrinarassing@gmail.com
2020-01-22T14:26:31+00:00 NOTICE order_submit.success :: updateStoreOrder :: #13478 :: email: edin-71@hotmail.com
2020-01-22T14:26:33+00:00 NOTICE order_submit.success :: updateStoreOrder :: #13082 :: email: resham_92@hotmail.com
2020-01-22T14:30:36+00:00 NOTICE action_scheduler.queue_job :: MailChimp_WooCommerce_Single_Order starts in 90 seconds :: obj_id 10793
2020-01-22T14:32:29+00:00 NOTICE order_submit.success :: updateStoreOrder :: #10793 :: email: emtee.tt@gmail.com
2020-01-22T16:56:32+00:00 NOTICE action_scheduler.queue_job :: MailChimp_WooCommerce_SingleCoupon starts in the next minute :: obj_id 13633
2020-01-22T16:57:27+00:00 NOTICE promo_code.update :: updated promo code line20
2020-01-22T17:24:11+00:00 NOTICE action_scheduler.queue_job :: MailChimp_WooCommerce_SingleCoupon starts in the next minute :: obj_id 13633
2020-01-22T17:24:20+00:00 NOTICE promo_code.update :: updated promo code line20
2020-01-22T19:58:02+00:00 NOTICE action_scheduler.queue_job :: MailChimp_WooCommerce_Cart_Update starts in the next minute :: obj_id b94a15e6d41e85faa72b27f6c741fba7
2020-01-22T19:58:22+00:00 NOTICE abandoned_cart.success :: email: linemolin@hotmail.com :: checkout_url: https://newnordichome.dk/kasse/?mc_cart_id=b94a15e6d41e85faa72b27f6c741fba7
2020-01-22T20:00:10+00:00 NOTICE action_scheduler.queue_job :: MailChimp_WooCommerce_Single_Order starts in 90 seconds :: obj_id 13640
2020-01-22T20:02:42+00:00 NOTICE order_submit.success :: addStoreOrder :: #13640 :: email: linemolin@hotmail.com :: abandoned cart deleted [b94a15e6d41e85faa72b27f6c741fba7]
