2020-01-01T09:42:55+00:00 NOTICE action_scheduler.queue_job :: MailChimp_WooCommerce_Cart_Update starts in the next minute :: obj_id fa4598355b1428fced2cbaba98010a07
2020-01-01T09:43:13+00:00 NOTICE action_scheduler.queue_job :: MailChimp_WooCommerce_Single_Order starts in 90 seconds :: obj_id 11955
2020-01-01T09:43:19+00:00 NOTICE abandoned_cart.success :: email: lbsh6566@gmail.com :: checkout_url: https://newnordichome.dk/kasse/?mc_cart_id=fa4598355b1428fced2cbaba98010a07
2020-01-01T09:46:42+00:00 NOTICE order_submit.success :: addStoreOrder :: #11955 :: email: lbsh6566@gmail.com :: abandoned cart deleted [fa4598355b1428fced2cbaba98010a07]
2020-01-01T15:56:44+00:00 NOTICE action_scheduler.queue_job :: MailChimp_WooCommerce_Single_Order starts in 90 seconds :: obj_id 11955
2020-01-01T15:57:46+00:00 NOTICE action_scheduler.queue_job :: MailChimp_WooCommerce_Single_Order starts in 90 seconds :: obj_id 11891
2020-01-01T15:58:05+00:00 NOTICE action_scheduler.queue_job :: MailChimp_WooCommerce_Single_Order starts in 90 seconds :: obj_id 11883
2020-01-01T15:58:20+00:00 NOTICE order_submit.success :: updateStoreOrder :: #11955 :: email: lbsh6566@gmail.com
2020-01-01T15:58:47+00:00 NOTICE action_scheduler.queue_job :: MailChimp_WooCommerce_Single_Order starts in 90 seconds :: obj_id 11842
2020-01-01T15:59:24+00:00 NOTICE order_submit.success :: updateStoreOrder :: #11891 :: email: nathalibarbo7115@gmail.com
2020-01-01T15:59:24+00:00 NOTICE action_scheduler.queue_job :: MailChimp_WooCommerce_Single_Order starts in 90 seconds :: obj_id 11819
2020-01-01T16:00:23+00:00 NOTICE order_submit.success :: updateStoreOrder :: #11883 :: email: monepige90@hotmail.com :: abandoned cart deleted [374be8355c899221221a7a7e99c6b0cd]
2020-01-01T16:00:25+00:00 NOTICE order_submit.success :: updateStoreOrder :: #11842 :: email: natascha.lynggaard@jubii.dk
2020-01-01T16:01:24+00:00 NOTICE order_submit.success :: updateStoreOrder :: #11819 :: email: camillav1@live.dk
2020-01-01T16:37:53+00:00 NOTICE action_scheduler.queue_job :: MailChimp_WooCommerce_Single_Order starts in 90 seconds :: obj_id 11681
2020-01-01T16:38:55+00:00 NOTICE action_scheduler.queue_job :: MailChimp_WooCommerce_Single_Order starts in 90 seconds :: obj_id 11562
2020-01-01T16:40:32+00:00 NOTICE order_submit.success :: updateStoreOrder :: #11681 :: email: dongthao@hotmail.com
2020-01-01T16:40:33+00:00 NOTICE order_submit.success :: updateStoreOrder :: #11562 :: email: Fridenzaa@hotmail.com
2020-01-01T16:53:16+00:00 NOTICE action_scheduler.queue_job :: MailChimp_WooCommerce_Single_Order starts in 90 seconds :: obj_id 11480
2020-01-01T16:55:36+00:00 NOTICE order_submit.success :: updateStoreOrder :: #11480 :: email: piaarberg@gmail.com
2020-01-01T17:59:34+00:00 NOTICE action_scheduler.queue_job :: MailChimp_WooCommerce_Single_Product starts in 5 seconds :: obj_id 638
2020-01-01T18:00:19+00:00 NOTICE product_submit.success :: updateStoreProduct :: #638
2020-01-01T18:01:56+00:00 NOTICE action_scheduler.queue_job :: MailChimp_WooCommerce_Single_Product starts in 5 seconds :: obj_id 1132
2020-01-01T18:02:30+00:00 NOTICE product_submit.success :: updateStoreProduct :: #1132
2020-01-01T18:02:32+00:00 NOTICE action_scheduler.queue_job :: MailChimp_WooCommerce_Single_Product starts in 5 seconds :: obj_id 5088
2020-01-01T18:03:22+00:00 NOTICE product_submit.success :: updateStoreProduct :: #5088
2020-01-01T18:04:13+00:00 NOTICE action_scheduler.queue_job :: MailChimp_WooCommerce_Single_Product starts in 5 seconds :: obj_id 11201
2020-01-01T18:04:20+00:00 NOTICE product_submit.success :: updateStoreProduct :: #11201
2020-01-01T18:05:12+00:00 NOTICE action_scheduler.queue_job :: MailChimp_WooCommerce_Single_Product starts in 5 seconds :: obj_id 3929
2020-01-01T18:05:20+00:00 NOTICE product_submit.success :: updateStoreProduct :: #3929
2020-01-01T18:07:25+00:00 NOTICE action_scheduler.queue_job :: MailChimp_WooCommerce_Cart_Update starts in the next minute :: obj_id cdf2b91120a4aa3c7b469989652c339d
2020-01-01T18:09:11+00:00 NOTICE abandoned_cart.success :: email: helifreak@outlook.dk :: checkout_url: https://newnordichome.dk/kasse/?mc_cart_id=cdf2b91120a4aa3c7b469989652c339d
2020-01-01T18:10:08+00:00 NOTICE action_scheduler.queue_job :: MailChimp_WooCommerce_Single_Order starts in 90 seconds :: obj_id 11992
2020-01-01T18:12:20+00:00 NOTICE order_submit.success :: addStoreOrder :: #11992 :: email: helifreak@outlook.dk :: abandoned cart deleted [cdf2b91120a4aa3c7b469989652c339d]
2020-01-01T18:40:05+00:00 NOTICE action_scheduler.queue_job :: MailChimp_WooCommerce_Cart_Update starts in the next minute :: obj_id d3a5410ad15e3eb1bedf21b811c935cf
2020-01-01T18:40:20+00:00 NOTICE abandoned_cart.success :: email: julie.kirchmann@gmail.com :: checkout_url: https://newnordichome.dk/kasse/?mc_cart_id=d3a5410ad15e3eb1bedf21b811c935cf
2020-01-01T18:40:48+00:00 NOTICE action_scheduler.queue_job :: MailChimp_WooCommerce_Single_Order starts in 90 seconds :: obj_id 12000
2020-01-01T18:43:23+00:00 NOTICE order_submit.success :: addStoreOrder :: #12000 :: email: julie.kirchmann@gmail.com :: abandoned cart deleted [d3a5410ad15e3eb1bedf21b811c935cf]
2020-01-01T19:22:59+00:00 NOTICE action_scheduler.queue_job :: MailChimp_WooCommerce_Cart_Update starts in the next minute :: obj_id 5b56f6284ef38c0fe6977d3cfb8e48ac
2020-01-01T19:23:23+00:00 NOTICE abandoned_cart.success :: email: cvthomsen85@gmail.com :: checkout_url: https://newnordichome.dk/kasse/?mc_cart_id=5b56f6284ef38c0fe6977d3cfb8e48ac
2020-01-01T19:23:35+00:00 NOTICE action_scheduler.queue_job :: MailChimp_WooCommerce_Single_Order starts in 90 seconds :: obj_id 12008
2020-01-01T19:26:07+00:00 NOTICE action_scheduler.queue_job :: MailChimp_WooCommerce_Single_Product starts in 5 seconds :: obj_id 12006
2020-01-01T19:26:24+00:00 NOTICE product_submit.success :: addStoreProduct :: #12006
2020-01-01T19:26:26+00:00 NOTICE order_submit.success :: addStoreOrder :: #12008 :: email: cvthomsen85@gmail.com :: abandoned cart deleted [5b56f6284ef38c0fe6977d3cfb8e48ac]
2020-01-01T19:32:49+00:00 NOTICE action_scheduler.queue_job :: MailChimp_WooCommerce_Single_Product starts in 5 seconds :: obj_id 12020
2020-01-01T19:33:22+00:00 NOTICE product_submit.success :: addStoreProduct :: #12020
2020-01-01T19:34:17+00:00 NOTICE action_scheduler.queue_job :: MailChimp_WooCommerce_Single_Product starts in 5 seconds :: obj_id 12024
2020-01-01T19:35:23+00:00 NOTICE product_submit.success :: addStoreProduct :: #12024
2020-01-01T19:35:35+00:00 NOTICE action_scheduler.queue_job :: MailChimp_WooCommerce_Single_Product starts in 5 seconds :: obj_id 12028
2020-01-01T19:36:09+00:00 NOTICE action_scheduler.queue_job :: MailChimp_WooCommerce_Single_Product starts in 5 seconds :: obj_id 12024
2020-01-01T19:36:19+00:00 NOTICE product_submit.success :: addStoreProduct :: #12028
2020-01-01T19:36:20+00:00 NOTICE product_submit.success :: updateStoreProduct :: #12024
2020-01-01T19:36:46+00:00 NOTICE action_scheduler.queue_job :: MailChimp_WooCommerce_Single_Product starts in 5 seconds :: obj_id 12020
2020-01-01T19:37:22+00:00 NOTICE product_submit.success :: updateStoreProduct :: #12020
2020-01-01T19:38:17+00:00 NOTICE action_scheduler.queue_job :: MailChimp_WooCommerce_Single_Product starts in 5 seconds :: obj_id 12036
2020-01-01T19:39:22+00:00 NOTICE product_submit.success :: addStoreProduct :: #12036
2020-01-01T19:56:59+00:00 NOTICE action_scheduler.queue_job :: MailChimp_WooCommerce_Single_Product starts in 5 seconds :: obj_id 638
2020-01-01T19:57:30+00:00 NOTICE product_submit.success :: updateStoreProduct :: #638
2020-01-01T20:00:56+00:00 NOTICE action_scheduler.queue_job :: MailChimp_WooCommerce_Cart_Update starts in the next minute :: obj_id 781d55c4e48285d426cae7391cdd82b5
2020-01-01T20:01:21+00:00 NOTICE abandoned_cart.success :: email: rballi@hotmail.dk :: checkout_url: https://newnordichome.dk/kasse/?mc_cart_id=781d55c4e48285d426cae7391cdd82b5
2020-01-01T20:01:21+00:00 NOTICE action_scheduler.queue_job :: MailChimp_WooCommerce_Single_Order starts in 90 seconds :: obj_id 12043
2020-01-01T20:03:36+00:00 NOTICE order_submit.success :: addStoreOrder :: #12043 :: email: rballi@hotmail.dk :: abandoned cart deleted [781d55c4e48285d426cae7391cdd82b5]
2020-01-01T21:01:46+00:00 NOTICE action_scheduler.queue_job :: MailChimp_WooCommerce_Cart_Update starts in the next minute :: obj_id 781d55c4e48285d426cae7391cdd82b5
2020-01-01T21:02:23+00:00 NOTICE abandoned_cart.success :: email: rballi@hotmail.dk :: checkout_url: https://newnordichome.dk/kasse/?mc_cart_id=781d55c4e48285d426cae7391cdd82b5
