2020-01-08T06:12:44+00:00 NOTICE action_scheduler.queue_job :: MailChimp_WooCommerce_Cart_Update starts in the next minute :: obj_id 312382ebdd740d97f5465156deff726f
2020-01-08T06:13:37+00:00 NOTICE abandoned_cart.success :: email: rikke@sigdal.dk :: checkout_url: https://newnordichome.dk/kasse/?mc_cart_id=312382ebdd740d97f5465156deff726f
2020-01-08T06:18:14+00:00 NOTICE action_scheduler.queue_job :: MailChimp_WooCommerce_Single_Order starts in 90 seconds :: obj_id 12509
2020-01-08T06:20:23+00:00 NOTICE order_submit.success :: addStoreOrder :: #12509 :: email: rikke@sigdal.dk :: abandoned cart deleted [312382ebdd740d97f5465156deff726f]
2020-01-08T06:21:49+00:00 NOTICE action_scheduler.queue_job :: MailChimp_WooCommerce_Single_Product starts in 5 seconds :: obj_id 7536
2020-01-08T06:22:20+00:00 NOTICE product_submit.success :: updateStoreProduct :: #7536
2020-01-08T06:22:42+00:00 NOTICE action_scheduler.queue_job :: MailChimp_WooCommerce_Single_Product starts in 5 seconds :: obj_id 7540
2020-01-08T06:23:19+00:00 NOTICE product_submit.success :: updateStoreProduct :: #7540
2020-01-08T12:52:17+00:00 NOTICE action_scheduler.queue_job :: MailChimp_WooCommerce_Cart_Update starts in the next minute :: obj_id b93fd61459b7a1582822a87f1f546c57
2020-01-08T12:52:20+00:00 NOTICE abandoned_cart.success :: email: dorvib@yahoo.dk :: checkout_url: https://newnordichome.dk/kasse/?mc_cart_id=b93fd61459b7a1582822a87f1f546c57
2020-01-08T12:55:09+00:00 NOTICE action_scheduler.queue_job :: MailChimp_WooCommerce_Single_Order starts in 90 seconds :: obj_id 12521
2020-01-08T12:57:27+00:00 NOTICE order_submit.success :: addStoreOrder :: #12521 :: email: dorvib@yahoo.dk :: abandoned cart deleted [b93fd61459b7a1582822a87f1f546c57]
2020-01-08T14:41:57+00:00 NOTICE action_scheduler.queue_job :: MailChimp_WooCommerce_Cart_Update starts in the next minute :: obj_id 4e8fc3f9f7fe3ef64ae762b6e1c978bf
2020-01-08T14:42:20+00:00 NOTICE abandoned_cart.success :: email: anita.nathalia@ymail.com :: checkout_url: https://newnordichome.dk/kasse/?mc_cart_id=4e8fc3f9f7fe3ef64ae762b6e1c978bf
2020-01-08T14:47:50+00:00 NOTICE action_scheduler.queue_job :: MailChimp_WooCommerce_Single_Order starts in 90 seconds :: obj_id 12529
2020-01-08T14:49:41+00:00 NOTICE order_submit.success :: addStoreOrder :: #12529 :: email: anita.nathalia@ymail.com :: abandoned cart deleted [4e8fc3f9f7fe3ef64ae762b6e1c978bf]
2020-01-08T16:44:53+00:00 NOTICE action_scheduler.queue_job :: MailChimp_WooCommerce_Cart_Update starts in the next minute :: obj_id 4e8fc3f9f7fe3ef64ae762b6e1c978bf
2020-01-08T16:45:29+00:00 NOTICE abandoned_cart.success :: email: anita.nathalia@ymail.com :: checkout_url: https://newnordichome.dk/kasse/?mc_cart_id=4e8fc3f9f7fe3ef64ae762b6e1c978bf
2020-01-08T16:47:10+00:00 NOTICE action_scheduler.queue_job :: MailChimp_WooCommerce_Cart_Update starts in the next minute :: obj_id 4e8fc3f9f7fe3ef64ae762b6e1c978bf
2020-01-08T16:47:58+00:00 NOTICE abandoned_cart.success :: email: anita.nathalia@ymail.com :: checkout_url: https://newnordichome.dk/kasse/?mc_cart_id=4e8fc3f9f7fe3ef64ae762b6e1c978bf
2020-01-08T16:48:17+00:00 NOTICE action_scheduler.queue_job :: MailChimp_WooCommerce_Single_Order starts in 90 seconds :: obj_id 12538
2020-01-08T16:50:21+00:00 NOTICE order_submit.success :: addStoreOrder :: #12538 :: email: anita.nathalia@ymail.com :: abandoned cart deleted [4e8fc3f9f7fe3ef64ae762b6e1c978bf]
2020-01-08T16:59:28+00:00 NOTICE action_scheduler.queue_job :: MailChimp_WooCommerce_Single_Product starts in 5 seconds :: obj_id 1906
2020-01-08T17:00:29+00:00 NOTICE product_submit.success :: updateStoreProduct :: #1906
2020-01-08T17:00:42+00:00 NOTICE action_scheduler.queue_job :: MailChimp_WooCommerce_Single_Product starts in 5 seconds :: obj_id 1895
2020-01-08T17:01:27+00:00 NOTICE product_submit.success :: updateStoreProduct :: #1895
2020-01-08T17:01:38+00:00 NOTICE action_scheduler.queue_job :: MailChimp_WooCommerce_Single_Product starts in 5 seconds :: obj_id 1891
2020-01-08T17:02:43+00:00 NOTICE product_submit.success :: updateStoreProduct :: #1891
2020-01-08T17:28:07+00:00 NOTICE action_scheduler.queue_job :: MailChimp_WooCommerce_Cart_Update starts in the next minute :: obj_id cdf2b91120a4aa3c7b469989652c339d
2020-01-08T17:28:20+00:00 NOTICE abandoned_cart.success :: email: helifreak@outlook.dk :: checkout_url: https://newnordichome.dk/kasse/?mc_cart_id=cdf2b91120a4aa3c7b469989652c339d
2020-01-08T17:28:58+00:00 NOTICE action_scheduler.queue_job :: MailChimp_WooCommerce_Single_Order starts in 90 seconds :: obj_id 12552
2020-01-08T17:31:11+00:00 NOTICE order_submit.success :: addStoreOrder :: #12552 :: email: helifreak@outlook.dk :: abandoned cart deleted [cdf2b91120a4aa3c7b469989652c339d]
2020-01-08T17:33:23+00:00 NOTICE action_scheduler.queue_job :: MailChimp_WooCommerce_Single_Product starts in 5 seconds :: obj_id 1266
2020-01-08T17:34:26+00:00 NOTICE product_submit.success :: updateStoreProduct :: #1266
2020-01-08T17:34:29+00:00 NOTICE action_scheduler.queue_job :: MailChimp_WooCommerce_Single_Product starts in 5 seconds :: obj_id 1266
2020-01-08T17:35:22+00:00 NOTICE product_submit.success :: updateStoreProduct :: #1266
2020-01-08T17:42:56+00:00 NOTICE action_scheduler.queue_job :: MailChimp_WooCommerce_Cart_Update starts in the next minute :: obj_id 9b790e7c98c1b364057569aabb008ca6
2020-01-08T17:43:25+00:00 NOTICE abandoned_cart.success :: email: simonvesterg@gmail.com :: checkout_url: https://newnordichome.dk/kasse/?mc_cart_id=9b790e7c98c1b364057569aabb008ca6
2020-01-08T17:43:25+00:00 NOTICE action_scheduler.queue_job :: MailChimp_WooCommerce_Single_Order starts in 90 seconds :: obj_id 12559
2020-01-08T17:45:29+00:00 NOTICE order_submit.success :: addStoreOrder :: #12559 :: email: simonvesterg@gmail.com :: abandoned cart deleted [9b790e7c98c1b364057569aabb008ca6]
2020-01-08T17:51:03+00:00 NOTICE action_scheduler.queue_job :: MailChimp_WooCommerce_Cart_Update starts in the next minute :: obj_id 12acb1020ee325ea033d0726ff33bcda
2020-01-08T17:51:19+00:00 NOTICE abandoned_cart.success :: email: christinehoppe@hotmail.dk :: checkout_url: https://newnordichome.dk/kasse/?mc_cart_id=12acb1020ee325ea033d0726ff33bcda
2020-01-08T17:51:36+00:00 NOTICE action_scheduler.queue_job :: MailChimp_WooCommerce_Single_Order starts in 90 seconds :: obj_id 12563
2020-01-08T17:53:28+00:00 NOTICE order_submit.success :: addStoreOrder :: #12563 :: email: christinehoppe@hotmail.dk :: abandoned cart deleted [12acb1020ee325ea033d0726ff33bcda]
